This is pdfTeX, Version 3.1415926-2.5-1.40.14 (TeX Live 2013) (format=pdflatex 2013.5.30)  12 MAR 2015 19:04
entering extended mode
 restricted \write18 enabled.
 file:line:error style messages enabled.
 %&-line parsing enabled.
**2013-diversity.tex
(./2013-diversity.tex
LaTeX2e <2011/06/27>
Babel <3.9f> and hyphenation patterns for 78 languages loaded.
(/usr/local/texlive/2013/texmf-dist/tex/latex/base/article.cls
Document Class: article 2007/10/19 v1.4h Standard LaTeX document class
(/usr/local/texlive/2013/texmf-dist/tex/latex/base/size10.clo
File: size10.clo 2007/10/19 v1.4h Standard LaTeX file (size option)
)
\c@part=\count79
\c@section=\count80
\c@subsection=\count81
\c@subsubsection=\count82
\c@paragraph=\count83
\c@subparagraph=\count84
\c@figure=\count85
\c@table=\count86
\abovecaptionskip=\skip41
\belowcaptionskip=\skip42
\bibindent=\dimen102
)
(/usr/local/texlive/2013/texmf-dist/tex/latex/graphics/graphicx.sty
Package: graphicx 1999/02/16 v1.0f Enhanced LaTeX Graphics (DPC,SPQR)

(/usr/local/texlive/2013/texmf-dist/tex/latex/graphics/keyval.sty
Package: keyval 1999/03/16 v1.13 key=value parser (DPC)
\KV@toks@=\toks14
)
(/usr/local/texlive/2013/texmf-dist/tex/latex/graphics/graphics.sty
Package: graphics 2009/02/05 v1.0o Standard LaTeX Graphics (DPC,SPQR)

(/usr/local/texlive/2013/texmf-dist/tex/latex/graphics/trig.sty
Package: trig 1999/03/16 v1.09 sin cos tan (DPC)
)
(/usr/local/texlive/2013/texmf-dist/tex/latex/latexconfig/graphics.cfg
File: graphics.cfg 2010/04/23 v1.9 graphics configuration of TeX Live
)
Package graphics Info: Driver file: pdftex.def on input line 91.

(/usr/local/texlive/2013/texmf-dist/tex/latex/pdftex-def/pdftex.def
File: pdftex.def 2011/05/27 v0.06d Graphics/color for pdfTeX

(/usr/local/texlive/2013/texmf-dist/tex/generic/oberdiek/infwarerr.sty
Package: infwarerr 2010/04/08 v1.3 Providing info/warning/error messages (HO)
)
(/usr/local/texlive/2013/texmf-dist/tex/generic/oberdiek/ltxcmds.sty
Package: ltxcmds 2011/11/09 v1.22 LaTeX kernel commands for general use (HO)
)
\Gread@gobject=\count87
))
\Gin@req@height=\dimen103
\Gin@req@width=\dimen104
)
(./2013-diversity.aux)
\openout1 = `2013-diversity.aux'.

LaTeX Font Info:    Checking defaults for OML/cmm/m/it on input line 6.
LaTeX Font Info:    ... okay on input line 6.
LaTeX Font Info:    Checking defaults for T1/cmr/m/n on input line 6.
LaTeX Font Info:    ... okay on input line 6.
LaTeX Font Info:    Checking defaults for OT1/cmr/m/n on input line 6.
LaTeX Font Info:    ... okay on input line 6.
LaTeX Font Info:    Checking defaults for OMS/cmsy/m/n on input line 6.
LaTeX Font Info:    ... okay on input line 6.
LaTeX Font Info:    Checking defaults for OMX/cmex/m/n on input line 6.
LaTeX Font Info:    ... okay on input line 6.
LaTeX Font Info:    Checking defaults for U/cmr/m/n on input line 6.
LaTeX Font Info:    ... okay on input line 6.

(/usr/local/texlive/2013/texmf-dist/tex/context/base/supp-pdf.mkii
[Loading MPS to PDF converter (version 2006.09.02).]
\scratchcounter=\count88
\scratchdimen=\dimen105
\scratchbox=\box26
\nofMPsegments=\count89
\nofMParguments=\count90
\everyMPshowfont=\toks15
\MPscratchCnt=\count91
\MPscratchDim=\dimen106
\MPnumerator=\count92
\makeMPintoPDFobject=\count93
\everyMPtoPDFconversion=\toks16
) (/usr/local/texlive/2013/texmf-dist/tex/generic/oberdiek/pdftexcmds.sty
Package: pdftexcmds 2011/11/29 v0.20 Utility functions of pdfTeX for LuaTeX (HO
)

(/usr/local/texlive/2013/texmf-dist/tex/generic/oberdiek/ifluatex.sty
Package: ifluatex 2010/03/01 v1.3 Provides the ifluatex switch (HO)
Package ifluatex Info: LuaTeX not detected.
)
(/usr/local/texlive/2013/texmf-dist/tex/generic/oberdiek/ifpdf.sty
Package: ifpdf 2011/01/30 v2.3 Provides the ifpdf switch (HO)
Package ifpdf Info: pdfTeX in PDF mode is detected.
)
Package pdftexcmds Info: LuaTeX not detected.
Package pdftexcmds Info: \pdf@primitive is available.
Package pdftexcmds Info: \pdf@ifprimitive is available.
Package pdftexcmds Info: \pdfdraftmode found.
)
(/usr/local/texlive/2013/texmf-dist/tex/latex/oberdiek/epstopdf-base.sty
Package: epstopdf-base 2010/02/09 v2.5 Base part for package epstopdf

(/usr/local/texlive/2013/texmf-dist/tex/latex/oberdiek/grfext.sty
Package: grfext 2010/08/19 v1.1 Manage graphics extensions (HO)

(/usr/local/texlive/2013/texmf-dist/tex/generic/oberdiek/kvdefinekeys.sty
Package: kvdefinekeys 2011/04/07 v1.3 Define keys (HO)
))
(/usr/local/texlive/2013/texmf-dist/tex/latex/oberdiek/kvoptions.sty
Package: kvoptions 2011/06/30 v3.11 Key value format for package options (HO)

(/usr/local/texlive/2013/texmf-dist/tex/generic/oberdiek/kvsetkeys.sty
Package: kvsetkeys 2012/04/25 v1.16 Key value parser (HO)

(/usr/local/texlive/2013/texmf-dist/tex/generic/oberdiek/etexcmds.sty
Package: etexcmds 2011/02/16 v1.5 Avoid name clashes with e-TeX commands (HO)
Package etexcmds Info: Could not find \expanded.
(etexcmds)             That can mean that you are not using pdfTeX 1.50 or
(etexcmds)             that some package has redefined \expanded.
(etexcmds)             In the latter case, load this package earlier.
)))
Package grfext Info: Graphics extension search list:
(grfext)             [.png,.pdf,.jpg,.mps,.jpeg,.jbig2,.jb2,.PNG,.PDF,.JPG,.JPE
G,.JBIG2,.JB2,.eps]
(grfext)             \AppendGraphicsExtensions on input line 452.

(/usr/local/texlive/2013/texmf-dist/tex/latex/latexconfig/epstopdf-sys.cfg
File: epstopdf-sys.cfg 2010/07/13 v1.3 Configuration of (r)epstopdf for TeX Liv
e
))
LaTeX Font Info:    External font `cmex10' loaded for size
(Font)              <12> on input line 11.
LaTeX Font Info:    External font `cmex10' loaded for size
(Font)              <8> on input line 11.
LaTeX Font Info:    External font `cmex10' loaded for size
(Font)              <6> on input line 11.

(./2013-diversity.toc)
\tf@toc=\write3
\openout3 = `2013-diversity.toc'.

 [1

{/usr/local/texlive/2013/texmf-var/fonts/map/pdftex/updmap/pdftex.map}]
Missing character: There is no ‚ in font cmr10!
Missing character: There is no Ä in font cmr10!
Missing character: There is no ú in font cmr10!
Missing character: There is no ‚ in font cmr10!
Missing character: There is no Ä in font cmr10!
Missing character: There is no ù in font cmr10!


LaTeX Warning: Reference `fig:reads_to_IGS' on page 2 undefined on input line 1
24.

[2]

LaTeX Warning: Reference `table:IGSs' on page 3 undefined on input line 136.

<./figures/from_reads_to_IGS.png, id=15, 685.56125pt x 797.98125pt>
File: ./figures/from_reads_to_IGS.png Graphic file (type png)

<use ./figures/from_reads_to_IGS.png>
Package pdftex.def Info: ./figures/from_reads_to_IGS.png used on input line 140
.
(pdftex.def)             Requested size: 289.07999pt x 336.48921pt.
LaTeX Font Info:    External font `cmex10' loaded for size
(Font)              <7> on input line 150.
LaTeX Font Info:    External font `cmex10' loaded for size
(Font)              <5> on input line 150.

<./figures/IGSs_figure.jpg, id=17, 953.5625pt x 563.10374pt>
File: ./figures/IGSs_figure.jpg Graphic file (type jpg)

<use ./figures/IGSs_figure.jpg>
Package pdftex.def Info: ./figures/IGSs_figure.jpg used on input line 165.
(pdftex.def)             Requested size: 289.07999pt x 170.71101pt.

<./figures/GOS_cluster.png, id=18, 779.91376pt x 570.13pt>
File: ./figures/GOS_cluster.png Graphic file (type png)

<use ./figures/GOS_cluster.png>
Package pdftex.def Info: ./figures/GOS_cluster.png used on input line 198.
(pdftex.def)             Requested size: 289.07999pt x 211.31888pt.
 [3]
<./figures/GOS_observed.png, id=22, 850.17625pt x 473.77pt>
File: ./figures/GOS_observed.png Graphic file (type png)

<use ./figures/GOS_observed.png>
Package pdftex.def Info: ./figures/GOS_observed.png used on input line 204.
(pdftex.def)             Requested size: 289.07999pt x 161.09412pt.

<./figures/GOS_chao.png, id=23, 1146.2825pt x 580.1675pt>
File: ./figures/GOS_chao.png Graphic file (type png)

<use ./figures/GOS_chao.png>
Package pdftex.def Info: ./figures/GOS_chao.png used on input line 210.
(pdftex.def)             Requested size: 289.07999pt x 146.30743pt.

<./figures/HMP_alpha.png, id=24, 577.15625pt x 352.31625pt>
File: ./figures/HMP_alpha.png Graphic file (type png)

<use ./figures/HMP_alpha.png>
Package pdftex.def Info: ./figures/HMP_alpha.png used on input line 225.
(pdftex.def)             Requested size: 289.07999pt x 176.46948pt.

<./figures/HMP_beta.png, id=25, 523.9575pt x 372.39125pt>
File: ./figures/HMP_beta.png Graphic file (type png)

<use ./figures/HMP_beta.png>
Package pdftex.def Info: ./figures/HMP_beta.png used on input line 231.
(pdftex.def)             Requested size: 289.07999pt x 205.4636pt.

<./figures/GPGC_1m_old.png, id=26, 953.5625pt x 824.07875pt>
File: ./figures/GPGC_1m_old.png Graphic file (type png)

<use ./figures/GPGC_1m_old.png>
Package pdftex.def Info: ./figures/GPGC_1m_old.png used on input line 250.
(pdftex.def)             Requested size: 289.07999pt x 249.82843pt.

<./figures/GPGC_old_subset1M.png, id=27, 477.785pt x 437.635pt>
File: ./figures/GPGC_old_subset1M.png Graphic file (type png)

<use ./figures/GPGC_old_subset1M.png>
Package pdftex.def Info: ./figures/GPGC_old_subset1M.png used on input line 258
.
(pdftex.def)             Requested size: 289.07999pt x 264.78668pt.
 [4 <./figures/from_reads_to_IGS.png>]
[5 <./figures/IGSs_figure.jpg> <./figures/GOS_cluster.png>] [6 <./figures/GOS_o
bserved.png> <./figures/GOS_chao.png>] [7 <./figures/HMP_alpha.png> <./figures/
HMP_beta.png>]

LaTeX Warning: Reference `table:ecoli' on page 8 undefined on input line 315.


LaTeX Warning: `h' float specifier changed to `ht'.


Overfull \hbox (26.46182pt too wide) in paragraph at lines 337--349
[][] 
 []


LaTeX Warning: `h' float specifier changed to `ht'.

[8 <./figures/GPGC_1m_old.png>] [9 <./figures/GPGC_old_subset1M.png>] [10]
[11] [12] (./2013-diversity.aux)

LaTeX Warning: There were undefined references.


LaTeX Warning: Label(s) may have changed. Rerun to get cross-references right.

 ) 
Here is how much of TeX's memory you used:
 1550 strings out of 493315
 22887 string characters out of 6137904
 85145 words of memory out of 5000000
 4996 multiletter control sequences out of 15000+600000
 8502 words of font info for 30 fonts, out of 8000000 for 9000
 957 hyphenation exceptions out of 8191
 37i,8n,23p,1134b,221s stack positions out of 5000i,500n,10000p,200000b,80000s
</usr/local/texlive/2013/texmf-dist/fonts/type1/public/amsfonts/cm/cmbx10.pfb
></usr/local/texlive/2013/texmf-dist/fonts/type1/public/amsfonts/cm/cmbx12.pfb>
</usr/local/texlive/2013/texmf-dist/fonts/type1/public/amsfonts/cm/cmbx9.pfb></
usr/local/texlive/2013/texmf-dist/fonts/type1/public/amsfonts/cm/cmr10.pfb></us
r/local/texlive/2013/texmf-dist/fonts/type1/public/amsfonts/cm/cmr12.pfb></usr/
local/texlive/2013/texmf-dist/fonts/type1/public/amsfonts/cm/cmr17.pfb>
Output written on 2013-diversity.pdf (12 pages, 829060 bytes).
PDF statistics:
 85 PDF objects out of 1000 (max. 8388607)
 47 compressed objects within 1 object stream
 0 named destinations out of 1000 (max. 500000)
 46 words of extra memory for PDF output out of 10000 (max. 10000000)

