0-0 0 0 0
0-1 0 192860 192860
0-2 0 45073 45073
0-3 0 69744 69744
0-4 0 103129 103129
0-5 0 201887 201887
0-6 0 205416 205416
0-7 0 142812 142812
0-8 0 45626 45626
0-9 0 6852 6852
0-10 0 521 521
1-0 194003 0 194003
1-1 785 405 1190
1-2 6 14 20
1-3 0 0 0
1-4 0 0 0
1-5 0 0 0
1-6 0 0 0
1-7 0 0 0
1-8 0 0 0
1-9 0 0 0
1-10 0 0 0
2-0 52154 0 52154
2-1 90 9 99
2-2 0 1 1
2-3 0 0 0
2-4 0 0 0
2-5 0 0 0
2-6 0 0 0
2-7 0 0 0
2-8 0 0 0
2-9 0 0 0
2-10 0 0 0
3-0 84088 0 84088
3-1 14 5 19
3-2 16 7 23
3-3 5 8 13
3-4 5 4 9
3-5 3 10 13
3-6 0 1 1
3-7 0 0 0
3-8 0 0 0
3-9 0 0 0
3-10 0 0 0
4-0 121078 0 121078
4-1 165 31 196
4-2 192 113 305
4-3 166 149 315
4-4 82 129 211
4-5 37 78 115
4-6 3 6 9
4-7 0 0 0
4-8 0 0 0
4-9 0 0 0
4-10 0 0 0
5-0 204717 0 204717
5-1 3027 474 3501
5-2 4389 1628 6017
5-3 4055 2443 6498
5-4 2811 2418 5229
5-5 1384 2016 3400
5-6 183 412 595
5-7 4 14 18
5-8 0 0 0
5-9 0 0 0
5-10 0 0 0
6-0 164398 0 164398
6-1 6035 665 6700
6-2 10775 3003 13778
6-3 12214 6270 18484
6-4 9453 7664 17117
6-5 6651 8054 14705
6-6 1237 2186 3423
6-7 64 113 177
6-8 0 0 0
6-9 0 0 0
6-10 0 0 0
7-0 101846 0 101846
7-1 4072 331 4403
7-2 8687 2005 10692
7-3 10572 4460 15032
7-4 9170 6049 15219
7-5 7044 6919 13963
7-6 1416 1995 3411
7-7 79 125 204
7-8 0 0 0
7-9 0 0 0
7-10 0 0 0
8-0 34137 0 34137
8-1 1069 69 1138
8-2 2422 434 2856
8-3 3110 1063 4173
8-4 2620 1473 4093
8-5 2131 1725 3856
8-6 498 540 1038
8-7 20 23 43
8-8 4 5 9
8-9 0 0 0
8-10 0 0 0
9-0 5134 0 5134
9-1 133 4 137
9-2 304 38 342
9-3 412 113 525
9-4 320 156 476
9-5 261 172 433
9-6 54 52 106
9-7 0 0 0
9-8 0 0 0
9-9 0 0 0
9-10 0 0 0
10-0 417 0 417
10-1 14 1 15
10-2 25 2 27
10-3 19 5 24
10-4 26 12 38
10-5 15 9 24
10-6 2 2 4
10-7 0 0 0
10-8 0 0 0
10-9 0 0 0
10-10 0 0 0
