0-0 0 0 0
0-1 0 171662 171662
0-2 0 39737 39737
0-3 0 30301 30301
0-4 0 34471 34471
0-5 0 29427 29427
0-6 0 17950 17950
0-7 0 8546 8546
0-8 0 3625 3625
0-9 0 1381 1381
0-10 0 521 521
0-11 0 230 230
0-12 0 80 80
0-13 0 31 31
0-14 0 19 19
0-15 0 41 41
0-16 0 50 50
0-17 0 72 72
0-18 0 155 155
0-19 0 237 237
0-20 0 427 427
0-21 0 640 640
0-22 0 789 789
0-23 0 1150 1150
0-24 0 1340 1340
0-25 0 1579 1579
0-26 0 1961 1961
0-27 0 2212 2212
0-28 0 2671 2671
0-29 0 2762 2762
0-30 0 3039 3039
0-31 0 3052 3052
0-32 0 3009 3009
0-33 0 2956 2956
0-34 0 2864 2864
0-35 0 2578 2578
0-36 0 2211 2211
0-37 0 1755 1755
0-38 0 1541 1541
0-39 0 1207 1207
0-40 0 945 945
0-41 0 776 776
0-42 0 698 698
0-43 0 408 408
0-44 0 265 265
0-45 0 204 204
0-46 0 190 190
0-47 0 95 95
0-48 0 77 77
0-49 0 42 42
0-50 0 54 54
0-51 0 1 1
0-52 0 2 2
0-53 0 9 9
0-54 0 26 26
0-55 0 0 0
0-56 0 1 1
0-57 0 0 0
1-0 168320 0 168320
1-1 4315 4074 8389
1-2 489 1375 1864
1-3 496 1675 2171
1-4 581 2910 3491
1-5 558 4098 4656
1-6 522 4604 5126
1-7 397 4122 4519
1-8 260 3411 3671
1-9 151 2351 2502
1-10 70 1402 1472
1-11 33 786 819
1-12 14 409 423
1-13 6 186 192
1-14 0 78 78
1-15 4 99 103
1-16 9 109 118
1-17 17 229 246
1-18 26 454 480
1-19 48 819 867
1-20 69 1358 1427
1-21 112 2140 2252
1-22 126 3087 3213
1-23 161 4194 4355
1-24 201 5602 5803
1-25 263 6722 6985
1-26 313 8515 8828
1-27 315 10053 10368
1-28 303 11190 11493
1-29 370 12424 12794
1-30 320 12928 13248
1-31 339 13698 14037
1-32 295 13422 13717
1-33 294 13344 13638
1-34 212 12320 12532
1-35 231 11295 11526
1-36 182 10070 10252
1-37 168 8923 9091
1-38 133 7653 7786
1-39 99 6287 6386
1-40 78 5282 5360
1-41 61 3919 3980
1-42 46 2934 2980
1-43 23 2150 2173
1-44 19 1276 1295
1-45 14 1024 1038
1-46 16 902 918
1-47 6 555 561
1-48 2 395 397
1-49 3 185 188
1-50 2 120 122
1-51 0 100 100
1-52 1 28 29
1-53 1 27 28
1-54 0 3 3
1-55 0 3 3
1-56 0 2 2
1-57 0 0 0
2-0 25996 0 25996
2-1 952 391 1343
2-2 1488 1454 2942
2-3 2190 3418 5608
2-4 2675 6035 8710
2-5 2753 8104 10857
2-6 2348 8925 11273
2-7 1848 8583 10431
2-8 1275 7134 8409
2-9 782 5154 5936
2-10 415 3152 3567
2-11 210 1752 1962
2-12 76 909 985
2-13 34 400 434
2-14 19 167 186
2-15 10 150 160
2-16 25 177 202
2-17 50 348 398
2-18 106 688 794
2-19 176 1238 1414
2-20 225 2100 2325
2-21 368 3326 3694
2-22 487 4862 5349
2-23 605 6692 7297
2-24 807 9348 10155
2-25 942 12331 13273
2-26 1087 15263 16350
2-27 1278 18354 19632
2-28 1419 21005 22424
2-29 1388 23311 24699
2-30 1519 25164 26683
2-31 1517 26785 28302
2-32 1529 27481 29010
2-33 1379 26828 28207
2-34 1228 26067 27295
2-35 1140 23845 24985
2-36 985 21812 22797
2-37 795 18797 19592
2-38 668 16541 17209
2-39 495 13199 13694
2-40 400 11038 11438
2-41 292 8676 8968
2-42 193 6467 6660
2-43 148 5018 5166
2-44 111 3337 3448
2-45 78 2433 2511
2-46 49 1773 1822
2-47 35 1105 1140
2-48 28 948 976
2-49 20 554 574
2-50 11 346 357
2-51 7 201 208
2-52 4 105 109
2-53 0 32 32
2-54 0 34 34
2-55 1 28 29
2-56 0 23 23
2-57 0 0 0
3-0 1886 0 1886
3-1 1673 499 2172
3-2 3551 2157 5708
3-3 5120 4975 10095
3-4 6083 8199 14282
3-5 5860 10431 16291
3-6 5038 11358 16396
3-7 4173 10799 14972
3-8 2816 8735 11551
3-9 1721 6322 8043
3-10 850 3821 4671
3-11 494 2357 2851
3-12 224 1209 1433
3-13 102 583 685
3-14 43 275 318
3-15 39 163 202
3-16 34 217 251
3-17 80 323 403
3-18 166 781 947
3-19 276 1303 1579
3-20 405 2181 2586
3-21 565 3405 3970
3-22 842 5196 6038
3-23 1125 7398 8523
3-24 1379 10147 11526
3-25 1770 13388 15158
3-26 2223 17333 19556
3-27 2399 20876 23275
3-28 2705 24166 26871
3-29 2815 26741 29556
3-30 2913 29475 32388
3-31 3077 31342 34419
3-32 2899 31414 34313
3-33 2732 31686 34418
3-34 2499 30379 32878
3-35 2228 29131 31359
3-36 2093 26854 28947
3-37 1767 23303 25070
3-38 1480 20881 22361
3-39 1107 16924 18031
3-40 901 13932 14833
3-41 683 11357 12040
3-42 551 8837 9388
3-43 370 6011 6381
3-44 235 4354 4589
3-45 181 3175 3356
3-46 124 2084 2208
3-47 82 1639 1721
3-48 61 1089 1150
3-49 26 547 573
3-50 23 564 587
3-51 12 301 313
3-52 8 141 149
3-53 4 96 100
3-54 1 38 39
3-55 0 5 5
3-56 0 10 10
3-57 0 0 0
4-0 813 0 813
4-1 2738 567 3305
4-2 5894 2679 8573
4-3 8047 5875 13922
4-4 8610 8476 17086
4-5 7967 10107 18074
4-6 6720 10238 16958
4-7 5064 9440 14504
4-8 3549 7592 11141
4-9 2119 5591 7710
4-10 1140 3263 4403
4-11 634 2013 2647
4-12 276 1078 1354
4-13 116 503 619
4-14 75 256 331
4-15 47 103 150
4-16 47 125 172
4-17 68 254 322
4-18 132 453 585
4-19 261 813 1074
4-20 383 1468 1851
4-21 595 2401 2996
4-22 943 3834 4777
4-23 1295 5595 6890
4-24 1619 7887 9506
4-25 2026 10358 12384
4-26 2387 13288 15675
4-27 2767 16595 19362
4-28 3166 19660 22826
4-29 3461 22113 25574
4-30 3623 24081 27704
4-31 3566 25710 29276
4-32 3435 25914 29349
4-33 3420 25581 29001
4-34 3210 25461 28671
4-35 2731 23347 26078
4-36 2483 22118 24601
4-37 2118 19618 21736
4-38 1765 16728 18493
4-39 1397 14549 15946
4-40 1186 12054 13240
4-41 812 8755 9567
4-42 638 7197 7835
4-43 469 5342 5811
4-44 319 3913 4232
4-45 234 3093 3327
4-46 155 1966 2121
4-47 82 1133 1215
4-48 78 1040 1118
4-49 39 575 614
4-50 38 453 491
4-51 27 364 391
4-52 9 105 114
4-53 3 65 68
4-54 1 28 29
4-55 0 8 8
4-56 1 14 15
4-57 0 2 2
5-0 905 0 905
5-1 3954 612 4566
5-2 8152 2714 10866
5-3 10344 5864 16208
5-4 10062 8162 18224
5-5 8556 8528 17084
5-6 6691 7806 14497
5-7 4706 6471 11177
5-8 3122 4962 8084
5-9 1945 3479 5424
5-10 1129 2366 3495
5-11 563 1346 1909
5-12 248 642 890
5-13 102 293 395
5-14 42 115 157
5-15 24 54 78
5-16 40 69 109
5-17 41 84 125
5-18 92 242 334
5-19 179 463 642
5-20 290 795 1085
5-21 421 1275 1696
5-22 640 2116 2756
5-23 945 3171 4116
5-24 1234 4372 5606
5-25 1524 6069 7593
5-26 1945 7727 9672
5-27 2272 9747 12019
5-28 2574 11634 14208
5-29 2705 12986 15691
5-30 2846 14124 16970
5-31 2797 15031 17828
5-32 3037 15796 18833
5-33 2550 14909 17459
5-34 2482 14788 17270
5-35 2268 13806 16074
5-36 2170 13395 15565
5-37 1723 11906 13629
5-38 1438 10221 11659
5-39 1226 8804 10030
5-40 1007 7225 8232
5-41 737 5581 6318
5-42 586 4459 5045
5-43 423 3224 3647
5-44 321 2586 2907
5-45 207 1866 2073
5-46 149 1200 1349
5-47 74 688 762
5-48 55 527 582
5-49 35 310 345
5-50 23 239 262
5-51 6 74 80
5-52 1 8 9
5-53 9 102 111
5-54 0 10 10
5-55 0 7 7
5-56 2 3 5
5-57 0 8 8
6-0 950 0 950
6-1 4698 569 5267
6-2 9002 2410 11412
6-3 11638 5151 16789
6-4 10547 6950 17497
6-5 7427 6352 13779
6-6 5018 5028 10046
6-7 3290 3652 6942
6-8 1937 2417 4354
6-9 1139 1746 2885
6-10 642 1037 1679
6-11 373 695 1068
6-12 152 331 483
6-13 70 170 240
6-14 31 66 97
6-15 13 39 52
6-16 19 42 61
6-17 24 58 82
6-18 54 96 150
6-19 83 168 251
6-20 163 309 472
6-21 239 534 773
6-22 407 916 1323
6-23 539 1455 1994
6-24 710 1938 2648
6-25 887 2662 3549
6-26 1110 3540 4650
6-27 1344 4533 5877
6-28 1556 5567 7123
6-29 1683 6162 7845
6-30 1747 6755 8502
6-31 1715 7181 8896
6-32 1732 7221 8953
6-33 1621 7198 8819
6-34 1537 7207 8744
6-35 1425 6594 8019
6-36 1202 6253 7455
6-37 1149 5854 7003
6-38 931 4933 5864
6-39 674 3926 4600
6-40 582 3271 3853
6-41 424 2430 2854
6-42 312 1887 2199
6-43 223 1530 1753
6-44 180 1196 1376
6-45 125 805 930
6-46 85 677 762
6-47 46 353 399
6-48 49 293 342
6-49 25 179 204
6-50 5 70 75
6-51 1 16 17
6-52 2 5 7
6-53 2 9 11
6-54 0 3 3
6-55 0 0 0
6-56 0 0 0
6-57 0 0 0
7-0 854 0 854
7-1 4253 380 4633
7-2 8754 1907 10661
7-3 10789 4052 14841
7-4 9210 5152 14362
7-5 6433 4531 10964
7-6 3664 3131 6795
7-7 2176 2117 4293
7-8 1103 1231 2334
7-9 629 775 1404
7-10 326 437 763
7-11 164 268 432
7-12 101 149 250
7-13 37 64 101
7-14 15 39 54
7-15 11 19 30
7-16 6 17 23
7-17 12 16 28
7-18 36 42 78
7-19 45 72 117
7-20 66 123 189
7-21 109 236 345
7-22 167 358 525
7-23 241 532 773
7-24 314 729 1043
7-25 421 994 1415
7-26 498 1329 1827
7-27 637 1650 2287
7-28 648 1925 2573
7-29 727 2208 2935
7-30 865 2685 3550
7-31 808 2789 3597
7-32 761 2789 3550
7-33 709 2592 3301
7-34 683 2489 3172
7-35 677 2485 3162
7-36 618 2377 2995
7-37 558 2228 2786
7-38 435 2114 2549
7-39 351 1567 1918
7-40 270 1232 1502
7-41 188 988 1176
7-42 131 711 842
7-43 113 570 683
7-44 65 387 452
7-45 48 287 335
7-46 50 220 270
7-47 15 85 100
7-48 10 49 59
7-49 11 61 72
7-50 3 32 35
7-51 1 14 15
7-52 0 5 5
7-53 0 0 0
7-54 0 0 0
7-55 0 0 0
7-56 0 0 0
7-57 0 0 0
8-0 703 0 703
8-1 3321 227 3548
8-2 6972 1276 8248
8-3 9103 2841 11944
8-4 7547 3573 11120
8-5 4749 3008 7757
8-6 2450 2006 4456
8-7 1360 1247 2607
8-8 499 513 1012
8-9 335 336 671
8-10 191 199 390
8-11 82 96 178
8-12 27 35 62
8-13 10 21 31
8-14 12 14 26
8-15 1 0 1
8-16 0 1 1
8-17 2 4 6
8-18 11 17 28
8-19 23 29 52
8-20 41 61 102
8-21 47 63 110
8-22 66 102 168
8-23 90 195 285
8-24 132 254 386
8-25 198 409 607
8-26 193 452 645
8-27 251 529 780
8-28 268 631 899
8-29 323 765 1088
8-30 336 867 1203
8-31 336 885 1221
8-32 350 1008 1358
8-33 302 1007 1309
8-34 301 884 1185
8-35 251 847 1098
8-36 199 749 948
8-37 199 696 895
8-38 183 723 906
8-39 116 443 559
8-40 115 471 586
8-41 99 373 472
8-42 85 370 455
8-43 55 255 310
8-44 31 136 167
8-45 38 181 219
8-46 12 112 124
8-47 14 72 86
8-48 9 35 44
8-49 1 9 10
8-50 5 7 12
8-51 1 9 10
8-52 0 0 0
8-53 0 0 0
8-54 0 0 0
8-55 0 0 0
8-56 0 0 0
8-57 0 0 0
9-0 467 0 467
9-1 2463 150 2613
9-2 5113 780 5893
9-3 6565 1747 8312
9-4 5472 2188 7660
9-5 3349 1802 5151
9-6 1605 1060 2665
9-7 729 612 1341
9-8 367 369 736
9-9 144 129 273
9-10 63 61 124
9-11 20 18 38
9-12 11 19 30
9-13 5 9 14
9-14 11 23 34
9-15 0 0 0
9-16 1 0 1
9-17 2 0 2
9-18 1 3 4
9-19 8 5 13
9-20 9 22 31
9-21 21 32 53
9-22 14 23 37
9-23 33 60 93
9-24 29 57 86
9-25 51 75 126
9-26 43 87 130
9-27 47 106 153
9-28 86 192 278
9-29 70 172 242
9-30 83 204 287
9-31 98 217 315
9-32 113 316 429
9-33 97 251 348
9-34 129 312 441
9-35 84 272 356
9-36 70 203 273
9-37 60 194 254
9-38 58 175 233
9-39 51 143 194
9-40 21 79 100
9-41 37 81 118
9-42 34 103 137
9-43 14 51 65
9-44 17 62 79
9-45 9 33 42
9-46 0 3 3
9-47 6 21 27
9-48 7 25 32
9-49 6 34 40
9-50 1 7 8
9-51 0 0 0
9-52 0 0 0
9-53 0 0 0
9-54 0 0 0
9-55 0 0 0
9-56 0 0 0
9-57 0 0 0
10-0 284 0 284
10-1 1510 73 1583
10-2 3133 430 3563
10-3 4100 959 5059
10-4 3410 1223 4633
10-5 1973 982 2955
10-6 947 584 1531
10-7 454 336 790
10-8 197 160 357
10-9 54 47 101
10-10 32 32 64
10-11 8 8 16
10-12 4 1 5
10-13 6 4 10
10-14 3 11 14
10-15 0 0 0
10-16 0 0 0
10-17 0 0 0
10-18 0 0 0
10-19 0 1 1
10-20 0 0 0
10-21 3 0 3
10-22 11 10 21
10-23 7 15 22
10-24 10 14 24
10-25 17 21 38
10-26 13 17 30
10-27 23 39 62
10-28 30 51 81
10-29 26 62 88
10-30 32 69 101
10-31 24 77 101
10-32 47 121 168
10-33 34 83 117
10-34 27 66 93
10-35 20 70 90
10-36 26 77 103
10-37 31 80 111
10-38 15 58 73
10-39 12 49 61
10-40 14 32 46
10-41 16 58 74
10-42 2 22 24
10-43 4 17 21
10-44 1 2 3
10-45 0 0 0
10-46 0 0 0
10-47 0 0 0
10-48 0 0 0
10-49 0 0 0
10-50 0 0 0
10-51 0 0 0
10-52 0 0 0
10-53 0 0 0
10-54 0 0 0
10-55 0 0 0
10-56 0 0 0
10-57 0 0 0
11-0 150 0 150
11-1 824 38 862
11-2 1758 200 1958
11-3 2266 490 2756
11-4 1934 571 2505
11-5 1215 520 1735
11-6 541 323 864
11-7 258 168 426
11-8 70 64 134
11-9 20 22 42
11-10 2 1 3
11-11 1 3 4
11-12 0 0 0
11-13 0 0 0
11-14 0 0 0
11-15 0 0 0
11-16 0 0 0
11-17 0 0 0
11-18 0 0 0
11-19 1 1 2
11-20 0 0 0
11-21 4 1 5
11-22 3 4 7
11-23 2 4 6
11-24 5 7 12
11-25 11 9 20
11-26 7 15 22
11-27 9 8 17
11-28 3 6 9
11-29 4 18 22
11-30 9 18 27
11-31 5 10 15
11-32 12 27 39
11-33 13 19 32
11-34 6 12 18
11-35 9 15 24
11-36 12 18 30
11-37 11 20 31
11-38 8 18 26
11-39 7 13 20
11-40 0 7 7
11-41 1 3 4
11-42 4 10 14
11-43 0 1 1
11-44 0 0 0
11-45 0 0 0
11-46 0 0 0
11-47 0 0 0
11-48 0 0 0
11-49 0 0 0
11-50 0 0 0
11-51 0 0 0
11-52 0 0 0
11-53 0 0 0
11-54 0 0 0
11-55 0 0 0
11-56 0 0 0
11-57 0 0 0
12-0 70 0 70
12-1 425 20 445
12-2 1023 93 1116
12-3 1126 229 1355
12-4 1010 255 1265
12-5 515 216 731
12-6 330 164 494
12-7 86 57 143
12-8 33 20 53
12-9 19 13 32
12-10 8 9 17
12-11 6 4 10
12-12 0 0 0
12-13 0 0 0
12-14 0 0 0
12-15 0 0 0
12-16 0 0 0
12-17 0 0 0
12-18 0 0 0
12-19 0 0 0
12-20 0 0 0
12-21 0 0 0
12-22 0 0 0
12-23 0 0 0
12-24 0 0 0
12-25 0 0 0
12-26 0 0 0
12-27 0 0 0
12-28 0 0 0
12-29 0 0 0
12-30 0 0 0
12-31 0 0 0
12-32 0 0 0
12-33 4 12 16
12-34 2 1 3
12-35 2 3 5
12-36 0 3 3
12-37 0 5 5
12-38 0 0 0
12-39 0 0 0
12-40 0 0 0
12-41 0 0 0
12-42 0 0 0
12-43 0 0 0
12-44 0 0 0
12-45 0 0 0
12-46 0 0 0
12-47 0 0 0
12-48 0 0 0
12-49 0 0 0
12-50 0 0 0
12-51 0 0 0
12-52 0 0 0
12-53 0 0 0
12-54 0 0 0
12-55 0 0 0
12-56 0 0 0
12-57 0 0 0
13-0 37 0 37
13-1 169 4 173
13-2 468 36 504
13-3 614 109 723
13-4 395 117 512
13-5 237 86 323
13-6 144 61 205
13-7 67 42 109
13-8 13 6 19
13-9 0 1 1
13-10 0 0 0
13-11 0 0 0
13-12 0 0 0
13-13 0 0 0
13-14 0 0 0
13-15 0 0 0
13-16 0 0 0
13-17 0 0 0
13-18 0 0 0
13-19 0 0 0
13-20 0 0 0
13-21 0 0 0
13-22 0 0 0
13-23 0 0 0
13-24 0 0 0
13-25 0 0 0
13-26 0 0 0
13-27 0 0 0
13-28 0 0 0
13-29 0 0 0
13-30 0 0 0
13-31 0 0 0
13-32 0 0 0
13-33 0 0 0
13-34 0 0 0
13-35 0 0 0
13-36 0 0 0
13-37 0 0 0
13-38 0 0 0
13-39 0 0 0
13-40 0 0 0
13-41 0 0 0
13-42 0 0 0
13-43 0 0 0
13-44 0 0 0
13-45 0 0 0
13-46 0 0 0
13-47 0 0 0
13-48 0 0 0
13-49 0 0 0
13-50 0 0 0
13-51 0 0 0
13-52 0 0 0
13-53 0 0 0
13-54 0 0 0
13-55 0 0 0
13-56 0 0 0
13-57 0 0 0
14-0 40 0 40
14-1 123 4 127
14-2 282 20 302
14-3 273 52 325
14-4 223 45 268
14-5 126 40 166
14-6 120 39 159
14-7 29 22 51
14-8 15 10 25
14-9 0 0 0
14-10 0 0 0
14-11 0 0 0
14-12 0 0 0
14-13 0 0 0
14-14 0 0 0
14-15 0 0 0
14-16 0 0 0
14-17 0 0 0
14-18 0 0 0
14-19 0 0 0
14-20 0 0 0
14-21 0 0 0
14-22 0 0 0
14-23 0 0 0
14-24 0 0 0
14-25 0 0 0
14-26 0 0 0
14-27 0 0 0
14-28 0 0 0
14-29 0 0 0
14-30 0 0 0
14-31 0 0 0
14-32 0 0 0
14-33 0 0 0
14-34 0 0 0
14-35 0 0 0
14-36 0 0 0
14-37 0 0 0
14-38 0 0 0
14-39 0 0 0
14-40 0 0 0
14-41 0 0 0
14-42 0 0 0
14-43 0 0 0
14-44 0 0 0
14-45 0 0 0
14-46 0 0 0
14-47 0 0 0
14-48 0 0 0
14-49 0 0 0
14-50 0 0 0
14-51 0 0 0
14-52 0 0 0
14-53 0 0 0
14-54 0 0 0
14-55 0 0 0
14-56 0 0 0
14-57 0 0 0
15-0 66 0 66
15-1 67 5 72
15-2 132 16 148
15-3 196 54 250
15-4 157 41 198
15-5 61 24 85
15-6 45 11 56
15-7 11 7 18
15-8 9 2 11
15-9 2 1 3
15-10 0 0 0
15-11 0 0 0
15-12 0 0 0
15-13 0 0 0
15-14 0 0 0
15-15 0 0 0
15-16 0 0 0
15-17 0 0 0
15-18 0 0 0
15-19 0 0 0
15-20 0 0 0
15-21 0 0 0
15-22 0 0 0
15-23 0 0 0
15-24 0 0 0
15-25 0 0 0
15-26 0 0 0
15-27 0 0 0
15-28 0 0 0
15-29 0 0 0
15-30 0 0 0
15-31 0 0 0
15-32 0 0 0
15-33 0 0 0
15-34 0 0 0
15-35 0 0 0
15-36 0 0 0
15-37 0 0 0
15-38 0 0 0
15-39 0 0 0
15-40 0 0 0
15-41 0 0 0
15-42 0 0 0
15-43 0 0 0
15-44 0 0 0
15-45 0 0 0
15-46 0 0 0
15-47 0 0 0
15-48 0 0 0
15-49 0 0 0
15-50 0 0 0
15-51 0 0 0
15-52 0 0 0
15-53 0 0 0
15-54 0 0 0
15-55 0 0 0
15-56 0 0 0
15-57 0 0 0
16-0 116 0 116
16-1 98 7 105
16-2 185 23 208
16-3 199 35 234
16-4 146 37 183
16-5 70 25 95
16-6 55 26 81
16-7 18 13 31
16-8 2 0 2
16-9 0 0 0
16-10 0 0 0
16-11 0 0 0
16-12 0 0 0
16-13 0 0 0
16-14 0 0 0
16-15 0 0 0
16-16 0 0 0
16-17 0 0 0
16-18 0 0 0
16-19 0 0 0
16-20 0 0 0
16-21 0 0 0
16-22 0 0 0
16-23 0 0 0
16-24 0 0 0
16-25 0 0 0
16-26 0 0 0
16-27 0 0 0
16-28 0 0 0
16-29 0 0 0
16-30 0 0 0
16-31 0 0 0
16-32 0 0 0
16-33 0 0 0
16-34 0 0 0
16-35 0 0 0
16-36 0 0 0
16-37 0 0 0
16-38 0 0 0
16-39 0 0 0
16-40 0 0 0
16-41 0 0 0
16-42 0 0 0
16-43 0 0 0
16-44 0 0 0
16-45 0 0 0
16-46 0 0 0
16-47 0 0 0
16-48 0 0 0
16-49 0 0 0
16-50 0 0 0
16-51 0 0 0
16-52 0 0 0
16-53 0 0 0
16-54 0 0 0
16-55 0 0 0
16-56 0 0 0
16-57 0 0 0
17-0 332 0 332
17-1 189 8 197
17-2 288 31 319
17-3 361 98 459
17-4 214 74 288
17-5 127 47 174
17-6 50 29 79
17-7 30 18 48
17-8 4 3 7
17-9 0 0 0
17-10 0 0 0
17-11 0 0 0
17-12 0 0 0
17-13 0 0 0
17-14 0 0 0
17-15 0 0 0
17-16 0 0 0
17-17 0 0 0
17-18 0 0 0
17-19 0 0 0
17-20 0 0 0
17-21 0 0 0
17-22 0 0 0
17-23 0 0 0
17-24 0 0 0
17-25 0 0 0
17-26 0 0 0
17-27 0 0 0
17-28 0 0 0
17-29 0 0 0
17-30 0 0 0
17-31 0 0 0
17-32 0 0 0
17-33 0 0 0
17-34 0 0 0
17-35 0 0 0
17-36 0 0 0
17-37 0 0 0
17-38 0 0 0
17-39 0 0 0
17-40 0 0 0
17-41 0 0 0
17-42 0 0 0
17-43 0 0 0
17-44 0 0 0
17-45 0 0 0
17-46 0 0 0
17-47 0 0 0
17-48 0 0 0
17-49 0 0 0
17-50 0 0 0
17-51 0 0 0
17-52 0 0 0
17-53 0 0 0
17-54 0 0 0
17-55 0 0 0
17-56 0 0 0
17-57 0 0 0
18-0 634 0 634
18-1 324 22 346
18-2 589 72 661
18-3 573 130 703
18-4 409 120 529
18-5 233 88 321
18-6 114 68 182
18-7 29 19 48
18-8 12 15 27
18-9 4 2 6
18-10 0 0 0
18-11 0 0 0
18-12 0 0 0
18-13 0 0 0
18-14 0 0 0
18-15 0 0 0
18-16 0 0 0
18-17 0 0 0
18-18 0 0 0
18-19 0 0 0
18-20 0 0 0
18-21 0 0 0
18-22 0 0 0
18-23 0 0 0
18-24 0 0 0
18-25 0 0 0
18-26 0 0 0
18-27 0 0 0
18-28 0 0 0
18-29 0 0 0
18-30 0 0 0
18-31 0 0 0
18-32 0 0 0
18-33 0 0 0
18-34 0 0 0
18-35 0 0 0
18-36 0 0 0
18-37 0 0 0
18-38 0 0 0
18-39 0 0 0
18-40 0 0 0
18-41 0 0 0
18-42 0 0 0
18-43 0 0 0
18-44 0 0 0
18-45 0 0 0
18-46 0 0 0
18-47 0 0 0
18-48 0 0 0
18-49 0 0 0
18-50 0 0 0
18-51 0 0 0
18-52 0 0 0
18-53 0 0 0
18-54 0 0 0
18-55 0 0 0
18-56 0 0 0
18-57 0 0 0
19-0 1123 0 1123
19-1 609 28 637
19-2 966 113 1079
19-3 957 203 1160
19-4 708 200 908
19-5 395 168 563
19-6 180 82 262
19-7 59 34 93
19-8 30 22 52
19-9 2 4 6
19-10 0 0 0
19-11 0 0 0
19-12 0 0 0
19-13 0 0 0
19-14 0 0 0
19-15 0 0 0
19-16 0 0 0
19-17 0 0 0
19-18 0 0 0
19-19 0 0 0
19-20 0 0 0
19-21 0 0 0
19-22 0 0 0
19-23 0 0 0
19-24 0 0 0
19-25 0 0 0
19-26 0 0 0
19-27 0 0 0
19-28 0 0 0
19-29 0 0 0
19-30 0 0 0
19-31 0 0 0
19-32 0 0 0
19-33 0 0 0
19-34 0 0 0
19-35 0 0 0
19-36 0 0 0
19-37 0 0 0
19-38 0 0 0
19-39 0 0 0
19-40 0 0 0
19-41 0 0 0
19-42 0 0 0
19-43 0 0 0
19-44 0 0 0
19-45 0 0 0
19-46 0 0 0
19-47 0 0 0
19-48 0 0 0
19-49 0 0 0
19-50 0 0 0
19-51 0 0 0
19-52 0 0 0
19-53 0 0 0
19-54 0 0 0
19-55 0 0 0
19-56 0 0 0
19-57 0 0 0
20-0 2094 0 2094
20-1 987 54 1041
20-2 1570 190 1760
20-3 1649 280 1929
20-4 1192 311 1503
20-5 626 242 868
20-6 315 118 433
20-7 75 54 129
20-8 52 21 73
20-9 9 6 15
20-10 3 1 4
20-11 0 0 0
20-12 0 0 0
20-13 0 0 0
20-14 0 0 0
20-15 0 0 0
20-16 0 0 0
20-17 0 0 0
20-18 0 0 0
20-19 0 0 0
20-20 0 0 0
20-21 0 0 0
20-22 0 0 0
20-23 0 0 0
20-24 0 0 0
20-25 0 0 0
20-26 0 0 0
20-27 0 0 0
20-28 0 0 0
20-29 0 0 0
20-30 0 0 0
20-31 0 0 0
20-32 0 0 0
20-33 0 0 0
20-34 0 0 0
20-35 0 0 0
20-36 0 0 0
20-37 0 0 0
20-38 0 0 0
20-39 0 0 0
20-40 0 0 0
20-41 0 0 0
20-42 0 0 0
20-43 0 0 0
20-44 0 0 0
20-45 0 0 0
20-46 0 0 0
20-47 0 0 0
20-48 0 0 0
20-49 0 0 0
20-50 0 0 0
20-51 0 0 0
20-52 0 0 0
20-53 0 0 0
20-54 0 0 0
20-55 0 0 0
20-56 0 0 0
20-57 0 0 0
21-0 3603 0 3603
21-1 1453 78 1531
21-2 2716 290 3006
21-3 2739 427 3166
21-4 1974 491 2465
21-5 1124 373 1497
21-6 569 197 766
21-7 159 82 241
21-8 49 36 85
21-9 19 12 31
21-10 0 0 0
21-11 0 0 0
21-12 0 0 0
21-13 0 0 0
21-14 0 0 0
21-15 0 0 0
21-16 0 0 0
21-17 0 0 0
21-18 0 0 0
21-19 0 0 0
21-20 0 0 0
21-21 0 0 0
21-22 0 0 0
21-23 0 0 0
21-24 0 0 0
21-25 0 0 0
21-26 0 0 0
21-27 0 0 0
21-28 0 0 0
21-29 0 0 0
21-30 0 0 0
21-31 0 0 0
21-32 0 0 0
21-33 0 0 0
21-34 0 0 0
21-35 0 0 0
21-36 0 0 0
21-37 0 0 0
21-38 0 0 0
21-39 0 0 0
21-40 0 0 0
21-41 0 0 0
21-42 0 0 0
21-43 0 0 0
21-44 0 0 0
21-45 0 0 0
21-46 0 0 0
21-47 0 0 0
21-48 0 0 0
21-49 0 0 0
21-50 0 0 0
21-51 0 0 0
21-52 0 0 0
21-53 0 0 0
21-54 0 0 0
21-55 0 0 0
21-56 0 0 0
21-57 0 0 0
22-0 5918 0 5918
22-1 2011 101 2112
22-2 3685 354 4039
22-3 4032 576 4608
22-4 2672 642 3314
22-5 1786 535 2321
22-6 785 329 1114
22-7 237 124 361
22-8 66 35 101
22-9 30 18 48
22-10 0 0 0
22-11 0 0 0
22-12 0 0 0
22-13 0 0 0
22-14 0 0 0
22-15 0 0 0
22-16 0 0 0
22-17 0 0 0
22-18 0 0 0
22-19 0 0 0
22-20 0 0 0
22-21 0 0 0
22-22 0 0 0
22-23 0 0 0
22-24 0 0 0
22-25 0 0 0
22-26 0 0 0
22-27 0 0 0
22-28 0 0 0
22-29 0 0 0
22-30 0 0 0
22-31 0 0 0
22-32 0 0 0
22-33 0 0 0
22-34 0 0 0
22-35 0 0 0
22-36 0 0 0
22-37 0 0 0
22-38 0 0 0
22-39 0 0 0
22-40 0 0 0
22-41 0 0 0
22-42 0 0 0
22-43 0 0 0
22-44 0 0 0
22-45 0 0 0
22-46 0 0 0
22-47 0 0 0
22-48 0 0 0
22-49 0 0 0
22-50 0 0 0
22-51 0 0 0
22-52 0 0 0
22-53 0 0 0
22-54 0 0 0
22-55 0 0 0
22-56 0 0 0
22-57 0 0 0
23-0 9711 0 9711
23-1 2656 118 2774
23-2 4769 410 5179
23-3 5332 804 6136
23-4 4036 873 4909
23-5 2357 654 3011
23-6 1178 431 1609
23-7 418 186 604
23-8 133 60 193
23-9 48 25 73
23-10 1 0 1
23-11 1 0 1
23-12 1 0 1
23-13 0 0 0
23-14 0 0 0
23-15 0 0 0
23-16 0 0 0
23-17 0 0 0
23-18 0 0 0
23-19 0 0 0
23-20 0 0 0
23-21 0 0 0
23-22 0 0 0
23-23 0 0 0
23-24 0 0 0
23-25 0 0 0
23-26 0 0 0
23-27 0 0 0
23-28 0 0 0
23-29 0 0 0
23-30 0 0 0
23-31 0 0 0
23-32 0 0 0
23-33 0 0 0
23-34 0 0 0
23-35 0 0 0
23-36 0 0 0
23-37 0 0 0
23-38 0 0 0
23-39 0 0 0
23-40 0 0 0
23-41 0 0 0
23-42 0 0 0
23-43 0 0 0
23-44 0 0 0
23-45 0 0 0
23-46 0 0 0
23-47 0 0 0
23-48 0 0 0
23-49 0 0 0
23-50 0 0 0
23-51 0 0 0
23-52 0 0 0
23-53 0 0 0
23-54 0 0 0
23-55 0 0 0
23-56 0 0 0
23-57 0 0 0
24-0 15032 0 15032
24-1 3398 107 3505
24-2 5974 477 6451
24-3 7064 951 8015
24-4 5248 1076 6324
24-5 3298 915 4213
24-6 1596 559 2155
24-7 572 232 804
24-8 144 81 225
24-9 48 34 82
24-10 7 2 9
24-11 1 0 1
24-12 3 3 6
24-13 0 0 0
24-14 0 0 0
24-15 0 0 0
24-16 0 0 0
24-17 0 0 0
24-18 0 0 0
24-19 0 0 0
24-20 0 0 0
24-21 0 0 0
24-22 0 0 0
24-23 0 0 0
24-24 0 0 0
24-25 0 0 0
24-26 0 0 0
24-27 0 0 0
24-28 0 0 0
24-29 0 0 0
24-30 0 0 0
24-31 0 0 0
24-32 0 0 0
24-33 0 0 0
24-34 0 0 0
24-35 0 0 0
24-36 0 0 0
24-37 0 0 0
24-38 0 0 0
24-39 0 0 0
24-40 0 0 0
24-41 0 0 0
24-42 0 0 0
24-43 0 0 0
24-44 0 0 0
24-45 0 0 0
24-46 0 0 0
24-47 0 0 0
24-48 0 0 0
24-49 0 0 0
24-50 0 0 0
24-51 0 0 0
24-52 0 0 0
24-53 0 0 0
24-54 0 0 0
24-55 0 0 0
24-56 0 0 0
24-57 0 0 0
25-0 21507 0 21507
25-1 3994 132 4126
25-2 7811 590 8401
25-3 8741 1149 9890
25-4 6806 1294 8100
25-5 4225 1072 5297
25-6 1998 627 2625
25-7 817 302 1119
25-8 187 99 286
25-9 74 48 122
25-10 10 8 18
25-11 3 1 4
25-12 2 2 4
25-13 0 0 0
25-14 0 0 0
25-15 0 0 0
25-16 0 0 0
25-17 0 0 0
25-18 0 0 0
25-19 0 0 0
25-20 0 0 0
25-21 0 0 0
25-22 0 0 0
25-23 0 0 0
25-24 0 0 0
25-25 0 0 0
25-26 0 0 0
25-27 0 0 0
25-28 0 0 0
25-29 0 0 0
25-30 0 0 0
25-31 0 0 0
25-32 0 0 0
25-33 0 0 0
25-34 0 0 0
25-35 0 0 0
25-36 0 0 0
25-37 0 0 0
25-38 0 0 0
25-39 0 0 0
25-40 0 0 0
25-41 0 0 0
25-42 0 0 0
25-43 0 0 0
25-44 0 0 0
25-45 0 0 0
25-46 0 0 0
25-47 0 0 0
25-48 0 0 0
25-49 0 0 0
25-50 0 0 0
25-51 0 0 0
25-52 0 0 0
25-53 0 0 0
25-54 0 0 0
25-55 0 0 0
25-56 0 0 0
25-57 0 0 0
26-0 29967 0 29967
26-1 4333 127 4460
26-2 8635 605 9240
26-3 9852 1149 11001
26-4 8320 1425 9745
26-5 5043 1181 6224
26-6 2552 742 3294
26-7 1006 399 1405
26-8 248 119 367
26-9 97 65 162
26-10 16 4 20
26-11 0 2 2
26-12 3 3 6
26-13 0 0 0
26-14 0 0 0
26-15 0 0 0
26-16 0 0 0
26-17 0 0 0
26-18 0 0 0
26-19 0 0 0
26-20 0 0 0
26-21 0 0 0
26-22 0 0 0
26-23 0 0 0
26-24 0 0 0
26-25 0 0 0
26-26 0 0 0
26-27 0 0 0
26-28 0 0 0
26-29 0 0 0
26-30 0 0 0
26-31 0 0 0
26-32 0 0 0
26-33 0 0 0
26-34 0 0 0
26-35 0 0 0
26-36 0 0 0
26-37 0 0 0
26-38 0 0 0
26-39 0 0 0
26-40 0 0 0
26-41 0 0 0
26-42 0 0 0
26-43 0 0 0
26-44 0 0 0
26-45 0 0 0
26-46 0 0 0
26-47 0 0 0
26-48 0 0 0
26-49 0 0 0
26-50 0 0 0
26-51 0 0 0
26-52 0 0 0
26-53 0 0 0
26-54 0 0 0
26-55 0 0 0
26-56 0 0 0
26-57 0 0 0
27-0 39921 0 39921
27-1 4804 116 4920
27-2 9455 626 10081
27-3 11173 1254 12427
27-4 9101 1486 10587
27-5 5523 1269 6792
27-6 2583 737 3320
27-7 1227 424 1651
27-8 332 136 468
27-9 96 34 130
27-10 24 18 42
27-11 10 7 17
27-12 1 0 1
27-13 0 0 0
27-14 0 0 0
27-15 0 0 0
27-16 0 0 0
27-17 0 0 0
27-18 0 0 0
27-19 0 0 0
27-20 0 0 0
27-21 0 0 0
27-22 0 0 0
27-23 0 0 0
27-24 0 0 0
27-25 0 0 0
27-26 0 0 0
27-27 0 0 0
27-28 0 0 0
27-29 0 0 0
27-30 0 0 0
27-31 0 0 0
27-32 0 0 0
27-33 0 0 0
27-34 0 0 0
27-35 0 0 0
27-36 0 0 0
27-37 0 0 0
27-38 0 0 0
27-39 0 0 0
27-40 0 0 0
27-41 0 0 0
27-42 0 0 0
27-43 0 0 0
27-44 0 0 0
27-45 0 0 0
27-46 0 0 0
27-47 0 0 0
27-48 0 0 0
27-49 0 0 0
27-50 0 0 0
27-51 0 0 0
27-52 0 0 0
27-53 0 0 0
27-54 0 0 0
27-55 0 0 0
27-56 0 0 0
27-57 0 0 0
28-0 51512 0 51512
28-1 4716 127 4843
28-2 9784 606 10390
28-3 11979 1214 13193
28-4 9970 1570 11540
28-5 5771 1204 6975
28-6 2913 761 3674
28-7 1181 414 1595
28-8 367 130 497
28-9 92 48 140
28-10 39 19 58
28-11 6 2 8
28-12 0 0 0
28-13 0 0 0
28-14 0 0 0
28-15 0 0 0
28-16 0 0 0
28-17 0 0 0
28-18 0 0 0
28-19 0 0 0
28-20 0 0 0
28-21 0 0 0
28-22 0 0 0
28-23 0 0 0
28-24 0 0 0
28-25 0 0 0
28-26 0 0 0
28-27 0 0 0
28-28 0 0 0
28-29 0 0 0
28-30 0 0 0
28-31 0 0 0
28-32 0 0 0
28-33 0 0 0
28-34 0 0 0
28-35 0 0 0
28-36 0 0 0
28-37 0 0 0
28-38 0 0 0
28-39 0 0 0
28-40 0 0 0
28-41 0 0 0
28-42 0 0 0
28-43 0 0 0
28-44 0 0 0
28-45 0 0 0
28-46 0 0 0
28-47 0 0 0
28-48 0 0 0
28-49 0 0 0
28-50 0 0 0
28-51 0 0 0
28-52 0 0 0
28-53 0 0 0
28-54 0 0 0
28-55 0 0 0
28-56 0 0 0
28-57 0 0 0
29-0 63090 0 63090
29-1 4650 119 4769
29-2 9346 532 9878
29-3 11875 1130 13005
29-4 9338 1314 10652
29-5 6122 1237 7359
29-6 2824 762 3586
29-7 1219 354 1573
29-8 385 130 515
29-9 87 33 120
29-10 36 11 47
29-11 5 9 14
29-12 0 0 0
29-13 0 0 0
29-14 0 0 0
29-15 0 0 0
29-16 0 0 0
29-17 0 0 0
29-18 0 0 0
29-19 0 0 0
29-20 0 0 0
29-21 0 0 0
29-22 0 0 0
29-23 0 0 0
29-24 0 0 0
29-25 0 0 0
29-26 0 0 0
29-27 0 0 0
29-28 0 0 0
29-29 0 0 0
29-30 0 0 0
29-31 0 0 0
29-32 0 0 0
29-33 0 0 0
29-34 0 0 0
29-35 0 0 0
29-36 0 0 0
29-37 0 0 0
29-38 0 0 0
29-39 0 0 0
29-40 0 0 0
29-41 0 0 0
29-42 0 0 0
29-43 0 0 0
29-44 0 0 0
29-45 0 0 0
29-46 0 0 0
29-47 0 0 0
29-48 0 0 0
29-49 0 0 0
29-50 0 0 0
29-51 0 0 0
29-52 0 0 0
29-53 0 0 0
29-54 0 0 0
29-55 0 0 0
29-56 0 0 0
29-57 0 0 0
30-0 74775 0 74775
30-1 4331 83 4414
30-2 8980 494 9474
30-3 11242 1003 12245
30-4 9308 1186 10494
30-5 5664 1080 6744
30-6 2663 615 3278
30-7 1144 340 1484
30-8 305 115 420
30-9 94 27 121
30-10 42 22 64
30-11 18 7 25
30-12 3 1 4
30-13 0 0 0
30-14 0 0 0
30-15 0 0 0
30-16 0 0 0
30-17 0 0 0
30-18 0 0 0
30-19 0 0 0
30-20 0 0 0
30-21 0 0 0
30-22 0 0 0
30-23 0 0 0
30-24 0 0 0
30-25 0 0 0
30-26 0 0 0
30-27 0 0 0
30-28 0 0 0
30-29 0 0 0
30-30 0 0 0
30-31 0 0 0
30-32 0 0 0
30-33 0 0 0
30-34 0 0 0
30-35 0 0 0
30-36 0 0 0
30-37 0 0 0
30-38 0 0 0
30-39 0 0 0
30-40 0 0 0
30-41 0 0 0
30-42 0 0 0
30-43 0 0 0
30-44 0 0 0
30-45 0 0 0
30-46 0 0 0
30-47 0 0 0
30-48 0 0 0
30-49 0 0 0
30-50 0 0 0
30-51 0 0 0
30-52 0 0 0
30-53 0 0 0
30-54 0 0 0
30-55 0 0 0
30-56 0 0 0
30-57 0 0 0
31-0 83859 0 83859
31-1 3884 71 3955
31-2 8413 446 8859
31-3 10139 913 11052
31-4 8627 1085 9712
31-5 5002 887 5889
31-6 2369 590 2959
31-7 1183 347 1530
31-8 345 111 456
31-9 107 36 143
31-10 28 14 42
31-11 1 6 7
31-12 10 9 19
31-13 0 0 0
31-14 0 0 0
31-15 0 0 0
31-16 0 0 0
31-17 0 0 0
31-18 0 0 0
31-19 0 0 0
31-20 0 0 0
31-21 0 0 0
31-22 0 0 0
31-23 0 0 0
31-24 0 0 0
31-25 0 0 0
31-26 0 0 0
31-27 0 0 0
31-28 0 0 0
31-29 0 0 0
31-30 0 0 0
31-31 0 0 0
31-32 0 0 0
31-33 0 0 0
31-34 0 0 0
31-35 0 0 0
31-36 0 0 0
31-37 0 0 0
31-38 0 0 0
31-39 0 0 0
31-40 0 0 0
31-41 0 0 0
31-42 0 0 0
31-43 0 0 0
31-44 0 0 0
31-45 0 0 0
31-46 0 0 0
31-47 0 0 0
31-48 0 0 0
31-49 0 0 0
31-50 0 0 0
31-51 0 0 0
31-52 0 0 0
31-53 0 0 0
31-54 0 0 0
31-55 0 0 0
31-56 0 0 0
31-57 0 0 0
32-0 93232 0 93232
32-1 3205 71 3276
32-2 7054 346 7400
32-3 8770 763 9533
32-4 7666 971 8637
32-5 4574 784 5358
32-6 2162 449 2611
32-7 950 254 1204
32-8 273 98 371
32-9 89 40 129
32-10 63 23 86
32-11 8 6 14
32-12 1 0 1
32-13 0 0 0
32-14 0 0 0
32-15 0 0 0
32-16 0 0 0
32-17 0 0 0
32-18 0 0 0
32-19 0 0 0
32-20 0 0 0
32-21 0 0 0
32-22 0 0 0
32-23 0 0 0
32-24 0 0 0
32-25 0 0 0
32-26 0 0 0
32-27 0 0 0
32-28 0 0 0
32-29 0 0 0
32-30 0 0 0
32-31 0 0 0
32-32 0 0 0
32-33 0 0 0
32-34 0 0 0
32-35 0 0 0
32-36 0 0 0
32-37 0 0 0
32-38 0 0 0
32-39 0 0 0
32-40 0 0 0
32-41 0 0 0
32-42 0 0 0
32-43 0 0 0
32-44 0 0 0
32-45 0 0 0
32-46 0 0 0
32-47 0 0 0
32-48 0 0 0
32-49 0 0 0
32-50 0 0 0
32-51 0 0 0
32-52 0 0 0
32-53 0 0 0
32-54 0 0 0
32-55 0 0 0
32-56 0 0 0
32-57 0 0 0
33-0 97100 0 97100
33-1 2983 55 3038
33-2 6120 254 6374
33-3 7515 587 8102
33-4 6170 774 6944
33-5 3914 634 4548
33-6 1901 409 2310
33-7 849 183 1032
33-8 280 85 365
33-9 62 19 81
33-10 25 6 31
33-11 0 0 0
33-12 10 4 14
33-13 0 0 0
33-14 0 0 0
33-15 0 0 0
33-16 0 0 0
33-17 0 0 0
33-18 0 0 0
33-19 0 0 0
33-20 0 0 0
33-21 0 0 0
33-22 0 0 0
33-23 0 0 0
33-24 0 0 0
33-25 0 0 0
33-26 0 0 0
33-27 0 0 0
33-28 0 0 0
33-29 0 0 0
33-30 0 0 0
33-31 0 0 0
33-32 0 0 0
33-33 0 0 0
33-34 0 0 0
33-35 0 0 0
33-36 0 0 0
33-37 0 0 0
33-38 0 0 0
33-39 0 0 0
33-40 0 0 0
33-41 0 0 0
33-42 0 0 0
33-43 0 0 0
33-44 0 0 0
33-45 0 0 0
33-46 0 0 0
33-47 0 0 0
33-48 0 0 0
33-49 0 0 0
33-50 0 0 0
33-51 0 0 0
33-52 0 0 0
33-53 0 0 0
33-54 0 0 0
33-55 0 0 0
33-56 0 0 0
33-57 0 0 0
34-0 97125 0 97125
34-1 2430 55 2485
34-2 4912 213 5125
34-3 6317 470 6787
34-4 5284 594 5878
34-5 3013 454 3467
34-6 1397 278 1675
34-7 572 138 710
34-8 132 59 191
34-9 42 14 56
34-10 7 2 9
34-11 1 0 1
34-12 8 4 12
34-13 0 0 0
34-14 0 0 0
34-15 0 0 0
34-16 0 0 0
34-17 0 0 0
34-18 0 0 0
34-19 0 0 0
34-20 0 0 0
34-21 0 0 0
34-22 0 0 0
34-23 0 0 0
34-24 0 0 0
34-25 0 0 0
34-26 0 0 0
34-27 0 0 0
34-28 0 0 0
34-29 0 0 0
34-30 0 0 0
34-31 0 0 0
34-32 0 0 0
34-33 0 0 0
34-34 0 0 0
34-35 0 0 0
34-36 0 0 0
34-37 0 0 0
34-38 0 0 0
34-39 0 0 0
34-40 0 0 0
34-41 0 0 0
34-42 0 0 0
34-43 0 0 0
34-44 0 0 0
34-45 0 0 0
34-46 0 0 0
34-47 0 0 0
34-48 0 0 0
34-49 0 0 0
34-50 0 0 0
34-51 0 0 0
34-52 0 0 0
34-53 0 0 0
34-54 0 0 0
34-55 0 0 0
34-56 0 0 0
34-57 0 0 0
35-0 94176 0 94176
35-1 1895 24 1919
35-2 3612 154 3766
35-3 4953 337 5290
35-4 4116 437 4553
35-5 2232 329 2561
35-6 1074 217 1291
35-7 432 95 527
35-8 160 51 211
35-9 26 20 46
35-10 7 4 11
35-11 0 0 0
35-12 0 0 0
35-13 0 0 0
35-14 0 0 0
35-15 0 0 0
35-16 0 0 0
35-17 0 0 0
35-18 0 0 0
35-19 0 0 0
35-20 0 0 0
35-21 0 0 0
35-22 0 0 0
35-23 0 0 0
35-24 0 0 0
35-25 0 0 0
35-26 0 0 0
35-27 0 0 0
35-28 0 0 0
35-29 0 0 0
35-30 0 0 0
35-31 0 0 0
35-32 0 0 0
35-33 0 0 0
35-34 0 0 0
35-35 0 0 0
35-36 0 0 0
35-37 0 0 0
35-38 0 0 0
35-39 0 0 0
35-40 0 0 0
35-41 0 0 0
35-42 0 0 0
35-43 0 0 0
35-44 0 0 0
35-45 0 0 0
35-46 0 0 0
35-47 0 0 0
35-48 0 0 0
35-49 0 0 0
35-50 0 0 0
35-51 0 0 0
35-52 0 0 0
35-53 0 0 0
35-54 0 0 0
35-55 0 0 0
35-56 0 0 0
35-57 0 0 0
36-0 90232 0 90232
36-1 1222 30 1252
36-2 2546 105 2651
36-3 3269 230 3499
36-4 3067 305 3372
36-5 1825 267 2092
36-6 788 161 949
36-7 323 85 408
36-8 99 27 126
36-9 53 15 68
36-10 1 1 2
36-11 0 0 0
36-12 0 0 0
36-13 0 0 0
36-14 0 0 0
36-15 0 0 0
36-16 0 0 0
36-17 0 0 0
36-18 0 0 0
36-19 0 0 0
36-20 0 0 0
36-21 0 0 0
36-22 0 0 0
36-23 0 0 0
36-24 0 0 0
36-25 0 0 0
36-26 0 0 0
36-27 0 0 0
36-28 0 0 0
36-29 0 0 0
36-30 0 0 0
36-31 0 0 0
36-32 0 0 0
36-33 0 0 0
36-34 0 0 0
36-35 0 0 0
36-36 0 0 0
36-37 0 0 0
36-38 0 0 0
36-39 0 0 0
36-40 0 0 0
36-41 0 0 0
36-42 0 0 0
36-43 0 0 0
36-44 0 0 0
36-45 0 0 0
36-46 0 0 0
36-47 0 0 0
36-48 0 0 0
36-49 0 0 0
36-50 0 0 0
36-51 0 0 0
36-52 0 0 0
36-53 0 0 0
36-54 0 0 0
36-55 0 0 0
36-56 0 0 0
36-57 0 0 0
37-0 83979 0 83979
37-1 855 12 867
37-2 1879 77 1956
37-3 2489 160 2649
37-4 2244 216 2460
37-5 1277 181 1458
37-6 673 116 789
37-7 263 48 311
37-8 66 19 85
37-9 26 5 31
37-10 6 1 7
37-11 0 0 0
37-12 0 0 0
37-13 0 0 0
37-14 0 0 0
37-15 0 0 0
37-16 0 0 0
37-17 0 0 0
37-18 0 0 0
37-19 0 0 0
37-20 0 0 0
37-21 0 0 0
37-22 0 0 0
37-23 0 0 0
37-24 0 0 0
37-25 0 0 0
37-26 0 0 0
37-27 0 0 0
37-28 0 0 0
37-29 0 0 0
37-30 0 0 0
37-31 0 0 0
37-32 0 0 0
37-33 0 0 0
37-34 0 0 0
37-35 0 0 0
37-36 0 0 0
37-37 0 0 0
37-38 0 0 0
37-39 0 0 0
37-40 0 0 0
37-41 0 0 0
37-42 0 0 0
37-43 0 0 0
37-44 0 0 0
37-45 0 0 0
37-46 0 0 0
37-47 0 0 0
37-48 0 0 0
37-49 0 0 0
37-50 0 0 0
37-51 0 0 0
37-52 0 0 0
37-53 0 0 0
37-54 0 0 0
37-55 0 0 0
37-56 0 0 0
37-57 0 0 0
38-0 73227 0 73227
38-1 554 4 558
38-2 1324 54 1378
38-3 1713 107 1820
38-4 1195 111 1306
38-5 909 120 1029
38-6 515 98 613
38-7 173 34 207
38-8 34 11 45
38-9 3 1 4
38-10 2 1 3
38-11 0 0 0
38-12 0 0 0
38-13 0 0 0
38-14 0 0 0
38-15 0 0 0
38-16 0 0 0
38-17 0 0 0
38-18 0 0 0
38-19 0 0 0
38-20 0 0 0
38-21 0 0 0
38-22 0 0 0
38-23 0 0 0
38-24 0 0 0
38-25 0 0 0
38-26 0 0 0
38-27 0 0 0
38-28 0 0 0
38-29 0 0 0
38-30 0 0 0
38-31 0 0 0
38-32 0 0 0
38-33 0 0 0
38-34 0 0 0
38-35 0 0 0
38-36 0 0 0
38-37 0 0 0
38-38 0 0 0
38-39 0 0 0
38-40 0 0 0
38-41 0 0 0
38-42 0 0 0
38-43 0 0 0
38-44 0 0 0
38-45 0 0 0
38-46 0 0 0
38-47 0 0 0
38-48 0 0 0
38-49 0 0 0
38-50 0 0 0
38-51 0 0 0
38-52 0 0 0
38-53 0 0 0
38-54 0 0 0
38-55 0 0 0
38-56 0 0 0
38-57 0 0 0
39-0 64140 0 64140
39-1 535 9 544
39-2 992 32 1024
39-3 1166 59 1225
39-4 805 75 880
39-5 514 74 588
39-6 328 53 381
39-7 118 23 141
39-8 26 5 31
39-9 32 9 41
39-10 0 0 0
39-11 0 0 0
39-12 0 0 0
39-13 0 0 0
39-14 0 0 0
39-15 0 0 0
39-16 0 0 0
39-17 0 0 0
39-18 0 0 0
39-19 0 0 0
39-20 0 0 0
39-21 0 0 0
39-22 0 0 0
39-23 0 0 0
39-24 0 0 0
39-25 0 0 0
39-26 0 0 0
39-27 0 0 0
39-28 0 0 0
39-29 0 0 0
39-30 0 0 0
39-31 0 0 0
39-32 0 0 0
39-33 0 0 0
39-34 0 0 0
39-35 0 0 0
39-36 0 0 0
39-37 0 0 0
39-38 0 0 0
39-39 0 0 0
39-40 0 0 0
39-41 0 0 0
39-42 0 0 0
39-43 0 0 0
39-44 0 0 0
39-45 0 0 0
39-46 0 0 0
39-47 0 0 0
39-48 0 0 0
39-49 0 0 0
39-50 0 0 0
39-51 0 0 0
39-52 0 0 0
39-53 0 0 0
39-54 0 0 0
39-55 0 0 0
39-56 0 0 0
39-57 0 0 0
40-0 52579 0 52579
40-1 259 3 262
40-2 692 18 710
40-3 832 37 869
40-4 585 51 636
40-5 430 44 474
40-6 188 22 210
40-7 76 19 95
40-8 22 3 25
40-9 0 0 0
40-10 0 0 0
40-11 0 0 0
40-12 0 0 0
40-13 0 0 0
40-14 0 0 0
40-15 0 0 0
40-16 0 0 0
40-17 0 0 0
40-18 0 0 0
40-19 0 0 0
40-20 0 0 0
40-21 0 0 0
40-22 0 0 0
40-23 0 0 0
40-24 0 0 0
40-25 0 0 0
40-26 0 0 0
40-27 0 0 0
40-28 0 0 0
40-29 0 0 0
40-30 0 0 0
40-31 0 0 0
40-32 0 0 0
40-33 0 0 0
40-34 0 0 0
40-35 0 0 0
40-36 0 0 0
40-37 0 0 0
40-38 0 0 0
40-39 0 0 0
40-40 0 0 0
40-41 0 0 0
40-42 0 0 0
40-43 0 0 0
40-44 0 0 0
40-45 0 0 0
40-46 0 0 0
40-47 0 0 0
40-48 0 0 0
40-49 0 0 0
40-50 0 0 0
40-51 0 0 0
40-52 0 0 0
40-53 0 0 0
40-54 0 0 0
40-55 0 0 0
40-56 0 0 0
40-57 0 0 0
41-0 42518 0 42518
41-1 163 3 166
41-2 424 16 440
41-3 459 25 484
41-4 326 27 353
41-5 267 31 298
41-6 65 9 74
41-7 24 4 28
41-8 8 2 10
41-9 0 0 0
41-10 0 0 0
41-11 0 0 0
41-12 0 0 0
41-13 0 0 0
41-14 0 0 0
41-15 0 0 0
41-16 0 0 0
41-17 0 0 0
41-18 0 0 0
41-19 0 0 0
41-20 0 0 0
41-21 0 0 0
41-22 0 0 0
41-23 0 0 0
41-24 0 0 0
41-25 0 0 0
41-26 0 0 0
41-27 0 0 0
41-28 0 0 0
41-29 0 0 0
41-30 0 0 0
41-31 0 0 0
41-32 0 0 0
41-33 0 0 0
41-34 0 0 0
41-35 0 0 0
41-36 0 0 0
41-37 0 0 0
41-38 0 0 0
41-39 0 0 0
41-40 0 0 0
41-41 0 0 0
41-42 0 0 0
41-43 0 0 0
41-44 0 0 0
41-45 0 0 0
41-46 0 0 0
41-47 0 0 0
41-48 0 0 0
41-49 0 0 0
41-50 0 0 0
41-51 0 0 0
41-52 0 0 0
41-53 0 0 0
41-54 0 0 0
41-55 0 0 0
41-56 0 0 0
41-57 0 0 0
42-0 33425 0 33425
42-1 98 1 99
42-2 194 7 201
42-3 295 20 315
42-4 171 15 186
42-5 126 17 143
42-6 33 4 37
42-7 54 10 64
42-8 9 1 10
42-9 0 0 0
42-10 0 0 0
42-11 0 0 0
42-12 0 0 0
42-13 0 0 0
42-14 0 0 0
42-15 0 0 0
42-16 0 0 0
42-17 0 0 0
42-18 0 0 0
42-19 0 0 0
42-20 0 0 0
42-21 0 0 0
42-22 0 0 0
42-23 0 0 0
42-24 0 0 0
42-25 0 0 0
42-26 0 0 0
42-27 0 0 0
42-28 0 0 0
42-29 0 0 0
42-30 0 0 0
42-31 0 0 0
42-32 0 0 0
42-33 0 0 0
42-34 0 0 0
42-35 0 0 0
42-36 0 0 0
42-37 0 0 0
42-38 0 0 0
42-39 0 0 0
42-40 0 0 0
42-41 0 0 0
42-42 0 0 0
42-43 0 0 0
42-44 0 0 0
42-45 0 0 0
42-46 0 0 0
42-47 0 0 0
42-48 0 0 0
42-49 0 0 0
42-50 0 0 0
42-51 0 0 0
42-52 0 0 0
42-53 0 0 0
42-54 0 0 0
42-55 0 0 0
42-56 0 0 0
42-57 0 0 0
43-0 25701 0 25701
43-1 39 0 39
43-2 105 1 106
43-3 162 8 170
43-4 58 6 64
43-5 33 4 37
43-6 36 2 38
43-7 18 4 22
43-8 0 0 0
43-9 0 0 0
43-10 0 0 0
43-11 0 0 0
43-12 0 0 0
43-13 0 0 0
43-14 0 0 0
43-15 0 0 0
43-16 0 0 0
43-17 0 0 0
43-18 0 0 0
43-19 0 0 0
43-20 0 0 0
43-21 0 0 0
43-22 0 0 0
43-23 0 0 0
43-24 0 0 0
43-25 0 0 0
43-26 0 0 0
43-27 0 0 0
43-28 0 0 0
43-29 0 0 0
43-30 0 0 0
43-31 0 0 0
43-32 0 0 0
43-33 0 0 0
43-34 0 0 0
43-35 0 0 0
43-36 0 0 0
43-37 0 0 0
43-38 0 0 0
43-39 0 0 0
43-40 0 0 0
43-41 0 0 0
43-42 0 0 0
43-43 0 0 0
43-44 0 0 0
43-45 0 0 0
43-46 0 0 0
43-47 0 0 0
43-48 0 0 0
43-49 0 0 0
43-50 0 0 0
43-51 0 0 0
43-52 0 0 0
43-53 0 0 0
43-54 0 0 0
43-55 0 0 0
43-56 0 0 0
43-57 0 0 0
44-0 18728 0 18728
44-1 29 2 31
44-2 61 1 62
44-3 81 5 86
44-4 38 4 42
44-5 19 3 22
44-6 12 1 13
44-7 30 5 35
44-8 0 0 0
44-9 0 0 0
44-10 0 0 0
44-11 0 0 0
44-12 0 0 0
44-13 0 0 0
44-14 0 0 0
44-15 0 0 0
44-16 0 0 0
44-17 0 0 0
44-18 0 0 0
44-19 0 0 0
44-20 0 0 0
44-21 0 0 0
44-22 0 0 0
44-23 0 0 0
44-24 0 0 0
44-25 0 0 0
44-26 0 0 0
44-27 0 0 0
44-28 0 0 0
44-29 0 0 0
44-30 0 0 0
44-31 0 0 0
44-32 0 0 0
44-33 0 0 0
44-34 0 0 0
44-35 0 0 0
44-36 0 0 0
44-37 0 0 0
44-38 0 0 0
44-39 0 0 0
44-40 0 0 0
44-41 0 0 0
44-42 0 0 0
44-43 0 0 0
44-44 0 0 0
44-45 0 0 0
44-46 0 0 0
44-47 0 0 0
44-48 0 0 0
44-49 0 0 0
44-50 0 0 0
44-51 0 0 0
44-52 0 0 0
44-53 0 0 0
44-54 0 0 0
44-55 0 0 0
44-56 0 0 0
44-57 0 0 0
45-0 13577 0 13577
45-1 26 0 26
45-2 25 2 27
45-3 1 0 1
45-4 24 1 25
45-5 14 1 15
45-6 6 4 10
45-7 25 3 28
45-8 0 0 0
45-9 0 0 0
45-10 0 0 0
45-11 0 0 0
45-12 0 0 0
45-13 0 0 0
45-14 0 0 0
45-15 0 0 0
45-16 0 0 0
45-17 0 0 0
45-18 0 0 0
45-19 0 0 0
45-20 0 0 0
45-21 0 0 0
45-22 0 0 0
45-23 0 0 0
45-24 0 0 0
45-25 0 0 0
45-26 0 0 0
45-27 0 0 0
45-28 0 0 0
45-29 0 0 0
45-30 0 0 0
45-31 0 0 0
45-32 0 0 0
45-33 0 0 0
45-34 0 0 0
45-35 0 0 0
45-36 0 0 0
45-37 0 0 0
45-38 0 0 0
45-39 0 0 0
45-40 0 0 0
45-41 0 0 0
45-42 0 0 0
45-43 0 0 0
45-44 0 0 0
45-45 0 0 0
45-46 0 0 0
45-47 0 0 0
45-48 0 0 0
45-49 0 0 0
45-50 0 0 0
45-51 0 0 0
45-52 0 0 0
45-53 0 0 0
45-54 0 0 0
45-55 0 0 0
45-56 0 0 0
45-57 0 0 0
46-0 10129 0 10129
46-1 0 0 0
46-2 15 0 15
46-3 17 0 17
46-4 18 1 19
46-5 95 8 103
46-6 9 2 11
46-7 0 0 0
46-8 0 0 0
46-9 0 0 0
46-10 0 0 0
46-11 0 0 0
46-12 0 0 0
46-13 0 0 0
46-14 0 0 0
46-15 0 0 0
46-16 0 0 0
46-17 0 0 0
46-18 0 0 0
46-19 0 0 0
46-20 0 0 0
46-21 0 0 0
46-22 0 0 0
46-23 0 0 0
46-24 0 0 0
46-25 0 0 0
46-26 0 0 0
46-27 0 0 0
46-28 0 0 0
46-29 0 0 0
46-30 0 0 0
46-31 0 0 0
46-32 0 0 0
46-33 0 0 0
46-34 0 0 0
46-35 0 0 0
46-36 0 0 0
46-37 0 0 0
46-38 0 0 0
46-39 0 0 0
46-40 0 0 0
46-41 0 0 0
46-42 0 0 0
46-43 0 0 0
46-44 0 0 0
46-45 0 0 0
46-46 0 0 0
46-47 0 0 0
46-48 0 0 0
46-49 0 0 0
46-50 0 0 0
46-51 0 0 0
46-52 0 0 0
46-53 0 0 0
46-54 0 0 0
46-55 0 0 0
46-56 0 0 0
46-57 0 0 0
47-0 6903 0 6903
47-1 0 0 0
47-2 7 0 7
47-3 8 1 9
47-4 0 0 0
47-5 3 1 4
47-6 7 1 8
47-7 0 0 0
47-8 0 0 0
47-9 0 0 0
47-10 0 0 0
47-11 0 0 0
47-12 0 0 0
47-13 0 0 0
47-14 0 0 0
47-15 0 0 0
47-16 0 0 0
47-17 0 0 0
47-18 0 0 0
47-19 0 0 0
47-20 0 0 0
47-21 0 0 0
47-22 0 0 0
47-23 0 0 0
47-24 0 0 0
47-25 0 0 0
47-26 0 0 0
47-27 0 0 0
47-28 0 0 0
47-29 0 0 0
47-30 0 0 0
47-31 0 0 0
47-32 0 0 0
47-33 0 0 0
47-34 0 0 0
47-35 0 0 0
47-36 0 0 0
47-37 0 0 0
47-38 0 0 0
47-39 0 0 0
47-40 0 0 0
47-41 0 0 0
47-42 0 0 0
47-43 0 0 0
47-44 0 0 0
47-45 0 0 0
47-46 0 0 0
47-47 0 0 0
47-48 0 0 0
47-49 0 0 0
47-50 0 0 0
47-51 0 0 0
47-52 0 0 0
47-53 0 0 0
47-54 0 0 0
47-55 0 0 0
47-56 0 0 0
47-57 0 0 0
48-0 4264 0 4264
48-1 0 0 0
48-2 8 0 8
48-3 12 1 13
48-4 0 0 0
48-5 0 0 0
48-6 20 1 21
48-7 0 0 0
48-8 0 0 0
48-9 0 0 0
48-10 0 0 0
48-11 0 0 0
48-12 0 0 0
48-13 0 0 0
48-14 0 0 0
48-15 0 0 0
48-16 0 0 0
48-17 0 0 0
48-18 0 0 0
48-19 0 0 0
48-20 0 0 0
48-21 0 0 0
48-22 0 0 0
48-23 0 0 0
48-24 0 0 0
48-25 0 0 0
48-26 0 0 0
48-27 0 0 0
48-28 0 0 0
48-29 0 0 0
48-30 0 0 0
48-31 0 0 0
48-32 0 0 0
48-33 0 0 0
48-34 0 0 0
48-35 0 0 0
48-36 0 0 0
48-37 0 0 0
48-38 0 0 0
48-39 0 0 0
48-40 0 0 0
48-41 0 0 0
48-42 0 0 0
48-43 0 0 0
48-44 0 0 0
48-45 0 0 0
48-46 0 0 0
48-47 0 0 0
48-48 0 0 0
48-49 0 0 0
48-50 0 0 0
48-51 0 0 0
48-52 0 0 0
48-53 0 0 0
48-54 0 0 0
48-55 0 0 0
48-56 0 0 0
48-57 0 0 0
49-0 2913 0 2913
49-1 0 0 0
49-2 0 0 0
49-3 0 0 0
49-4 0 0 0
49-5 0 0 0
49-6 0 0 0
49-7 0 0 0
49-8 0 0 0
49-9 0 0 0
49-10 0 0 0
49-11 0 0 0
49-12 0 0 0
49-13 0 0 0
49-14 0 0 0
49-15 0 0 0
49-16 0 0 0
49-17 0 0 0
49-18 0 0 0
49-19 0 0 0
49-20 0 0 0
49-21 0 0 0
49-22 0 0 0
49-23 0 0 0
49-24 0 0 0
49-25 0 0 0
49-26 0 0 0
49-27 0 0 0
49-28 0 0 0
49-29 0 0 0
49-30 0 0 0
49-31 0 0 0
49-32 0 0 0
49-33 0 0 0
49-34 0 0 0
49-35 0 0 0
49-36 0 0 0
49-37 0 0 0
49-38 0 0 0
49-39 0 0 0
49-40 0 0 0
49-41 0 0 0
49-42 0 0 0
49-43 0 0 0
49-44 0 0 0
49-45 0 0 0
49-46 0 0 0
49-47 0 0 0
49-48 0 0 0
49-49 0 0 0
49-50 0 0 0
49-51 0 0 0
49-52 0 0 0
49-53 0 0 0
49-54 0 0 0
49-55 0 0 0
49-56 0 0 0
49-57 0 0 0
50-0 1823 0 1823
50-1 0 0 0
50-2 0 0 0
50-3 0 0 0
50-4 0 0 0
50-5 0 0 0
50-6 0 0 0
50-7 0 0 0
50-8 0 0 0
50-9 0 0 0
50-10 0 0 0
50-11 0 0 0
50-12 0 0 0
50-13 0 0 0
50-14 0 0 0
50-15 0 0 0
50-16 0 0 0
50-17 0 0 0
50-18 0 0 0
50-19 0 0 0
50-20 0 0 0
50-21 0 0 0
50-22 0 0 0
50-23 0 0 0
50-24 0 0 0
50-25 0 0 0
50-26 0 0 0
50-27 0 0 0
50-28 0 0 0
50-29 0 0 0
50-30 0 0 0
50-31 0 0 0
50-32 0 0 0
50-33 0 0 0
50-34 0 0 0
50-35 0 0 0
50-36 0 0 0
50-37 0 0 0
50-38 0 0 0
50-39 0 0 0
50-40 0 0 0
50-41 0 0 0
50-42 0 0 0
50-43 0 0 0
50-44 0 0 0
50-45 0 0 0
50-46 0 0 0
50-47 0 0 0
50-48 0 0 0
50-49 0 0 0
50-50 0 0 0
50-51 0 0 0
50-52 0 0 0
50-53 0 0 0
50-54 0 0 0
50-55 0 0 0
50-56 0 0 0
50-57 0 0 0
51-0 1373 0 1373
51-1 0 0 0
51-2 0 0 0
51-3 0 0 0
51-4 0 0 0
51-5 0 0 0
51-6 0 0 0
51-7 0 0 0
51-8 0 0 0
51-9 0 0 0
51-10 0 0 0
51-11 0 0 0
51-12 0 0 0
51-13 0 0 0
51-14 0 0 0
51-15 0 0 0
51-16 0 0 0
51-17 0 0 0
51-18 0 0 0
51-19 0 0 0
51-20 0 0 0
51-21 0 0 0
51-22 0 0 0
51-23 0 0 0
51-24 0 0 0
51-25 0 0 0
51-26 0 0 0
51-27 0 0 0
51-28 0 0 0
51-29 0 0 0
51-30 0 0 0
51-31 0 0 0
51-32 0 0 0
51-33 0 0 0
51-34 0 0 0
51-35 0 0 0
51-36 0 0 0
51-37 0 0 0
51-38 0 0 0
51-39 0 0 0
51-40 0 0 0
51-41 0 0 0
51-42 0 0 0
51-43 0 0 0
51-44 0 0 0
51-45 0 0 0
51-46 0 0 0
51-47 0 0 0
51-48 0 0 0
51-49 0 0 0
51-50 0 0 0
51-51 0 0 0
51-52 0 0 0
51-53 0 0 0
51-54 0 0 0
51-55 0 0 0
51-56 0 0 0
51-57 0 0 0
52-0 697 0 697
52-1 0 0 0
52-2 0 0 0
52-3 0 0 0
52-4 0 0 0
52-5 0 0 0
52-6 0 0 0
52-7 0 0 0
52-8 0 0 0
52-9 0 0 0
52-10 0 0 0
52-11 0 0 0
52-12 0 0 0
52-13 0 0 0
52-14 0 0 0
52-15 0 0 0
52-16 0 0 0
52-17 0 0 0
52-18 0 0 0
52-19 0 0 0
52-20 0 0 0
52-21 0 0 0
52-22 0 0 0
52-23 0 0 0
52-24 0 0 0
52-25 0 0 0
52-26 0 0 0
52-27 0 0 0
52-28 0 0 0
52-29 0 0 0
52-30 0 0 0
52-31 0 0 0
52-32 0 0 0
52-33 0 0 0
52-34 0 0 0
52-35 0 0 0
52-36 0 0 0
52-37 0 0 0
52-38 0 0 0
52-39 0 0 0
52-40 0 0 0
52-41 0 0 0
52-42 0 0 0
52-43 0 0 0
52-44 0 0 0
52-45 0 0 0
52-46 0 0 0
52-47 0 0 0
52-48 0 0 0
52-49 0 0 0
52-50 0 0 0
52-51 0 0 0
52-52 0 0 0
52-53 0 0 0
52-54 0 0 0
52-55 0 0 0
52-56 0 0 0
52-57 0 0 0
53-0 457 0 457
53-1 0 0 0
53-2 0 0 0
53-3 0 0 0
53-4 0 0 0
53-5 0 0 0
53-6 0 0 0
53-7 0 0 0
53-8 0 0 0
53-9 0 0 0
53-10 0 0 0
53-11 0 0 0
53-12 0 0 0
53-13 0 0 0
53-14 0 0 0
53-15 0 0 0
53-16 0 0 0
53-17 0 0 0
53-18 0 0 0
53-19 0 0 0
53-20 0 0 0
53-21 0 0 0
53-22 0 0 0
53-23 0 0 0
53-24 0 0 0
53-25 0 0 0
53-26 0 0 0
53-27 0 0 0
53-28 0 0 0
53-29 0 0 0
53-30 0 0 0
53-31 0 0 0
53-32 0 0 0
53-33 0 0 0
53-34 0 0 0
53-35 0 0 0
53-36 0 0 0
53-37 0 0 0
53-38 0 0 0
53-39 0 0 0
53-40 0 0 0
53-41 0 0 0
53-42 0 0 0
53-43 0 0 0
53-44 0 0 0
53-45 0 0 0
53-46 0 0 0
53-47 0 0 0
53-48 0 0 0
53-49 0 0 0
53-50 0 0 0
53-51 0 0 0
53-52 0 0 0
53-53 0 0 0
53-54 0 0 0
53-55 0 0 0
53-56 0 0 0
53-57 0 0 0
54-0 134 0 134
54-1 0 0 0
54-2 0 0 0
54-3 0 0 0
54-4 0 0 0
54-5 0 0 0
54-6 0 0 0
54-7 0 0 0
54-8 0 0 0
54-9 0 0 0
54-10 0 0 0
54-11 0 0 0
54-12 0 0 0
54-13 0 0 0
54-14 0 0 0
54-15 0 0 0
54-16 0 0 0
54-17 0 0 0
54-18 0 0 0
54-19 0 0 0
54-20 0 0 0
54-21 0 0 0
54-22 0 0 0
54-23 0 0 0
54-24 0 0 0
54-25 0 0 0
54-26 0 0 0
54-27 0 0 0
54-28 0 0 0
54-29 0 0 0
54-30 0 0 0
54-31 0 0 0
54-32 0 0 0
54-33 0 0 0
54-34 0 0 0
54-35 0 0 0
54-36 0 0 0
54-37 0 0 0
54-38 0 0 0
54-39 0 0 0
54-40 0 0 0
54-41 0 0 0
54-42 0 0 0
54-43 0 0 0
54-44 0 0 0
54-45 0 0 0
54-46 0 0 0
54-47 0 0 0
54-48 0 0 0
54-49 0 0 0
54-50 0 0 0
54-51 0 0 0
54-52 0 0 0
54-53 0 0 0
54-54 0 0 0
54-55 0 0 0
54-56 0 0 0
54-57 0 0 0
55-0 40 0 40
55-1 0 0 0
55-2 0 0 0
55-3 0 0 0
55-4 0 0 0
55-5 0 0 0
55-6 0 0 0
55-7 0 0 0
55-8 0 0 0
55-9 0 0 0
55-10 0 0 0
55-11 0 0 0
55-12 0 0 0
55-13 0 0 0
55-14 0 0 0
55-15 0 0 0
55-16 0 0 0
55-17 0 0 0
55-18 0 0 0
55-19 0 0 0
55-20 0 0 0
55-21 0 0 0
55-22 0 0 0
55-23 0 0 0
55-24 0 0 0
55-25 0 0 0
55-26 0 0 0
55-27 0 0 0
55-28 0 0 0
55-29 0 0 0
55-30 0 0 0
55-31 0 0 0
55-32 0 0 0
55-33 0 0 0
55-34 0 0 0
55-35 0 0 0
55-36 0 0 0
55-37 0 0 0
55-38 0 0 0
55-39 0 0 0
55-40 0 0 0
55-41 0 0 0
55-42 0 0 0
55-43 0 0 0
55-44 0 0 0
55-45 0 0 0
55-46 0 0 0
55-47 0 0 0
55-48 0 0 0
55-49 0 0 0
55-50 0 0 0
55-51 0 0 0
55-52 0 0 0
55-53 0 0 0
55-54 0 0 0
55-55 0 0 0
55-56 0 0 0
55-57 0 0 0
56-0 17 0 17
56-1 0 0 0
56-2 0 0 0
56-3 0 0 0
56-4 0 0 0
56-5 0 0 0
56-6 0 0 0
56-7 0 0 0
56-8 0 0 0
56-9 0 0 0
56-10 0 0 0
56-11 0 0 0
56-12 0 0 0
56-13 0 0 0
56-14 0 0 0
56-15 0 0 0
56-16 0 0 0
56-17 0 0 0
56-18 0 0 0
56-19 0 0 0
56-20 0 0 0
56-21 0 0 0
56-22 0 0 0
56-23 0 0 0
56-24 0 0 0
56-25 0 0 0
56-26 0 0 0
56-27 0 0 0
56-28 0 0 0
56-29 0 0 0
56-30 0 0 0
56-31 0 0 0
56-32 0 0 0
56-33 0 0 0
56-34 0 0 0
56-35 0 0 0
56-36 0 0 0
56-37 0 0 0
56-38 0 0 0
56-39 0 0 0
56-40 0 0 0
56-41 0 0 0
56-42 0 0 0
56-43 0 0 0
56-44 0 0 0
56-45 0 0 0
56-46 0 0 0
56-47 0 0 0
56-48 0 0 0
56-49 0 0 0
56-50 0 0 0
56-51 0 0 0
56-52 0 0 0
56-53 0 0 0
56-54 0 0 0
56-55 0 0 0
56-56 0 0 0
56-57 0 0 0
