0-0 0 0 0
0-1 0 728138 728138
0-2 0 344778 344778
0-3 0 73343 73343
0-4 0 9438 9438
0-5 0 774 774
0-6 0 58 58
1-0 727379 0 727379
1-1 43555 43465 87020
1-2 9044 25314 34358
1-3 1147 5760 6907
1-4 90 623 713
1-5 7 62 69
1-6 1 4 5
2-0 344720 0 344720
2-1 25386 9087 34473
2-2 5555 5403 10958
2-3 748 1296 2044
2-4 72 186 258
2-5 3 8 11
2-6 0 0 0
3-0 74093 0 74093
3-1 5657 1136 6793
3-2 1193 732 1925
3-3 161 173 334
3-4 16 20 36
3-5 0 0 0
3-6 0 0 0
4-0 9273 0 9273
4-1 742 98 840
4-2 169 72 241
4-3 5 7 12
4-4 0 0 0
4-5 0 0 0
4-6 0 0 0
5-0 829 0 829
5-1 66 3 69
5-2 38 12 50
5-3 4 2 6
5-4 0 0 0
5-5 0 0 0
5-6 0 0 0
