0-0 0 0 0
0-1 0 565321 565321
0-2 0 249901 249901
0-3 0 52717 52717
0-4 0 6636 6636
0-5 0 608 608
0-6 0 34 34
1-0 565945 0 565945
1-1 174024 174189 348213
1-2 36415 102247 138662
1-3 4384 21997 26381
1-4 416 2832 3248
1-5 36 303 339
1-6 2 21 23
2-0 248777 0 248777
2-1 102044 36266 138310
2-2 22584 22547 45131
2-3 2841 4983 7824
2-4 218 546 764
2-5 20 49 69
2-6 0 0 0
3-0 53025 0 53025
3-1 22550 4564 27114
3-2 4931 2829 7760
3-3 556 575 1131
3-4 57 77 134
3-5 1 5 6
3-6 0 0 0
4-0 6621 0 6621
4-1 2880 383 3263
4-2 602 258 860
4-3 76 49 125
4-4 10 7 17
4-5 0 0 0
4-6 0 0 0
5-0 615 0 615
5-1 249 25 274
5-2 69 20 89
5-3 4 3 7
5-4 0 0 0
5-5 0 0 0
5-6 0 0 0
