0-0 0 0 0
0-1 0 619746 619746
0-2 0 281168 281168
0-3 0 59453 59453
0-4 0 7289 7289
0-5 0 623 623
0-6 0 55 55
1-0 620427 0 620427
1-1 130628 130438 261066
1-2 27192 76610 103802
1-3 3352 16803 20155
1-4 311 2075 2386
1-5 16 162 178
1-6 1 17 18
2-0 280055 0 280055
2-1 76637 27160 103797
2-2 17225 17211 34436
2-3 2176 3877 6053
2-4 207 529 736
2-5 13 41 54
2-6 0 0 0
3-0 59391 0 59391
3-1 16817 3392 20209
3-2 3816 2206 6022
3-3 498 503 1001
3-4 54 72 126
3-5 2 0 2
3-6 3 5 8
4-0 7528 0 7528
4-1 2196 305 2501
4-2 489 177 666
4-3 49 27 76
4-4 5 4 9
4-5 0 0 0
4-6 0 0 0
5-0 612 0 612
5-1 200 30 230
5-2 28 9 37
5-3 4 3 7
5-4 0 0 0
5-5 0 0 0
5-6 0 0 0
6-0 45 0 45
6-1 6 1 7
6-2 5 0 5
6-3 2 0 2
6-4 4 3 7
6-5 0 0 0
6-6 0 0 0
