0-0 0 0 0
0-1 0 183391 183391
0-2 0 51002 51002
0-3 0 84011 84011
0-4 0 119948 119948
0-5 0 177061 177061
0-6 0 78430 78430
0-7 0 9333 9333
0-8 0 438 438
0-9 0 3 3
0-10 0 0 0
1-0 183608 0 183608
1-1 11212 11129 22341
1-2 311 1208 1519
1-3 6 32 38
1-4 0 1 1
1-5 0 0 0
1-6 0 0 0
1-7 0 0 0
1-8 0 0 0
1-9 0 0 0
1-10 0 0 0
2-0 51377 0 51377
2-1 1187 268 1455
2-2 35 33 68
2-3 1 1 2
2-4 0 0 0
2-5 1 7 8
2-6 0 5 5
2-7 0 1 1
2-8 0 0 0
2-9 0 0 0
2-10 0 0 0
3-0 84622 0 84622
3-1 52 6 58
3-2 0 0 0
3-3 2 3 5
3-4 12 17 29
3-5 47 151 198
3-6 23 129 152
3-7 3 31 34
3-8 0 7 7
3-9 0 0 0
3-10 0 0 0
4-0 118593 0 118593
4-1 0 0 0
4-2 0 1 1
4-3 18 15 33
4-4 200 242 442
4-5 830 1889 2719
4-6 532 1472 2004
4-7 110 511 621
4-8 21 79 100
4-9 0 10 10
4-10 0 0 0
5-0 176437 0 176437
5-1 0 0 0
5-2 12 0 12
5-3 154 34 188
5-4 1918 872 2790
5-5 15809 16039 31848
5-6 17715 26060 43775
5-7 6683 14080 20763
5-8 1188 3352 4540
5-9 128 436 564
5-10 11 31 42
6-0 78273 0 78273
6-1 0 0 0
6-2 7 0 7
6-3 107 28 135
6-4 1508 485 1993
6-5 26134 17488 43622
6-6 54480 54539 109019
6-7 38292 51000 89292
6-8 10116 16709 26825
6-9 1191 2391 3582
6-10 74 177 251
7-0 9288 0 9288
7-1 0 0 0
7-2 7 0 7
7-3 22 6 28
7-4 550 132 682
7-5 13956 6593 20549
7-6 51503 38472 89975
7-7 50626 50456 101082
7-8 14949 18589 33538
7-9 1985 2793 4778
7-10 155 225 380
8-0 326 0 326
8-1 0 0 0
8-2 0 0 0
8-3 3 1 4
8-4 98 25 123
8-5 3376 1216 4592
8-6 16838 10281 27119
8-7 18841 15356 34197
8-8 5962 6025 11987
8-9 749 858 1607
8-10 55 77 132
9-0 8 0 8
9-1 0 0 0
9-2 0 0 0
9-3 0 0 0
9-4 4 1 5
9-5 423 117 540
9-6 2378 1301 3679
9-7 2910 1950 4860
9-8 920 749 1669
9-9 116 109 225
9-10 3 8 11
10-0 0 0 0
10-1 0 0 0
10-2 0 0 0
10-3 0 0 0
10-4 0 0 0
10-5 46 9 55
10-6 223 135 358
10-7 228 150 378
10-8 74 61 135
10-9 22 17 39
10-10 0 0 0
