0-0 0 0 0
0-1 0 1660246 1660246
0-2 0 145969 145969
0-3 0 5977 5977
0-4 0 8899 8899
0-5 0 31055 31055
0-6 0 87379 87379
0-7 0 199368 199368
0-8 0 386702 386702
0-9 0 640972 640972
0-10 0 912845 912845
0-11 0 1135755 1135755
0-12 0 1248046 1248046
0-13 0 1209875 1209875
0-14 0 1062047 1062047
0-15 0 839179 839179
0-16 0 594458 594458
0-17 0 390433 390433
0-18 0 233861 233861
0-19 0 131812 131812
0-20 0 67369 67369
0-21 0 33230 33230
0-22 0 15117 15117
0-23 0 6561 6561
0-24 0 2305 2305
0-25 0 893 893
0-26 0 339 339
0-27 0 77 77
0-28 0 70 70
1-0 1660656 0 1660656
1-1 82376 82157 164533
1-2 2113 12560 14673
1-3 66 451 517
1-4 8 24 32
1-5 14 7 21
1-6 18 13 31
1-7 30 34 64
1-8 27 52 79
1-9 24 61 85
1-10 19 64 83
1-11 8 75 83
1-12 7 50 57
1-13 5 46 51
1-14 1 38 39
1-15 1 28 29
1-16 1 12 13
1-17 0 9 9
1-18 0 3 3
1-19 0 5 5
1-20 0 3 3
1-21 0 0 0
1-22 0 0 0
1-23 0 0 0
1-24 0 0 0
1-25 0 0 0
1-26 0 0 0
1-27 0 0 0
1-28 0 0 0
2-0 146273 0 146273
2-1 12683 2167 14850
2-2 491 490 981
2-3 23 31 54
2-4 8 11 19
2-5 15 27 42
2-6 23 75 98
2-7 38 130 168
2-8 68 232 300
2-9 79 298 377
2-10 68 382 450
2-11 46 373 419
2-12 38 384 422
2-13 39 293 332
2-14 21 233 254
2-15 16 155 171
2-16 7 105 112
2-17 8 71 79
2-18 4 38 42
2-19 1 9 10
2-20 0 5 5
2-21 0 1 1
2-22 0 1 1
2-23 0 0 0
2-24 0 0 0
2-25 0 0 0
2-26 0 0 0
2-27 0 0 0
2-28 0 0 0
3-0 5880 0 5880
3-1 491 46 537
3-2 24 20 44
3-3 15 9 24
3-4 27 49 76
3-5 66 126 192
3-6 150 318 468
3-7 257 617 874
3-8 287 980 1267
3-9 371 1495 1866
3-10 412 1676 2088
3-11 383 1831 2214
3-12 305 1748 2053
3-13 237 1468 1705
3-14 167 1191 1358
3-15 114 814 928
3-16 53 560 613
3-17 33 302 335
3-18 13 129 142
3-19 4 99 103
3-20 2 48 50
3-21 2 29 31
3-22 1 9 10
3-23 0 2 2
3-24 0 2 2
3-25 0 0 0
3-26 0 0 0
3-27 0 0 0
3-28 0 0 0
4-0 9082 0 9082
4-1 20 9 29
4-2 8 7 15
4-3 55 44 99
4-4 128 117 245
4-5 294 409 703
4-6 576 982 1558
4-7 958 1981 2939
4-8 1356 3271 4627
4-9 1783 4753 6536
4-10 1867 5879 7746
4-11 1859 6332 8191
4-12 1505 6223 7728
4-13 1193 5305 6498
4-14 845 4416 5261
4-15 568 3159 3727
4-16 341 2155 2496
4-17 173 1244 1417
4-18 99 750 849
4-19 43 332 375
4-20 21 139 160
4-21 2 87 89
4-22 2 49 51
4-23 1 6 7
4-24 1 0 1
4-25 0 0 0
4-26 0 1 1
4-27 0 0 0
4-28 0 0 0
5-0 31276 0 31276
5-1 12 7 19
5-2 30 24 54
5-3 134 71 205
5-4 398 300 698
5-5 986 1005 1991
5-6 1962 2384 4346
5-7 3253 4847 8100
5-8 4644 8361 13005
5-9 5873 12229 18102
5-10 6415 15711 22126
5-11 6160 17399 23559
5-12 5380 17362 22742
5-13 4389 15333 19722
5-14 3035 12731 15766
5-15 2044 9322 11366
5-16 1321 6536 7857
5-17 706 3811 4517
5-18 348 2131 2479
5-19 172 1017 1189
5-20 83 558 641
5-21 27 217 244
5-22 11 100 111
5-23 4 31 35
5-24 3 27 30
5-25 0 3 3
5-26 0 1 1
5-27 0 0 0
5-28 0 0 0
6-0 87772 0 87772
6-1 17 14 31
6-2 88 24 112
6-3 294 142 436
6-4 902 588 1490
6-5 2438 1974 4412
6-6 4842 4803 9645
6-7 8344 10023 18367
6-8 12242 17478 29720
6-9 15519 26323 41842
6-10 17311 34410 51721
6-11 17497 39545 57042
6-12 15543 39727 55270
6-13 12554 36347 48901
6-14 9145 30253 39398
6-15 6216 22680 28896
6-16 3805 15680 19485
6-17 2224 9660 11884
6-18 1207 5751 6958
6-19 593 3021 3614
6-20 273 1568 1841
6-21 105 681 786
6-22 39 241 280
6-23 5 89 94
6-24 4 28 32
6-25 1 14 15
6-26 0 6 6
6-27 0 2 2
6-28 0 0 0
7-0 199927 0 199927
7-1 47 34 81
7-2 122 47 169
7-3 627 284 911
7-4 1923 1026 2949
7-5 4861 3305 8166
7-6 9991 8258 18249
7-7 17649 17594 35243
7-8 26448 31299 57747
7-9 34364 48459 82823
7-10 39440 64253 103693
7-11 39908 75007 114915
7-12 36726 77976 114702
7-13 30182 72426 102608
7-14 22191 60193 82384
7-15 15250 45612 60862
7-16 9706 31829 41535
7-17 5595 20602 26197
7-18 3099 12303 15402
7-19 1528 6450 7978
7-20 682 3269 3951
7-21 291 1427 1718
7-22 114 634 748
7-23 35 214 249
7-24 11 107 118
7-25 7 38 45
7-26 2 12 14
7-27 0 8 8
7-28 0 0 0
8-0 387668 0 387668
8-1 38 43 81
8-2 235 67 302
8-3 1057 307 1364
8-4 3353 1481 4834
8-5 8230 4648 12878
8-6 17212 12205 29417
8-7 31509 26295 57804
8-8 48346 48403 96749
8-9 64559 75564 140123
8-10 75370 103005 178375
8-11 77893 122064 199957
8-12 72322 129285 201607
8-13 60067 120603 180670
8-14 46244 104167 150411
8-15 31829 79759 111588
8-16 20415 56119 76534
8-17 12142 36237 48379
8-18 6442 21171 27613
8-19 3226 11522 14748
8-20 1489 5757 7246
8-21 698 2803 3501
8-22 303 1339 1642
8-23 102 448 550
8-24 42 180 222
8-25 12 79 91
8-26 9 48 57
8-27 0 3 3
8-28 0 0 0
9-0 639536 0 639536
9-1 58 26 84
9-2 338 61 399
9-3 1348 399 1747
9-4 4756 1673 6429
9-5 12116 5766 17882
9-6 26696 15592 42288
9-7 47992 34627 82619
9-8 75654 64186 139840
9-9 102476 102250 204726
9-10 122711 142781 265492
9-11 129335 172126 301461
9-12 121907 184170 306077
9-13 102835 175262 278097
9-14 80352 152400 232752
9-15 55790 118585 174375
9-16 35532 82772 118304
9-17 21347 53285 74632
9-18 11468 31746 43214
9-19 5850 17421 23271
9-20 2812 9063 11875
9-21 1266 4453 5719
9-22 610 2197 2807
9-23 212 783 995
9-24 73 291 364
9-25 14 65 79
9-26 3 31 34
9-27 4 10 14
9-28 0 1 1
10-0 914373 0 914373
10-1 58 21 79
10-2 373 59 432
10-3 1774 403 2177
10-4 5909 1848 7757
10-5 15474 6418 21892
10-6 34110 17502 51612
10-7 64327 39416 103743
10-8 102767 74951 177718
10-9 142340 122548 264888
10-10 173107 172421 345528
10-11 185499 212862 398361
10-12 176200 230376 406576
10-13 150908 220936 371844
10-14 116999 191329 308328
10-15 83255 151514 234769
10-16 53724 106610 160334
10-17 31881 69626 101507
10-18 17612 41317 58929
10-19 9050 23369 32419
10-20 4416 12369 16785
10-21 1955 5559 7514
10-22 852 2598 3450
10-23 300 1104 1404
10-24 115 383 498
10-25 41 139 180
10-26 9 40 49
10-27 3 9 12
10-28 3 2 5
11-0 1137220 0 1137220
11-1 70 11 81
11-2 396 55 451
11-3 1851 388 2239
11-4 6426 1756 8182
11-5 17617 6148 23765
11-6 39038 17365 56403
11-7 75092 39915 115007
11-8 122690 78365 201055
11-9 172624 129474 302098
11-10 211605 184690 396295
11-11 228449 229711 458160
11-12 221851 252550 474401
11-13 191593 245323 436916
11-14 150068 213927 363995
11-15 106970 170019 276989
11-16 69163 121540 190703
11-17 41556 78737 120293
11-18 23484 47517 71001
11-19 12122 26555 38677
11-20 5874 13853 19727
11-21 2496 6346 8842
11-22 1112 2961 4073
11-23 425 1205 1630
11-24 184 580 764
11-25 74 212 286
11-26 24 55 79
11-27 4 8 12
11-28 3 8 11
12-0 1250698 0 1250698
12-1 45 6 51
12-2 362 39 401
12-3 1713 350 2063
12-4 6413 1548 7961
12-5 17426 5408 22834
12-6 40091 15567 55658
12-7 77502 36435 113937
12-8 129451 72062 201513
12-9 185106 122554 307660
12-10 229884 176810 406694
12-11 252170 221323 473493
12-12 246268 245893 492161
12-13 214079 240354 454433
12-14 168484 211555 380039
12-15 120849 168008 288857
12-16 79018 120412 199430
12-17 47212 78776 125988
12-18 26737 48587 75324
12-19 13364 26251 39615
12-20 6570 13952 20522
12-21 2991 6597 9588
12-22 1183 2820 4003
12-23 522 1379 1901
12-24 181 527 708
12-25 57 164 221
12-26 19 59 78
12-27 14 28 42
12-28 0 6 6
13-0 1212182 0 1212182
13-1 51 6 57
13-2 331 33 364
13-3 1567 256 1823
13-4 5314 1178 6492
13-5 15617 4220 19837
13-6 36607 12607 49214
13-7 72075 30306 102381
13-8 122111 60465 182576
13-9 176570 103254 279824
13-10 223553 151729 375282
13-11 245171 192798 437969
13-12 242152 214258 456410
13-13 210101 211612 421713
13-14 167575 185766 353341
13-15 120384 148617 269001
13-16 78675 106722 185397
13-17 47613 70361 117974
13-18 26545 42385 68930
13-19 13559 23485 37044
13-20 6586 12229 18815
13-21 3130 6247 9377
13-22 1391 2863 4254
13-23 619 1263 1882
13-24 270 630 900
13-25 51 155 206
13-26 7 39 46
13-27 17 54 71
13-28 0 0 0
14-0 1057254 0 1057254
14-1 42 5 47
14-2 262 27 289
14-3 1230 164 1394
14-4 4253 755 5008
14-5 12311 3009 15320
14-6 29948 9100 39048
14-7 60086 22410 82496
14-8 102729 45449 148178
14-9 151381 79743 231124
14-10 192293 117089 309382
14-11 213315 149689 363004
14-12 211946 168856 380802
14-13 187493 168333 355826
14-14 149131 148426 297557
14-15 107007 118591 225598
14-16 70096 85250 155346
14-17 42609 56472 99081
14-18 23653 34255 57908
14-19 11926 18668 30594
14-20 6150 9904 16054
14-21 2786 4944 7730
14-22 1149 2203 3352
14-23 488 936 1424
14-24 281 523 804
14-25 68 166 234
14-26 9 18 27
14-27 7 9 16
14-28 0 0 0
15-0 831940 0 831940
15-1 27 2 29
15-2 183 16 199
15-3 819 109 928
15-4 3068 529 3597
15-5 8948 1971 10919
15-6 22209 5983 28192
15-7 45847 15405 61252
15-8 79404 32099 111503
15-9 118024 55721 173745
15-10 150171 82420 232591
15-11 168421 105987 274408
15-12 167853 120792 288645
15-13 149003 121139 270142
15-14 119209 107699 226908
15-15 86475 87012 173487
15-16 56942 62470 119412
15-17 34499 41853 76352
15-18 19322 25227 44549
15-19 10028 14085 24113
15-20 4826 7146 11972
15-21 2207 3581 5788
15-22 948 1679 2627
15-23 440 710 1150
15-24 161 362 523
15-25 60 105 165
15-26 8 25 33
15-27 5 7 12
15-28 0 0 0
16-0 595462 0 595462
16-1 8 0 8
16-2 78 8 86
16-3 520 62 582
16-4 2118 325 2443
16-5 6272 1274 7546
16-6 15377 3800 19177
16-7 31839 9616 41455
16-8 56406 20467 76873
16-9 83311 35768 119079
16-10 107596 53789 161385
16-11 120089 69796 189885
16-12 120158 78553 198711
16-13 107740 79676 187416
16-14 86377 71324 157701
16-15 62882 56794 119676
16-16 42086 42212 84298
16-17 25086 27635 52721
16-18 13801 16295 30096
16-19 7147 9200 16347
16-20 3368 4663 8031
16-21 1466 2215 3681
16-22 805 1203 2008
16-23 250 424 674
16-24 93 190 283
16-25 26 61 87
16-26 12 10 22
16-27 1 4 5
16-28 0 0 0
17-0 389885 0 389885
17-1 11 0 11
17-2 63 6 69
17-3 318 30 348
17-4 1197 157 1354
17-5 3849 710 4559
17-6 9371 2117 11488
17-7 20160 5637 25797
17-8 35921 11941 47862
17-9 53658 21192 74850
17-10 70295 32237 102532
17-11 79296 42029 121325
17-12 78879 47565 126444
17-13 71260 47747 119007
17-14 57252 43347 100599
17-15 40847 33683 74530
17-16 27226 25028 52254
17-17 16433 16617 33050
17-18 9270 9915 19185
17-19 4818 5662 10480
17-20 2231 2802 5033
17-21 1094 1407 2501
17-22 463 651 1114
17-23 234 337 571
17-24 68 114 182
17-25 20 42 62
17-26 6 13 19
17-27 8 17 25
17-28 0 0 0
18-0 235917 0 235917
18-1 5 0 5
18-2 36 2 38
18-3 178 22 200
18-4 699 90 789
18-5 2275 349 2624
18-6 5608 1198 6806
18-7 11930 3095 15025
18-8 21182 6460 27642
18-9 32413 11773 44186
18-10 43268 18333 61601
18-11 47741 23522 71263
18-12 47773 26574 74347
18-13 42346 26471 68817
18-14 34760 23987 58747
18-15 24698 19253 43951
18-16 17051 14358 31409
18-17 10143 9374 19517
18-18 5559 5454 11013
18-19 2755 3030 5785
18-20 1325 1544 2869
18-21 615 687 1302
18-22 258 371 629
18-23 113 154 267
18-24 30 38 68
18-25 15 32 47
18-26 5 4 9
18-27 4 3 7
18-28 0 0 0
19-0 130485 0 130485
19-1 2 0 2
19-2 13 3 16
19-3 86 9 95
19-4 384 30 414
19-5 1196 183 1379
19-6 3029 587 3616
19-7 6550 1540 8090
19-8 11678 3261 14939
19-9 17885 6173 24058
19-10 23369 9158 32527
19-11 27228 12046 39274
19-12 27481 13883 41364
19-13 24190 13945 38135
19-14 19229 12503 31732
19-15 13969 9775 23744
19-16 8987 7040 16027
19-17 5772 4987 10759
19-18 3309 3087 6396
19-19 1494 1543 3037
19-20 742 801 1543
19-21 249 291 540
19-22 116 174 290
19-23 57 55 112
19-24 13 26 39
19-25 8 12 20
19-26 1 2 3
19-27 3 4 7
19-28 0 0 0
20-0 67065 0 67065
20-1 1 0 1
20-2 10 0 10
20-3 39 4 43
20-4 150 23 173
20-5 594 81 675
20-6 1502 262 1764
20-7 3146 706 3852
20-8 6070 1574 7644
20-9 9108 2910 12018
20-10 12342 4532 16874
20-11 13861 5894 19755
20-12 13844 6743 20587
20-13 12350 6602 18952
20-14 9994 6033 16027
20-15 7600 5167 12767
20-16 5012 3683 8695
20-17 2988 2354 5342
20-18 1763 1518 3281
20-19 813 782 1595
20-20 384 409 793
20-21 200 199 399
20-22 81 87 168
20-23 18 19 37
20-24 6 5 11
20-25 8 10 18
20-26 0 0 0
20-27 0 0 0
20-28 0 0 0
21-0 32362 0 32362
21-1 0 0 0
21-2 2 0 2
21-3 11 0 11
21-4 65 8 73
21-5 255 29 284
21-6 712 122 834
21-7 1553 277 1830
21-8 2929 779 3708
21-9 4510 1290 5800
21-10 5940 2073 8013
21-11 6545 2597 9142
21-12 6833 3066 9899
21-13 6206 2977 9183
21-14 5067 2801 7868
21-15 3661 2149 5810
21-16 2469 1694 4163
21-17 1334 1008 2342
21-18 910 686 1596
21-19 381 362 743
21-20 208 196 404
21-21 92 82 174
21-22 38 34 72
21-23 7 12 19
21-24 2 0 2
21-25 0 0 0
21-26 0 0 0
21-27 0 0 0
21-28 0 0 0
22-0 14596 0 14596
22-1 0 0 0
22-2 1 0 1
22-3 4 0 4
22-4 21 2 23
22-5 121 14 135
22-6 321 47 368
22-7 639 145 784
22-8 1264 284 1548
22-9 1927 540 2467
22-10 2640 851 3491
22-11 3160 1145 4305
22-12 2944 1274 4218
22-13 2617 1259 3876
22-14 2285 1190 3475
22-15 1466 856 2322
22-16 1005 640 1645
22-17 657 493 1150
22-18 352 259 611
22-19 213 163 376
22-20 70 61 131
22-21 47 53 100
22-22 9 9 18
22-23 0 0 0
22-24 0 0 0
22-25 0 0 0
22-26 0 0 0
22-27 0 0 0
22-28 0 0 0
23-0 6054 0 6054
23-1 0 0 0
23-2 2 0 2
23-3 0 1 1
23-4 13 0 13
23-5 50 8 58
23-6 143 17 160
23-7 215 44 259
23-8 474 104 578
23-9 951 188 1139
23-10 1139 351 1490
23-11 1329 437 1766
23-12 1277 531 1808
23-13 997 444 1441
23-14 881 443 1324
23-15 786 397 1183
23-16 471 279 750
23-17 313 224 537
23-18 141 103 244
23-19 77 73 150
23-20 13 11 24
23-21 1 6 7
23-22 3 4 7
23-23 0 0 0
23-24 0 0 0
23-25 0 0 0
23-26 0 0 0
23-27 0 0 0
23-28 0 0 0
24-0 2577 0 2577
24-1 0 0 0
24-2 0 0 0
24-3 1 0 1
24-4 2 0 2
24-5 6 1 7
24-6 60 6 66
24-7 104 11 115
24-8 179 36 215
24-9 267 67 334
24-10 414 103 517
24-11 597 187 784
24-12 613 219 832
24-13 480 213 693
24-14 366 150 516
24-15 305 145 450
24-16 174 111 285
24-17 138 101 239
24-18 97 50 147
24-19 18 15 33
24-20 10 7 17
24-21 1 0 1
24-22 0 0 0
24-23 0 0 0
24-24 0 0 0
24-25 0 0 0
24-26 0 0 0
24-27 0 0 0
24-28 0 0 0
25-0 989 0 989
25-1 0 0 0
25-2 0 0 0
25-3 1 0 1
25-4 8 2 10
25-5 5 0 5
25-6 16 4 20
25-7 33 5 38
25-8 71 11 82
25-9 137 25 162
25-10 127 31 158
25-11 206 80 286
25-12 211 73 284
25-13 169 75 244
25-14 117 53 170
25-15 116 62 178
25-16 42 32 74
25-17 36 24 60
25-18 18 8 26
25-19 16 10 26
25-20 1 2 3
25-21 0 0 0
25-22 0 0 0
25-23 0 0 0
25-24 0 0 0
25-25 0 0 0
25-26 0 0 0
25-27 0 0 0
25-28 0 0 0
26-0 352 0 352
26-1 0 0 0
26-2 0 0 0
26-3 0 0 0
26-4 0 0 0
26-5 4 0 4
26-6 5 0 5
26-7 15 2 17
26-8 38 10 48
26-9 64 18 82
26-10 126 28 154
26-11 68 23 91
26-12 49 21 70
26-13 32 10 42
26-14 76 35 111
26-15 77 45 122
26-16 53 23 76
26-17 62 27 89
26-18 9 4 13
26-19 4 5 9
26-20 5 5 10
26-21 0 0 0
26-22 0 0 0
26-23 0 0 0
26-24 0 0 0
26-25 0 0 0
26-26 0 0 0
26-27 0 0 0
26-28 0 0 0
27-0 67 0 67
27-1 0 0 0
27-2 0 0 0
27-3 0 0 0
27-4 0 0 0
27-5 0 0 0
27-6 0 0 0
27-7 2 0 2
27-8 8 0 8
27-9 6 0 6
27-10 43 12 55
27-11 38 13 51
27-12 24 7 31
27-13 59 17 76
27-14 49 18 67
27-15 0 0 0
27-16 0 0 0
27-17 0 0 0
27-18 0 0 0
27-19 0 0 0
27-20 0 0 0
27-21 0 0 0
27-22 0 0 0
27-23 0 0 0
27-24 0 0 0
27-25 0 0 0
27-26 0 0 0
27-27 0 0 0
27-28 0 0 0
28-0 52 0 52
28-1 0 0 0
28-2 0 0 0
28-3 0 0 0
28-4 0 0 0
28-5 0 0 0
28-6 0 0 0
28-7 0 0 0
28-8 5 0 5
28-9 5 1 6
28-10 12 5 17
28-11 2 0 2
28-12 1 1 2
28-13 0 0 0
28-14 0 0 0
28-15 0 0 0
28-16 0 0 0
28-17 0 0 0
28-18 0 0 0
28-19 0 0 0
28-20 0 0 0
28-21 0 0 0
28-22 0 0 0
28-23 0 0 0
28-24 0 0 0
28-25 0 0 0
28-26 0 0 0
28-27 0 0 0
28-28 0 0 0
29-0 0 0 0
29-1 0 0 0
29-2 0 0 0
29-3 0 0 0
29-4 0 0 0
29-5 0 0 0
29-6 0 0 0
29-7 0 0 0
29-8 0 0 0
29-9 0 0 0
29-10 0 0 0
29-11 0 0 0
29-12 0 0 0
29-13 0 0 0
29-14 0 0 0
29-15 0 0 0
29-16 0 0 0
29-17 0 0 0
29-18 0 0 0
29-19 0 0 0
29-20 0 0 0
29-21 0 0 0
29-22 0 0 0
29-23 0 0 0
29-24 0 0 0
29-25 0 0 0
29-26 0 0 0
29-27 0 0 0
29-28 0 0 0
