0-0 0 0 0
0-1 0 1716910 1716910
0-2 0 155421 155421
0-3 0 8143 8143
0-4 0 18194 18194
0-5 0 62777 62777
0-6 0 175105 175105
0-7 0 400463 400463
0-8 0 776701 776701
0-9 0 1283645 1283645
0-10 0 1830306 1830306
0-11 0 2271960 2271960
0-12 0 2495020 2495020
0-13 0 2423643 2423643
0-14 0 2111279 2111279
0-15 0 1663584 1663584
0-16 0 1192297 1192297
0-17 0 778746 778746
0-18 0 472840 472840
0-19 0 262367 262367
0-20 0 134915 134915
0-21 0 65250 65250
0-22 0 28796 28796
0-23 0 12109 12109
0-24 0 5048 5048
0-25 0 1817 1817
0-26 0 890 890
0-27 0 209 209
0-28 0 74 74
0-29 0 0 0
1-0 1720390 0 1720390
1-1 27792 27661 55453
1-2 729 4224 4953
1-3 17 158 175
1-4 4 6 10
1-5 2 2 4
1-6 8 4 12
1-7 13 21 34
1-8 13 18 31
1-9 13 27 40
1-10 10 18 28
1-11 7 26 33
1-12 1 26 27
1-13 0 12 12
1-14 0 13 13
1-15 2 16 18
1-16 0 7 7
1-17 0 1 1
1-18 0 0 0
1-19 0 0 0
1-20 0 0 0
1-21 0 0 0
1-22 0 0 0
1-23 0 0 0
1-24 0 0 0
1-25 0 0 0
1-26 0 0 0
1-27 0 0 0
1-28 0 0 0
1-29 0 0 0
2-0 155676 0 155676
2-1 4323 725 5048
2-2 128 141 269
2-3 1 5 6
2-4 2 3 5
2-5 4 15 19
2-6 6 21 27
2-7 14 42 56
2-8 26 84 110
2-9 24 116 140
2-10 17 137 154
2-11 14 107 121
2-12 17 113 130
2-13 7 96 103
2-14 10 84 94
2-15 5 50 55
2-16 3 36 39
2-17 2 20 22
2-18 0 11 11
2-19 0 6 6
2-20 0 1 1
2-21 0 0 0
2-22 0 1 1
2-23 0 0 0
2-24 0 0 0
2-25 0 0 0
2-26 0 0 0
2-27 0 0 0
2-28 0 0 0
2-29 0 0 0
3-0 8051 0 8051
3-1 144 14 158
3-2 5 5 10
3-3 5 7 12
3-4 11 19 30
3-5 28 47 75
3-6 47 121 168
3-7 80 196 276
3-8 108 341 449
3-9 118 492 610
3-10 155 576 731
3-11 127 592 719
3-12 95 514 609
3-13 80 474 554
3-14 54 374 428
3-15 35 282 317
3-16 21 184 205
3-17 11 115 126
3-18 6 53 59
3-19 1 29 30
3-20 3 9 12
3-21 2 4 6
3-22 0 3 3
3-23 0 2 2
3-24 0 1 1
3-25 0 0 0
3-26 0 0 0
3-27 0 0 0
3-28 0 0 0
3-29 0 0 0
4-0 18125 0 18125
4-1 4 4 8
4-2 6 3 9
4-3 14 12 26
4-4 35 35 70
4-5 107 137 244
4-6 211 294 505
4-7 334 684 1018
4-8 423 1084 1507
4-9 592 1659 2251
4-10 655 2031 2686
4-11 582 2082 2664
4-12 493 2104 2597
4-13 360 1802 2162
4-14 261 1451 1712
4-15 183 1090 1273
4-16 103 710 813
4-17 64 443 507
4-18 32 255 287
4-19 20 137 157
4-20 6 60 66
4-21 4 41 45
4-22 2 4 6
4-23 0 4 4
4-24 0 1 1
4-25 0 2 2
4-26 1 1 2
4-27 0 1 1
4-28 1 0 1
4-29 0 0 0
5-0 63014 0 63014
5-1 4 1 5
5-2 9 8 17
5-3 40 16 56
5-4 146 116 262
5-5 319 351 670
5-6 671 858 1529
5-7 1121 1689 2810
5-8 1569 2931 4500
5-9 1948 4103 6051
5-10 2145 5359 7504
5-11 2027 5796 7823
5-12 1806 5731 7537
5-13 1383 5083 6466
5-14 1006 4233 5239
5-15 647 2815 3462
5-16 416 2062 2478
5-17 259 1340 1599
5-18 148 712 860
5-19 67 398 465
5-20 33 193 226
5-21 13 91 104
5-22 4 37 41
5-23 3 26 29
5-24 1 12 13
5-25 0 2 2
5-26 1 5 6
5-27 0 1 1
5-28 0 1 1
5-29 0 0 0
6-0 175577 0 175577
6-1 9 11 20
6-2 20 15 35
6-3 93 43 136
6-4 337 214 551
6-5 755 636 1391
6-6 1659 1627 3286
6-7 2717 3444 6161
6-8 4123 5919 10042
6-9 5379 8896 14275
6-10 5873 11623 17496
6-11 5841 13141 18982
6-12 5254 13539 18793
6-13 4200 12264 16464
6-14 3170 10282 13452
6-15 2043 7566 9609
6-16 1280 5242 6522
6-17 730 3290 4020
6-18 394 1816 2210
6-19 181 967 1148
6-20 105 508 613
6-21 35 227 262
6-22 12 123 135
6-23 2 26 28
6-24 2 19 21
6-25 0 18 18
6-26 1 6 7
6-27 1 0 1
6-28 0 1 1
6-29 1 0 1
7-0 401306 0 401306
7-1 8 11 19
7-2 42 11 53
7-3 196 71 267
7-4 656 342 998
7-5 1700 1091 2791
7-6 3241 2694 5935
7-7 6043 5762 11805
7-8 8945 10634 19579
7-9 11501 16043 27544
7-10 13082 21311 34393
7-11 13671 25052 38723
7-12 12309 26025 38334
7-13 10505 24796 35301
7-14 7628 20610 28238
7-15 4992 15234 20226
7-16 3213 10336 13549
7-17 1889 6894 8783
7-18 964 3781 4745
7-19 471 2050 2521
7-20 233 1091 1324
7-21 87 442 529
7-22 45 182 227
7-23 21 132 153
7-24 3 22 25
7-25 8 46 54
7-26 1 3 4
7-27 0 1 1
7-28 0 0 0
7-29 1 0 1
8-0 777362 0 777362
8-1 29 13 42
8-2 91 22 113
8-3 359 109 468
8-4 1105 464 1569
8-5 2775 1573 4348
8-6 5906 4112 10018
8-7 10623 8864 19487
8-8 16029 15954 31983
8-9 21209 25085 46294
8-10 25115 33624 58739
8-11 25855 40837 66692
8-12 24120 43404 67524
8-13 20098 40844 60942
8-14 15415 34939 50354
8-15 10576 26642 37218
8-16 6712 18348 25060
8-17 4032 12219 16251
8-18 2061 6619 8680
8-19 1062 3790 4852
8-20 537 2102 2639
8-21 208 854 1062
8-22 93 412 505
8-23 48 215 263
8-24 13 86 99
8-25 3 31 34
8-26 2 7 9
8-27 0 1 1
8-28 0 0 0
8-29 0 0 0
9-0 1280954 0 1280954
9-1 21 10 31
9-2 123 31 154
9-3 500 156 656
9-4 1585 520 2105
9-5 4200 1962 6162
9-6 8711 5200 13911
9-7 15746 11356 27102
9-8 24813 21259 46072
9-9 34566 34327 68893
9-10 40710 47808 88518
9-11 43396 57343 100739
9-12 40872 61778 102650
9-13 34466 58814 93280
9-14 26817 50670 77487
9-15 18896 39780 58676
9-16 12061 27497 39558
9-17 6916 17635 24551
9-18 3696 10119 13815
9-19 1960 5782 7742
9-20 980 3230 4210
9-21 420 1478 1898
9-22 193 766 959
9-23 63 283 346
9-24 43 170 213
9-25 5 38 43
9-26 2 18 20
9-27 4 15 19
9-28 0 1 1
9-29 0 0 0
10-0 1827808 0 1827808
10-1 20 7 27
10-2 120 23 143
10-3 587 121 708
10-4 1897 642 2539
10-5 5180 2090 7270
10-6 11454 5823 17277
10-7 21526 13052 34578
10-8 34306 25042 59348
10-9 46984 40369 87353
10-10 57331 57466 114797
10-11 62157 70643 132800
10-12 58742 76676 135418
10-13 50194 74064 124258
10-14 39489 64653 104142
10-15 27801 50224 78025
10-16 17973 35721 53694
10-17 10392 23044 33436
10-18 5801 13695 19496
10-19 3052 7782 10834
10-20 1501 4071 5572
10-21 636 1912 2548
10-22 272 765 1037
10-23 102 315 417
10-24 52 206 258
10-25 8 44 52
10-26 7 19 26
10-27 4 13 17
10-28 0 0 0
10-29 0 0 0
11-0 2276821 0 2276821
11-1 26 3 29
11-2 105 13 118
11-3 631 111 742
11-4 2104 585 2689
11-5 5841 2144 7985
11-6 13008 5730 18738
11-7 24863 13290 38153
11-8 40533 25750 66283
11-9 56585 42515 99100
11-10 70644 61604 132248
11-11 76557 76204 152761
11-12 74477 83961 158438
11-13 63737 81408 145145
11-14 49455 71007 120462
11-15 35885 56680 92565
11-16 23426 40692 64118
11-17 13747 26211 39958
11-18 7625 16076 23701
11-19 4027 9053 13080
11-20 1873 4446 6319
11-21 950 2455 3405
11-22 363 1007 1370
11-23 156 454 610
11-24 59 172 231
11-25 19 77 96
11-26 5 17 22
11-27 3 11 14
11-28 0 0 0
11-29 0 0 0
12-0 2492435 0 2492435
12-1 22 3 25
12-2 113 13 126
12-3 629 121 750
12-4 2110 497 2607
12-5 5865 1798 7663
12-6 13404 5144 18548
12-7 25642 12269 37911
12-8 42901 24055 66956
12-9 61690 40769 102459
12-10 75957 58093 134050
12-11 84368 74270 158638
12-12 81210 81532 162742
12-13 71330 80514 151844
12-14 55905 70049 125954
12-15 40472 56081 96553
12-16 26407 40237 66644
12-17 15875 25819 41694
12-18 8717 15861 24578
12-19 4564 8722 13286
12-20 2353 4790 7143
12-21 1152 2552 3704
12-22 412 1087 1499
12-23 196 542 738
12-24 72 183 255
12-25 33 85 118
12-26 16 22 38
12-27 0 0 0
12-28 0 0 0
12-29 0 0 0
13-0 2428671 0 2428671
13-1 17 1 18
13-2 117 11 128
13-3 511 87 598
13-4 1833 410 2243
13-5 5324 1406 6730
13-6 12172 4183 16355
13-7 23923 9891 33814
13-8 40687 20310 60997
13-9 58804 34162 92966
13-10 74015 50444 124459
13-11 81146 63483 144629
13-12 80336 71371 151707
13-13 70616 70934 141550
13-14 55122 61827 116949
13-15 40151 49254 89405
13-16 26413 35945 62358
13-17 16037 23597 39634
13-18 8765 14327 23092
13-19 4727 8111 12838
13-20 2267 4184 6451
13-21 1009 2068 3077
13-22 488 1017 1505
13-23 150 390 540
13-24 50 133 183
13-25 25 52 77
13-26 10 19 29
13-27 1 2 3
13-28 0 0 0
13-29 0 0 0
14-0 2116720 0 2116720
14-1 13 0 13
14-2 84 3 87
14-3 371 58 429
14-4 1452 308 1760
14-5 4234 1065 5299
14-6 10002 3158 13160
14-7 20205 7590 27795
14-8 34740 15293 50033
14-9 50666 26524 77190
14-10 64164 39213 103377
14-11 71189 49744 120933
14-12 70314 56096 126410
14-13 62310 55606 117916
14-14 49083 49458 98541
14-15 35695 39459 75154
14-16 23342 28373 51715
14-17 14671 19614 34285
14-18 7725 11166 18891
14-19 4100 6359 10459
14-20 2080 3308 5388
14-21 942 1633 2575
14-22 394 726 1120
14-23 160 299 459
14-24 51 113 164
14-25 30 54 84
14-26 4 11 15
14-27 13 26 39
14-28 0 0 0
14-29 0 0 0
15-0 1666259 0 1666259
15-1 10 0 10
15-2 42 2 44
15-3 249 30 279
15-4 992 190 1182
15-5 3167 692 3859
15-6 7590 2158 9748
15-7 15315 4987 20302
15-8 26865 10767 37632
15-9 38616 18287 56903
15-10 50386 27567 77953
15-11 56948 36419 93367
15-12 55588 40211 95799
15-13 49468 40054 89522
15-14 39346 35568 74914
15-15 28858 29137 57995
15-16 19196 21191 40387
15-17 11714 14018 25732
15-18 6509 8533 15042
15-19 3291 4739 8030
15-20 1550 2403 3953
15-21 772 1241 2013
15-22 343 567 910
15-23 72 191 263
15-24 45 75 120
15-25 6 13 19
15-26 2 6 8
15-27 7 15 22
15-28 0 0 0
15-29 0 0 0
16-0 1185618 0 1185618
16-1 5 0 5
16-2 40 0 40
16-3 184 22 206
16-4 762 114 876
16-5 2104 407 2511
16-6 5016 1288 6304
16-7 10554 3317 13871
16-8 18238 6640 24878
16-9 27151 11681 38832
16-10 36044 18008 54052
16-11 40662 23433 64095
16-12 40563 26639 67202
16-13 35519 26152 61671
16-14 28723 23450 52173
16-15 21101 19234 40335
16-16 13942 13755 27697
16-17 8471 9350 17821
16-18 4775 5808 10583
16-19 2549 3093 5642
16-20 1154 1551 2705
16-21 537 764 1301
16-22 272 377 649
16-23 115 180 295
16-24 44 76 120
16-25 13 21 34
16-26 13 15 28
16-27 0 0 0
16-28 0 0 0
16-29 0 0 0
17-0 777156 0 777156
17-1 4 0 4
17-2 28 2 30
17-3 101 13 114
17-4 444 72 516
17-5 1308 230 1538
17-6 3208 706 3914
17-7 6473 1914 8387
17-8 11686 3931 15617
17-9 17912 7038 24950
17-10 23097 10599 33696
17-11 26315 13826 40141
17-12 26745 16239 42984
17-13 23794 16026 39820
17-14 18848 14153 33001
17-15 13562 11341 24903
17-16 8907 8209 17116
17-17 5568 5539 11107
17-18 3054 3386 6440
17-19 1623 1888 3511
17-20 833 1064 1897
17-21 371 509 880
17-22 157 215 372
17-23 33 52 85
17-24 39 57 96
17-25 4 10 14
17-26 1 0 1
17-27 0 0 0
17-28 0 0 0
17-29 0 0 0
18-0 469735 0 469735
18-1 10 0 10
18-2 10 0 10
18-3 38 4 42
18-4 234 19 253
18-5 737 115 852
18-6 1846 420 2266
18-7 3762 962 4724
18-8 7053 2109 9162
18-9 10838 3804 14642
18-10 14260 6067 20327
18-11 16497 7941 24438
18-12 16676 9073 25749
18-13 14066 8626 22692
18-14 11553 8062 19615
18-15 8374 6530 14904
18-16 5675 4858 10533
18-17 3373 3071 6444
18-18 1851 1850 3701
18-19 1038 1155 2193
18-20 473 507 980
18-21 234 283 517
18-22 100 154 254
18-23 27 40 67
18-24 10 13 23
18-25 0 0 0
18-26 1 0 1
18-27 0 1 1
18-28 0 0 0
18-29 0 0 0
19-0 260879 0 260879
19-1 1 0 1
19-2 6 0 6
19-3 25 4 29
19-4 144 17 161
19-5 377 72 449
19-6 1012 184 1196
19-7 2160 493 2653
19-8 3867 1072 4939
19-9 5685 1917 7602
19-10 7533 2941 10474
19-11 8706 3885 12591
19-12 8799 4454 13253
19-13 7916 4486 12402
19-14 6205 4082 10287
19-15 4643 3325 7968
19-16 3312 2467 5779
19-17 1996 1682 3678
19-18 1135 996 2131
19-19 611 628 1239
19-20 279 277 556
19-21 173 188 361
19-22 82 66 148
19-23 36 50 86
19-24 11 11 22
19-25 3 8 11
19-26 0 0 0
19-27 0 0 0
19-28 0 0 0
19-29 0 0 0
20-0 134626 0 134626
20-1 3 0 3
20-2 1 0 1
20-3 7 2 9
20-4 40 8 48
20-5 196 34 230
20-6 586 85 671
20-7 1067 246 1313
20-8 1943 527 2470
20-9 2906 935 3841
20-10 3970 1476 5446
20-11 4334 1817 6151
20-12 4724 2172 6896
20-13 4261 2320 6581
20-14 3391 2093 5484
20-15 2363 1554 3917
20-16 1555 1134 2689
20-17 1034 861 1895
20-18 487 479 966
20-19 303 261 564
20-20 139 135 274
20-21 37 36 73
20-22 20 24 44
20-23 6 8 14
20-24 9 11 20
20-25 0 1 1
20-26 0 0 0
20-27 0 0 0
20-28 0 0 0
20-29 0 0 0
21-0 63294 0 63294
21-1 0 0 0
21-2 0 1 1
21-3 4 0 4
21-4 35 3 38
21-5 98 12 110
21-6 254 40 294
21-7 463 103 566
21-8 939 250 1189
21-9 1385 412 1797
21-10 1884 659 2543
21-11 2152 841 2993
21-12 2377 1028 3405
21-13 2158 1100 3258
21-14 1600 976 2576
21-15 1155 663 1818
21-16 924 639 1563
21-17 545 413 958
21-18 235 180 415
21-19 143 112 255
21-20 59 65 124
21-21 40 47 87
21-22 12 18 30
21-23 2 1 3
21-24 0 0 0
21-25 0 0 0
21-26 0 0 0
21-27 0 0 0
21-28 0 0 0
21-29 0 0 0
22-0 29197 0 29197
22-1 0 0 0
22-2 2 0 2
22-3 6 1 7
22-4 16 2 18
22-5 25 7 32
22-6 96 16 112
22-7 318 62 380
22-8 412 88 500
22-9 617 174 791
22-10 827 288 1115
22-11 1041 400 1441
22-12 1045 451 1496
22-13 900 408 1308
22-14 684 343 1027
22-15 518 291 809
22-16 438 269 707
22-17 221 162 383
22-18 135 95 230
22-19 72 62 134
22-20 31 30 61
22-21 15 7 22
22-22 13 8 21
22-23 6 11 17
22-24 0 0 0
22-25 0 0 0
22-26 0 0 0
22-27 0 0 0
22-28 0 0 0
22-29 0 0 0
23-0 12265 0 12265
23-1 0 0 0
23-2 1 0 1
23-3 2 0 2
23-4 6 0 6
23-5 18 2 20
23-6 65 6 71
23-7 113 19 132
23-8 188 31 219
23-9 289 77 366
23-10 416 138 554
23-11 417 139 556
23-12 471 178 649
23-13 388 171 559
23-14 343 171 514
23-15 253 153 406
23-16 147 102 249
23-17 70 46 116
23-18 55 43 98
23-19 33 28 61
23-20 8 2 10
23-21 12 10 22
23-22 7 4 11
23-23 0 0 0
23-24 0 0 0
23-25 0 0 0
23-26 0 0 0
23-27 0 0 0
23-28 0 0 0
23-29 0 0 0
24-0 4908 0 4908
24-1 0 0 0
24-2 0 0 0
24-3 0 0 0
24-4 0 0 0
24-5 1 0 1
24-6 18 2 20
24-7 36 6 42
24-8 78 13 91
24-9 109 29 138
24-10 173 48 221
24-11 138 53 191
24-12 112 35 147
24-13 228 98 326
24-14 74 49 123
24-15 83 34 117
24-16 81 49 130
24-17 11 3 14
24-18 4 1 5
24-19 2 5 7
24-20 2 1 3
24-21 0 0 0
24-22 0 0 0
24-23 0 0 0
24-24 0 0 0
24-25 0 0 0
24-26 0 0 0
24-27 0 0 0
24-28 0 0 0
24-29 0 0 0
25-0 2111 0 2111
25-1 0 0 0
25-2 0 0 0
25-3 0 0 0
25-4 0 0 0
25-5 0 0 0
25-6 3 0 3
25-7 16 3 19
25-8 19 4 23
25-9 23 4 27
25-10 95 25 120
25-11 100 31 131
25-12 71 32 103
25-13 29 17 46
25-14 69 27 96
25-15 38 18 56
25-16 20 12 32
25-17 0 0 0
25-18 0 0 0
25-19 1 1 2
25-20 10 6 16
25-21 0 0 0
25-22 0 0 0
25-23 0 0 0
25-24 0 0 0
25-25 0 0 0
25-26 0 0 0
25-27 0 0 0
25-28 0 0 0
25-29 0 0 0
26-0 642 0 642
26-1 0 0 0
26-2 0 0 0
26-3 0 0 0
26-4 0 0 0
26-5 0 1 1
26-6 0 1 1
26-7 16 1 17
26-8 15 3 18
26-9 4 1 5
26-10 25 5 30
26-11 49 16 65
26-12 22 6 28
26-13 10 4 14
26-14 4 0 4
26-15 21 10 31
26-16 4 2 6
26-17 0 0 0
26-18 3 0 3
26-19 0 0 0
26-20 0 0 0
26-21 0 0 0
26-22 0 0 0
26-23 0 0 0
26-24 0 0 0
26-25 0 0 0
26-26 0 0 0
26-27 0 0 0
26-28 0 0 0
26-29 0 0 0
27-0 195 0 195
27-1 0 0 0
27-2 0 0 0
27-3 0 0 0
27-4 0 0 0
27-5 0 0 0
27-6 0 0 0
27-7 3 0 3
27-8 8 2 10
27-9 4 0 4
27-10 6 0 6
27-11 7 3 10
27-12 6 0 6
27-13 1 1 2
27-14 0 0 0
27-15 0 0 0
27-16 0 0 0
27-17 0 0 0
27-18 0 0 0
27-19 0 0 0
27-20 0 0 0
27-21 0 0 0
27-22 0 0 0
27-23 0 0 0
27-24 0 0 0
27-25 0 0 0
27-26 0 0 0
27-27 0 0 0
27-28 0 0 0
27-29 0 0 0
28-0 31 0 31
28-1 0 0 0
28-2 0 0 0
28-3 0 0 0
28-4 0 0 0
28-5 0 0 0
28-6 0 0 0
28-7 0 0 0
28-8 0 0 0
28-9 0 0 0
28-10 0 0 0
28-11 0 0 0
28-12 1 1 2
28-13 3 1 4
28-14 0 0 0
28-15 0 0 0
28-16 0 0 0
28-17 0 0 0
28-18 0 0 0
28-19 0 0 0
28-20 0 0 0
28-21 0 0 0
28-22 0 0 0
28-23 0 0 0
28-24 0 0 0
28-25 0 0 0
28-26 0 0 0
28-27 0 0 0
28-28 0 0 0
28-29 0 0 0
