0-0 0 0 0
0-1 0 159983 159983
0-2 0 59065 59065
0-3 0 81506 81506
0-4 0 106001 106001
0-5 0 101613 101613
0-6 0 82270 82270
0-7 0 60404 60404
0-8 0 41099 41099
0-9 0 28146 28146
0-10 0 17009 17009
0-11 0 9159 9159
0-12 0 4717 4717
0-13 0 2219 2219
0-14 0 910 910
0-15 0 498 498
0-16 0 159 159
0-17 0 41 41
0-18 0 4 4
0-19 0 9 9
0-20 0 0 0
0-21 0 0 0
0-22 0 0 0
0-23 0 0 0
0-24 0 0 0
0-25 0 0 0
0-26 0 0 0
0-27 0 0 0
0-28 0 0 0
0-29 0 0 0
0-30 0 0 0
0-31 0 0 0
0-32 0 0 0
0-33 0 0 0
0-34 0 0 0
0-35 0 0 0
0-36 0 0 0
0-37 0 0 0
0-38 0 0 0
0-39 0 0 0
0-40 0 0 0
0-41 0 0 0
0-42 0 0 0
0-43 0 0 0
0-44 0 0 0
0-45 0 0 0
0-46 0 0 0
0-47 0 0 0
0-48 0 0 0
0-49 0 0 0
0-50 0 0 0
0-51 0 0 0
0-52 0 0 0
0-53 0 0 0
0-54 0 0 0
0-55 0 0 0
0-56 0 0 0
0-57 0 0 0
1-0 160157 0 160157
1-1 19761 19579 39340
1-2 1136 4790 5926
1-3 40 289 329
1-4 0 18 18
1-5 0 0 0
1-6 0 0 0
1-7 0 0 0
1-8 0 0 0
1-9 0 0 0
1-10 0 0 0
1-11 0 0 0
1-12 0 0 0
1-13 0 0 0
1-14 0 0 0
1-15 0 0 0
1-16 0 0 0
1-17 0 0 0
1-18 0 0 0
1-19 0 0 0
1-20 0 0 0
1-21 0 0 0
1-22 0 0 0
1-23 0 0 0
1-24 0 0 0
1-25 0 0 0
1-26 0 0 0
1-27 0 0 0
1-28 0 0 0
1-29 0 0 0
1-30 0 0 0
1-31 0 0 0
1-32 0 0 0
1-33 0 0 0
1-34 0 0 0
1-35 0 0 0
1-36 0 0 0
1-37 0 0 0
1-38 0 0 0
1-39 0 0 0
1-40 0 0 0
1-41 0 0 0
1-42 0 0 0
1-43 0 0 0
1-44 0 0 0
1-45 0 0 0
1-46 0 0 0
1-47 0 0 0
1-48 0 0 0
1-49 0 0 0
1-50 0 0 0
1-51 0 0 0
1-52 0 0 0
1-53 0 0 0
1-54 0 0 0
1-55 0 0 0
1-56 0 0 0
1-57 0 0 0
2-0 59537 0 59537
2-1 4772 1212 5984
2-2 339 320 659
2-3 17 21 38
2-4 1 2 3
2-5 0 0 0
2-6 0 0 0
2-7 0 0 0
2-8 0 0 0
2-9 0 0 0
2-10 0 0 0
2-11 0 0 0
2-12 0 0 0
2-13 0 0 0
2-14 0 0 0
2-15 0 0 0
2-16 0 0 0
2-17 0 0 0
2-18 0 0 0
2-19 0 0 0
2-20 0 0 0
2-21 0 0 0
2-22 0 0 0
2-23 0 0 0
2-24 0 0 0
2-25 0 0 0
2-26 0 0 0
2-27 0 0 0
2-28 0 0 0
2-29 0 0 0
2-30 0 0 0
2-31 0 0 0
2-32 0 0 0
2-33 0 0 0
2-34 0 0 0
2-35 0 0 0
2-36 0 0 0
2-37 0 0 0
2-38 0 0 0
2-39 0 0 0
2-40 0 0 0
2-41 0 0 0
2-42 0 0 0
2-43 0 0 0
2-44 0 0 0
2-45 0 0 0
2-46 0 0 0
2-47 0 0 0
2-48 0 0 0
2-49 0 0 0
2-50 0 0 0
2-51 0 0 0
2-52 0 0 0
2-53 0 0 0
2-54 0 0 0
2-55 0 0 0
2-56 0 0 0
2-57 0 0 0
3-0 82181 0 82181
3-1 317 49 366
3-2 16 9 25
3-3 0 3 3
3-4 0 0 0
3-5 0 0 0
3-6 0 0 0
3-7 0 0 0
3-8 0 0 0
3-9 0 0 0
3-10 0 0 0
3-11 0 0 0
3-12 0 0 0
3-13 0 0 0
3-14 0 0 0
3-15 0 0 0
3-16 0 0 0
3-17 0 0 0
3-18 0 0 0
3-19 0 0 0
3-20 0 0 0
3-21 0 0 0
3-22 0 0 0
3-23 0 0 0
3-24 0 0 0
3-25 0 0 0
3-26 0 0 0
3-27 0 0 0
3-28 0 0 0
3-29 0 0 0
3-30 0 0 0
3-31 0 0 0
3-32 0 0 0
3-33 0 0 0
3-34 0 0 0
3-35 0 0 0
3-36 0 0 0
3-37 0 0 0
3-38 0 0 0
3-39 0 0 0
3-40 0 0 0
3-41 0 0 0
3-42 0 0 0
3-43 0 0 0
3-44 0 0 0
3-45 0 0 0
3-46 0 0 0
3-47 0 0 0
3-48 0 0 0
3-49 0 0 0
3-50 0 0 0
3-51 0 0 0
3-52 0 0 0
3-53 0 0 0
3-54 0 0 0
3-55 0 0 0
3-56 0 0 0
3-57 0 0 0
4-0 104780 0 104780
4-1 17 1 18
4-2 1 0 1
4-3 0 0 0
4-4 0 0 0
4-5 0 0 0
4-6 0 0 0
4-7 0 0 0
4-8 0 0 0
4-9 0 0 0
4-10 0 0 0
4-11 0 0 0
4-12 0 0 0
4-13 0 0 0
4-14 0 0 0
4-15 0 0 0
4-16 0 0 0
4-17 0 0 0
4-18 0 0 0
4-19 0 0 0
4-20 0 0 0
4-21 0 0 0
4-22 0 0 0
4-23 0 0 0
4-24 0 0 0
4-25 0 0 0
4-26 0 0 0
4-27 0 0 0
4-28 0 0 0
4-29 0 0 0
4-30 0 0 0
4-31 0 0 0
4-32 0 0 0
4-33 0 0 0
4-34 0 0 0
4-35 0 0 0
4-36 0 0 0
4-37 0 0 0
4-38 0 0 0
4-39 0 0 0
4-40 0 0 0
4-41 0 0 0
4-42 0 0 0
4-43 0 0 0
4-44 0 0 0
4-45 0 0 0
4-46 0 0 0
4-47 0 0 0
4-48 0 0 0
4-49 0 0 0
4-50 0 0 0
4-51 0 0 0
4-52 0 0 0
4-53 0 0 0
4-54 0 0 0
4-55 0 0 0
4-56 0 0 0
4-57 0 0 0
5-0 101621 0 101621
5-1 0 0 0
5-2 0 0 0
5-3 0 0 0
5-4 0 0 0
5-5 0 0 0
5-6 0 0 0
5-7 0 0 0
5-8 0 0 0
5-9 0 0 0
5-10 0 0 0
5-11 0 0 0
5-12 0 0 0
5-13 0 0 0
5-14 0 0 0
5-15 0 0 0
5-16 0 0 0
5-17 0 0 0
5-18 0 0 0
5-19 0 0 0
5-20 0 0 0
5-21 0 0 0
5-22 0 0 0
5-23 0 0 0
5-24 0 0 0
5-25 0 0 0
5-26 0 0 0
5-27 0 0 0
5-28 0 0 0
5-29 0 0 0
5-30 0 0 0
5-31 0 0 0
5-32 0 0 0
5-33 0 0 0
5-34 0 0 0
5-35 0 0 0
5-36 0 0 0
5-37 0 0 0
5-38 0 0 0
5-39 0 0 0
5-40 0 0 0
5-41 0 0 0
5-42 0 0 0
5-43 0 0 0
5-44 0 0 0
5-45 0 0 0
5-46 0 0 0
5-47 0 0 0
5-48 0 0 0
5-49 0 0 0
5-50 0 0 0
5-51 0 0 0
5-52 0 0 0
5-53 0 0 0
5-54 0 0 0
5-55 0 0 0
5-56 0 0 0
5-57 0 0 0
6-0 81539 0 81539
6-1 0 0 0
6-2 0 0 0
6-3 0 0 0
6-4 0 0 0
6-5 0 0 0
6-6 0 0 0
6-7 0 0 0
6-8 0 0 0
6-9 0 0 0
6-10 0 0 0
6-11 0 0 0
6-12 0 0 0
6-13 0 0 0
6-14 0 0 0
6-15 0 0 0
6-16 0 0 0
6-17 0 0 0
6-18 0 0 0
6-19 0 0 0
6-20 0 0 0
6-21 0 0 0
6-22 0 0 0
6-23 0 0 0
6-24 0 0 0
6-25 0 0 0
6-26 0 0 0
6-27 0 0 0
6-28 0 0 0
6-29 0 0 0
6-30 0 0 0
6-31 0 0 0
6-32 0 0 0
6-33 0 0 0
6-34 0 0 0
6-35 0 0 0
6-36 0 0 0
6-37 0 0 0
6-38 0 0 0
6-39 0 0 0
6-40 0 0 0
6-41 0 0 0
6-42 0 0 0
6-43 0 0 0
6-44 0 0 0
6-45 0 0 0
6-46 0 0 0
6-47 0 0 0
6-48 0 0 0
6-49 0 0 0
6-50 0 0 0
6-51 0 0 0
6-52 0 0 0
6-53 0 0 0
6-54 0 0 0
6-55 0 0 0
6-56 0 0 0
6-57 0 0 0
7-0 59816 0 59816
7-1 0 0 0
7-2 0 0 0
7-3 0 0 0
7-4 0 0 0
7-5 0 0 0
7-6 0 0 0
7-7 0 0 0
7-8 0 0 0
7-9 0 0 0
7-10 0 0 0
7-11 0 0 0
7-12 0 0 0
7-13 0 0 0
7-14 0 0 0
7-15 0 0 0
7-16 0 0 0
7-17 0 0 0
7-18 0 0 0
7-19 0 0 0
7-20 0 0 0
7-21 0 0 0
7-22 0 0 0
7-23 0 0 0
7-24 0 0 0
7-25 0 0 0
7-26 0 0 0
7-27 0 0 0
7-28 0 0 0
7-29 0 0 0
7-30 0 0 0
7-31 0 0 0
7-32 0 0 0
7-33 0 0 0
7-34 0 0 0
7-35 0 0 0
7-36 0 0 0
7-37 0 0 0
7-38 0 0 0
7-39 0 0 0
7-40 0 0 0
7-41 0 0 0
7-42 0 0 0
7-43 0 0 0
7-44 0 0 0
7-45 0 0 0
7-46 0 0 0
7-47 0 0 0
7-48 0 0 0
7-49 0 0 0
7-50 0 0 0
7-51 0 0 0
7-52 0 0 0
7-53 0 0 0
7-54 0 0 0
7-55 0 0 0
7-56 0 0 0
7-57 0 0 0
8-0 42045 0 42045
8-1 0 0 0
8-2 0 0 0
8-3 0 0 0
8-4 0 0 0
8-5 0 0 0
8-6 0 0 0
8-7 0 0 0
8-8 0 0 0
8-9 0 0 0
8-10 0 0 0
8-11 0 0 0
8-12 0 0 0
8-13 0 0 0
8-14 0 0 0
8-15 0 0 0
8-16 0 0 0
8-17 0 0 0
8-18 0 0 0
8-19 0 0 0
8-20 0 0 0
8-21 0 0 0
8-22 0 0 0
8-23 0 0 0
8-24 0 0 0
8-25 0 0 0
8-26 0 0 0
8-27 0 0 0
8-28 0 0 0
8-29 0 0 0
8-30 0 0 0
8-31 0 0 0
8-32 0 0 0
8-33 0 0 0
8-34 0 0 0
8-35 0 0 0
8-36 0 0 0
8-37 0 0 0
8-38 0 0 0
8-39 0 0 0
8-40 0 0 0
8-41 0 0 0
8-42 0 0 0
8-43 0 0 0
8-44 0 0 0
8-45 0 0 0
8-46 0 0 0
8-47 0 0 0
8-48 0 0 0
8-49 0 0 0
8-50 0 0 0
8-51 0 0 0
8-52 0 0 0
8-53 0 0 0
8-54 0 0 0
8-55 0 0 0
8-56 0 0 0
8-57 0 0 0
9-0 27793 0 27793
9-1 0 0 0
9-2 0 0 0
9-3 0 0 0
9-4 0 0 0
9-5 0 0 0
9-6 0 0 0
9-7 0 0 0
9-8 0 0 0
9-9 0 0 0
9-10 0 0 0
9-11 0 0 0
9-12 0 0 0
9-13 0 0 0
9-14 0 0 0
9-15 0 0 0
9-16 0 0 0
9-17 0 0 0
9-18 0 0 0
9-19 0 0 0
9-20 0 0 0
9-21 0 0 0
9-22 0 0 0
9-23 0 0 0
9-24 1 0 1
9-25 0 0 0
9-26 0 0 0
9-27 0 0 0
9-28 0 0 0
9-29 0 0 0
9-30 0 0 0
9-31 0 0 0
9-32 0 0 0
9-33 0 0 0
9-34 0 0 0
9-35 0 0 0
9-36 0 0 0
9-37 0 0 0
9-38 0 0 0
9-39 0 0 0
9-40 0 0 0
9-41 0 0 0
9-42 0 0 0
9-43 0 0 0
9-44 0 0 0
9-45 0 0 0
9-46 0 0 0
9-47 0 0 0
9-48 0 0 0
9-49 0 0 0
9-50 0 0 0
9-51 0 0 0
9-52 0 0 0
9-53 0 0 0
9-54 0 0 0
9-55 0 0 0
9-56 0 0 0
9-57 0 0 0
10-0 16558 0 16558
10-1 0 0 0
10-2 0 0 0
10-3 0 0 0
10-4 0 0 0
10-5 0 0 0
10-6 0 0 0
10-7 0 0 0
10-8 0 0 0
10-9 0 0 0
10-10 0 0 0
10-11 0 0 0
10-12 0 0 0
10-13 0 0 0
10-14 0 0 0
10-15 0 0 0
10-16 0 0 0
10-17 0 0 0
10-18 0 0 0
10-19 0 0 0
10-20 0 0 0
10-21 0 0 0
10-22 0 1 1
10-23 0 0 0
10-24 2 0 2
10-25 0 1 1
10-26 0 1 1
10-27 0 3 3
10-28 0 0 0
10-29 0 0 0
10-30 0 0 0
10-31 0 1 1
10-32 0 0 0
10-33 0 0 0
10-34 0 0 0
10-35 0 0 0
10-36 0 0 0
10-37 0 0 0
10-38 0 0 0
10-39 0 0 0
10-40 0 0 0
10-41 0 0 0
10-42 0 0 0
10-43 0 0 0
10-44 0 0 0
10-45 0 0 0
10-46 0 0 0
10-47 0 0 0
10-48 0 0 0
10-49 0 0 0
10-50 0 0 0
10-51 0 0 0
10-52 0 0 0
10-53 0 0 0
10-54 0 0 0
10-55 0 0 0
10-56 0 0 0
10-57 0 0 0
11-0 9179 0 9179
11-1 0 0 0
11-2 0 0 0
11-3 0 0 0
11-4 0 0 0
11-5 0 0 0
11-6 0 0 0
11-7 0 0 0
11-8 0 0 0
11-9 0 0 0
11-10 0 0 0
11-11 0 0 0
11-12 0 0 0
11-13 0 0 0
11-14 0 0 0
11-15 0 0 0
11-16 0 0 0
11-17 0 2 2
11-18 0 0 0
11-19 1 2 3
11-20 1 1 2
11-21 0 0 0
11-22 0 0 0
11-23 0 1 1
11-24 1 1 2
11-25 0 2 2
11-26 1 1 2
11-27 0 1 1
11-28 0 1 1
11-29 0 1 1
11-30 0 3 3
11-31 0 0 0
11-32 1 1 2
11-33 0 0 0
11-34 1 0 1
11-35 0 1 1
11-36 0 1 1
11-37 0 0 0
11-38 0 0 0
11-39 0 0 0
11-40 0 0 0
11-41 0 0 0
11-42 0 0 0
11-43 0 0 0
11-44 0 0 0
11-45 0 0 0
11-46 0 0 0
11-47 0 0 0
11-48 0 0 0
11-49 0 0 0
11-50 0 0 0
11-51 0 0 0
11-52 0 0 0
11-53 0 0 0
11-54 0 0 0
11-55 0 0 0
11-56 0 0 0
11-57 0 0 0
12-0 4636 0 4636
12-1 0 0 0
12-2 0 0 0
12-3 0 0 0
12-4 0 0 0
12-5 0 0 0
12-6 0 0 0
12-7 0 0 0
12-8 0 0 0
12-9 0 0 0
12-10 0 0 0
12-11 0 0 0
12-12 0 0 0
12-13 0 0 0
12-14 0 0 0
12-15 0 0 0
12-16 0 0 0
12-17 1 2 3
12-18 1 1 2
12-19 0 0 0
12-20 0 0 0
12-21 0 3 3
12-22 1 3 4
12-23 1 6 7
12-24 0 0 0
12-25 3 10 13
12-26 3 9 12
12-27 1 2 3
12-28 5 8 13
12-29 2 11 13
12-30 3 6 9
12-31 1 1 2
12-32 1 1 2
12-33 0 2 2
12-34 0 5 5
12-35 0 0 0
12-36 0 4 4
12-37 0 4 4
12-38 0 0 0
12-39 0 0 0
12-40 0 0 0
12-41 0 0 0
12-42 0 0 0
12-43 0 0 0
12-44 0 0 0
12-45 0 0 0
12-46 0 0 0
12-47 0 0 0
12-48 0 0 0
12-49 0 0 0
12-50 0 0 0
12-51 0 0 0
12-52 0 0 0
12-53 0 0 0
12-54 0 0 0
12-55 0 0 0
12-56 0 0 0
12-57 0 0 0
13-0 2076 0 2076
13-1 0 0 0
13-2 0 0 0
13-3 0 0 0
13-4 0 0 0
13-5 0 0 0
13-6 0 0 0
13-7 0 0 0
13-8 0 0 0
13-9 0 0 0
13-10 0 0 0
13-11 0 0 0
13-12 0 0 0
13-13 0 0 0
13-14 0 1 1
13-15 1 2 3
13-16 0 1 1
13-17 0 0 0
13-18 2 2 4
13-19 1 4 5
13-20 1 4 5
13-21 3 3 6
13-22 4 2 6
13-23 3 6 9
13-24 10 15 25
13-25 8 10 18
13-26 7 22 29
13-27 3 11 14
13-28 7 13 20
13-29 6 7 13
13-30 5 12 17
13-31 2 11 13
13-32 3 7 10
13-33 2 6 8
13-34 0 5 5
13-35 0 5 5
13-36 0 2 2
13-37 0 2 2
13-38 0 0 0
13-39 0 0 0
13-40 0 0 0
13-41 0 0 0
13-42 0 0 0
13-43 0 0 0
13-44 0 0 0
13-45 0 0 0
13-46 0 0 0
13-47 0 0 0
13-48 0 0 0
13-49 0 0 0
13-50 0 0 0
13-51 0 0 0
13-52 0 0 0
13-53 0 0 0
13-54 0 0 0
13-55 0 0 0
13-56 0 0 0
13-57 0 0 0
14-0 1023 0 1023
14-1 0 0 0
14-2 0 0 0
14-3 0 0 0
14-4 0 0 0
14-5 0 0 0
14-6 0 0 0
14-7 0 0 0
14-8 0 0 0
14-9 0 0 0
14-10 0 1 1
14-11 0 0 0
14-12 0 0 0
14-13 0 1 1
14-14 0 0 0
14-15 1 2 3
14-16 2 3 5
14-17 0 1 1
14-18 4 5 9
14-19 4 6 10
14-20 8 6 14
14-21 7 18 25
14-22 10 19 29
14-23 4 16 20
14-24 19 25 44
14-25 25 25 50
14-26 23 47 70
14-27 9 30 39
14-28 10 29 39
14-29 17 44 61
14-30 20 39 59
14-31 10 17 27
14-32 17 34 51
14-33 5 9 14
14-34 5 9 14
14-35 1 11 12
14-36 3 4 7
14-37 2 5 7
14-38 1 1 2
14-39 0 3 3
14-40 1 0 1
14-41 0 0 0
14-42 0 2 2
14-43 0 0 0
14-44 0 0 0
14-45 0 0 0
14-46 0 0 0
14-47 0 0 0
14-48 0 0 0
14-49 0 0 0
14-50 0 0 0
14-51 0 0 0
14-52 0 0 0
14-53 0 0 0
14-54 0 0 0
14-55 0 0 0
14-56 0 0 0
14-57 0 0 0
15-0 405 0 405
15-1 0 0 0
15-2 0 0 0
15-3 0 0 0
15-4 0 0 0
15-5 0 0 0
15-6 0 0 0
15-7 0 0 0
15-8 0 0 0
15-9 0 0 0
15-10 0 0 0
15-11 0 0 0
15-12 0 0 0
15-13 0 0 0
15-14 0 1 1
15-15 0 2 2
15-16 0 1 1
15-17 3 6 9
15-18 10 11 21
15-19 12 10 22
15-20 17 18 35
15-21 9 28 37
15-22 23 31 54
15-23 21 48 69
15-24 21 47 68
15-25 18 58 76
15-26 30 54 84
15-27 23 67 90
15-28 37 60 97
15-29 19 46 65
15-30 20 62 82
15-31 21 58 79
15-32 19 51 70
15-33 9 39 48
15-34 11 22 33
15-35 4 17 21
15-36 7 12 19
15-37 3 16 19
15-38 2 11 13
15-39 2 6 8
15-40 0 0 0
15-41 0 1 1
15-42 0 1 1
15-43 0 0 0
15-44 0 0 0
15-45 0 0 0
15-46 0 0 0
15-47 0 0 0
15-48 0 0 0
15-49 0 0 0
15-50 0 0 0
15-51 0 0 0
15-52 0 0 0
15-53 0 0 0
15-54 0 0 0
15-55 0 0 0
15-56 0 0 0
15-57 0 0 0
16-0 109 0 109
16-1 0 0 0
16-2 0 0 0
16-3 0 0 0
16-4 0 0 0
16-5 0 0 0
16-6 0 0 0
16-7 0 0 0
16-8 0 0 0
16-9 0 0 0
16-10 0 1 1
16-11 0 0 0
16-12 3 1 4
16-13 0 0 0
16-14 1 1 2
16-15 0 1 1
16-16 2 3 5
16-17 5 6 11
16-18 14 12 26
16-19 21 23 44
16-20 35 50 85
16-21 31 44 75
16-22 34 50 84
16-23 52 69 121
16-24 42 96 138
16-25 55 116 171
16-26 68 109 177
16-27 87 157 244
16-28 44 128 172
16-29 48 113 161
16-30 41 113 154
16-31 39 75 114
16-32 46 109 155
16-33 40 85 125
16-34 21 49 70
16-35 15 59 74
16-36 14 44 58
16-37 8 27 35
16-38 5 20 25
16-39 5 12 17
16-40 2 4 6
16-41 1 1 2
16-42 1 2 3
16-43 0 0 0
16-44 0 1 1
16-45 0 0 0
16-46 0 0 0
16-47 0 0 0
16-48 0 0 0
16-49 0 0 0
16-50 0 0 0
16-51 0 0 0
16-52 0 0 0
16-53 0 0 0
16-54 0 0 0
16-55 0 0 0
16-56 0 0 0
16-57 0 0 0
17-0 71 0 71
17-1 0 0 0
17-2 0 0 0
17-3 0 0 0
17-4 0 0 0
17-5 0 0 0
17-6 0 0 0
17-7 0 0 0
17-8 0 0 0
17-9 0 0 0
17-10 1 0 1
17-11 0 0 0
17-12 0 2 2
17-13 1 0 1
17-14 4 5 9
17-15 3 8 11
17-16 6 8 14
17-17 14 5 19
17-18 20 17 37
17-19 45 21 66
17-20 43 66 109
17-21 70 84 154
17-22 75 120 195
17-23 102 143 245
17-24 115 183 298
17-25 98 196 294
17-26 120 223 343
17-27 142 193 335
17-28 125 249 374
17-29 111 239 350
17-30 109 211 320
17-31 71 166 237
17-32 58 142 200
17-33 64 152 216
17-34 36 102 138
17-35 34 80 114
17-36 22 55 77
17-37 12 36 48
17-38 9 16 25
17-39 5 18 23
17-40 3 7 10
17-41 3 9 12
17-42 1 3 4
17-43 1 2 3
17-44 0 1 1
17-45 0 0 0
17-46 0 0 0
17-47 1 0 1
17-48 0 0 0
17-49 0 0 0
17-50 0 0 0
17-51 0 0 0
17-52 0 0 0
17-53 0 0 0
17-54 0 0 0
17-55 0 0 0
17-56 0 0 0
17-57 0 0 0
18-0 0 0 0
18-1 0 0 0
18-2 0 0 0
18-3 0 0 0
18-4 0 0 0
18-5 0 0 0
18-6 0 0 0
18-7 0 0 0
18-8 0 0 0
18-9 0 0 0
18-10 0 0 0
18-11 1 0 1
18-12 0 0 0
18-13 1 1 2
18-14 5 0 5
18-15 6 1 7
18-16 13 7 20
18-17 22 15 37
18-18 41 26 67
18-19 68 59 127
18-20 92 96 188
18-21 122 186 308
18-22 146 180 326
18-23 168 220 388
18-24 179 293 472
18-25 237 343 580
18-26 239 423 662
18-27 223 386 609
18-28 229 404 633
18-29 229 408 637
18-30 219 404 623
18-31 158 322 480
18-32 133 323 456
18-33 121 283 404
18-34 88 199 287
18-35 67 168 235
18-36 36 91 127
18-37 32 75 107
18-38 20 37 57
18-39 12 30 42
18-40 5 20 25
18-41 4 15 19
18-42 2 6 8
18-43 2 12 14
18-44 1 6 7
18-45 0 0 0
18-46 0 0 0
18-47 0 0 0
18-48 0 0 0
18-49 0 0 0
18-50 0 0 0
18-51 0 0 0
18-52 0 0 0
18-53 0 0 0
18-54 0 0 0
18-55 0 0 0
18-56 0 0 0
18-57 0 0 0
19-0 0 0 0
19-1 0 0 0
19-2 0 0 0
19-3 0 0 0
19-4 0 0 0
19-5 0 0 0
19-6 0 0 0
19-7 0 0 0
19-8 0 0 0
19-9 0 0 0
19-10 0 0 0
19-11 0 0 0
19-12 0 0 0
19-13 0 0 0
19-14 4 6 10
19-15 7 8 15
19-16 14 15 29
19-17 28 33 61
19-18 53 47 100
19-19 93 72 165
19-20 128 168 296
19-21 196 202 398
19-22 240 324 564
19-23 276 385 661
19-24 336 484 820
19-25 387 529 916
19-26 417 624 1041
19-27 425 642 1067
19-28 454 734 1188
19-29 385 678 1063
19-30 341 637 978
19-31 283 541 824
19-32 279 575 854
19-33 187 458 645
19-34 158 363 521
19-35 108 208 316
19-36 66 156 222
19-37 59 143 202
19-38 47 120 167
19-39 28 92 120
19-40 13 49 62
19-41 2 20 22
19-42 7 11 18
19-43 3 5 8
19-44 4 10 14
19-45 0 1 1
19-46 1 0 1
19-47 0 1 1
19-48 0 0 0
19-49 0 0 0
19-50 0 0 0
19-51 0 0 0
19-52 0 0 0
19-53 0 0 0
19-54 0 0 0
19-55 0 0 0
19-56 0 0 0
19-57 0 0 0
20-0 0 0 0
20-1 0 0 0
20-2 0 0 0
20-3 0 0 0
20-4 0 0 0
20-5 0 0 0
20-6 0 0 0
20-7 0 0 0
20-8 0 0 0
20-9 0 0 0
20-10 1 0 1
20-11 0 0 0
20-12 2 0 2
20-13 3 1 4
20-14 11 9 20
20-15 15 16 31
20-16 28 18 46
20-17 44 33 77
20-18 87 66 153
20-19 103 108 211
20-20 202 227 429
20-21 257 301 558
20-22 390 412 802
20-23 510 546 1056
20-24 520 726 1246
20-25 643 905 1548
20-26 705 1021 1726
20-27 769 1085 1854
20-28 713 1106 1819
20-29 645 1077 1722
20-30 566 1020 1586
20-31 539 918 1457
20-32 433 862 1295
20-33 362 743 1105
20-34 322 659 981
20-35 218 507 725
20-36 157 380 537
20-37 110 269 379
20-38 78 185 263
20-39 56 132 188
20-40 39 130 169
20-41 17 44 61
20-42 12 37 49
20-43 4 18 22
20-44 6 14 20
20-45 4 11 15
20-46 0 0 0
20-47 0 0 0
20-48 1 0 1
20-49 0 0 0
20-50 0 0 0
20-51 0 0 0
20-52 0 0 0
20-53 0 0 0
20-54 0 0 0
20-55 0 0 0
20-56 0 0 0
20-57 0 0 0
21-0 0 0 0
21-1 0 0 0
21-2 0 0 0
21-3 0 0 0
21-4 0 0 0
21-5 0 0 0
21-6 0 0 0
21-7 0 0 0
21-8 0 0 0
21-9 0 0 0
21-10 4 0 4
21-11 0 2 2
21-12 4 0 4
21-13 12 5 17
21-14 17 11 28
21-15 19 17 36
21-16 34 37 71
21-17 53 58 111
21-18 133 116 249
21-19 175 181 356
21-20 290 301 591
21-21 430 424 854
21-22 602 638 1240
21-23 795 833 1628
21-24 912 1113 2025
21-25 1154 1389 2543
21-26 1205 1614 2819
21-27 1226 1792 3018
21-28 1117 1713 2830
21-29 1113 1691 2804
21-30 990 1679 2669
21-31 862 1539 2401
21-32 683 1351 2034
21-33 593 1170 1763
21-34 558 1062 1620
21-35 390 777 1167
21-36 285 621 906
21-37 257 575 832
21-38 156 364 520
21-39 140 259 399
21-40 88 252 340
21-41 52 130 182
21-42 19 70 89
21-43 20 40 60
21-44 7 24 31
21-45 8 19 27
21-46 2 10 12
21-47 0 3 3
21-48 0 12 12
21-49 0 2 2
21-50 0 0 0
21-51 0 0 0
21-52 0 0 0
21-53 0 0 0
21-54 0 0 0
21-55 0 0 0
21-56 0 0 0
21-57 0 0 0
22-0 0 0 0
22-1 0 0 0
22-2 0 0 0
22-3 0 0 0
22-4 0 0 0
22-5 0 0 0
22-6 0 0 0
22-7 0 0 0
22-8 0 0 0
22-9 0 0 0
22-10 0 0 0
22-11 0 0 0
22-12 1 0 1
22-13 7 8 15
22-14 21 11 32
22-15 33 11 44
22-16 59 37 96
22-17 111 67 178
22-18 143 125 268
22-19 271 233 504
22-20 384 361 745
22-21 646 563 1209
22-22 787 800 1587
22-23 1056 1076 2132
22-24 1356 1602 2958
22-25 1503 1886 3389
22-26 1684 2155 3839
22-27 1819 2468 4287
22-28 1672 2432 4104
22-29 1657 2492 4149
22-30 1503 2386 3889
22-31 1364 2294 3658
22-32 1212 1969 3181
22-33 995 1789 2784
22-34 839 1617 2456
22-35 638 1206 1844
22-36 374 950 1324
22-37 340 749 1089
22-38 252 575 827
22-39 158 386 544
22-40 123 309 432
22-41 93 224 317
22-42 45 125 170
22-43 31 62 93
22-44 27 75 102
22-45 10 24 34
22-46 4 21 25
22-47 3 4 7
22-48 1 7 8
22-49 0 3 3
22-50 0 0 0
22-51 0 0 0
22-52 0 0 0
22-53 0 0 0
22-54 0 0 0
22-55 0 0 0
22-56 0 0 0
22-57 0 0 0
23-0 0 0 0
23-1 0 0 0
23-2 0 0 0
23-3 0 0 0
23-4 0 0 0
23-5 0 0 0
23-6 0 0 0
23-7 0 0 0
23-8 0 0 0
23-9 0 0 0
23-10 0 0 0
23-11 0 0 0
23-12 3 0 3
23-13 8 3 11
23-14 24 12 36
23-15 45 19 64
23-16 88 59 147
23-17 116 92 208
23-18 189 143 332
23-19 364 286 650
23-20 516 466 982
23-21 828 709 1537
23-22 1194 1052 2246
23-23 1424 1376 2800
23-24 1759 1924 3683
23-25 2033 2441 4474
23-26 2296 2779 5075
23-27 2461 3043 5504
23-28 2516 3276 5792
23-29 2286 3369 5655
23-30 2140 3123 5263
23-31 2039 3084 5123
23-32 1782 2882 4664
23-33 1536 2542 4078
23-34 1246 2233 3479
23-35 1048 1847 2895
23-36 748 1413 2161
23-37 564 1110 1674
23-38 441 792 1233
23-39 331 625 956
23-40 204 435 639
23-41 145 376 521
23-42 111 228 339
23-43 59 148 207
23-44 35 79 114
23-45 21 56 77
23-46 27 76 103
23-47 6 7 13
23-48 6 26 32
23-49 2 10 12
23-50 0 2 2
23-51 0 1 1
23-52 0 0 0
23-53 0 0 0
23-54 0 0 0
23-55 0 0 0
23-56 0 0 0
23-57 0 0 0
24-0 0 0 0
24-1 0 0 0
24-2 0 0 0
24-3 0 0 0
24-4 0 0 0
24-5 0 0 0
24-6 0 0 0
24-7 0 0 0
24-8 0 0 0
24-9 0 0 0
24-10 0 0 0
24-11 1 0 1
24-12 1 2 3
24-13 8 5 13
24-14 24 12 36
24-15 66 33 99
24-16 105 57 162
24-17 189 116 305
24-18 284 177 461
24-19 490 325 815
24-20 720 540 1260
24-21 1133 840 1973
24-22 1475 1223 2698
24-23 1833 1713 3546
24-24 2328 2245 4573
24-25 2651 2852 5503
24-26 3104 3504 6608
24-27 3406 4039 7445
24-28 3377 4226 7603
24-29 3178 4114 7292
24-30 2987 4216 7203
24-31 2713 4090 6803
24-32 2587 3751 6338
24-33 2161 3429 5590
24-34 1855 3070 4925
24-35 1637 2845 4482
24-36 1155 1981 3136
24-37 877 1613 2490
24-38 668 1244 1912
24-39 456 934 1390
24-40 321 683 1004
24-41 216 461 677
24-42 143 358 501
24-43 95 180 275
24-44 52 146 198
24-45 33 97 130
24-46 22 55 77
24-47 10 33 43
24-48 16 58 74
24-49 6 10 16
24-50 1 11 12
24-51 1 2 3
24-52 0 2 2
24-53 0 0 0
24-54 0 0 0
24-55 0 0 0
24-56 0 0 0
24-57 0 0 0
25-0 0 0 0
25-1 0 0 0
25-2 0 0 0
25-3 0 0 0
25-4 0 0 0
25-5 0 0 0
25-6 0 0 0
25-7 0 0 0
25-8 0 0 0
25-9 0 0 0
25-10 0 0 0
25-11 1 0 1
25-12 5 3 8
25-13 22 9 31
25-14 20 26 46
25-15 79 35 114
25-16 129 68 197
25-17 232 146 378
25-18 381 231 612
25-19 538 376 914
25-20 887 653 1540
25-21 1257 1024 2281
25-22 1764 1405 3169
25-23 2259 2048 4307
25-24 2864 2760 5624
25-25 3464 3443 6907
25-26 3797 4182 7979
25-27 4419 4761 9180
25-28 4393 5333 9726
25-29 4406 5371 9777
25-30 4150 5499 9649
25-31 3868 5208 9076
25-32 3507 4960 8467
25-33 3074 4584 7658
25-34 2627 4167 6794
25-35 2090 3451 5541
25-36 1598 2795 4393
25-37 1253 2237 3490
25-38 936 1702 2638
25-39 668 1317 1985
25-40 493 966 1459
25-41 355 696 1051
25-42 228 458 686
25-43 129 333 462
25-44 116 262 378
25-45 51 145 196
25-46 42 135 177
25-47 33 76 109
25-48 9 40 49
25-49 18 38 56
25-50 9 7 16
25-51 4 10 14
25-52 0 4 4
25-53 0 1 1
25-54 0 0 0
25-55 0 0 0
25-56 0 0 0
25-57 0 0 0
26-0 0 0 0
26-1 0 0 0
26-2 0 0 0
26-3 0 0 0
26-4 0 0 0
26-5 0 0 0
26-6 0 0 0
26-7 0 0 0
26-8 0 0 0
26-9 0 0 0
26-10 0 0 0
26-11 0 0 0
26-12 4 3 7
26-13 20 8 28
26-14 44 24 68
26-15 64 32 96
26-16 127 82 209
26-17 232 146 378
26-18 432 281 713
26-19 688 481 1169
26-20 1021 682 1703
26-21 1500 1083 2583
26-22 2132 1658 3790
26-23 2719 2369 5088
26-24 3520 3122 6642
26-25 4151 3953 8104
26-26 4838 4731 9569
26-27 5203 5466 10669
26-28 5392 6055 11447
26-29 5326 6268 11594
26-30 5016 6004 11020
26-31 4797 6234 11031
26-32 4346 5789 10135
26-33 4031 5690 9721
26-34 3335 5021 8356
26-35 2668 4080 6748
26-36 2121 3504 5625
26-37 1669 2751 4420
26-38 1282 2275 3557
26-39 931 1687 2618
26-40 719 1375 2094
26-41 561 1059 1620
26-42 385 764 1149
26-43 265 488 753
26-44 203 429 632
26-45 114 271 385
26-46 100 227 327
26-47 47 131 178
26-48 23 58 81
26-49 26 64 90
26-50 12 26 38
26-51 5 9 14
26-52 3 5 8
26-53 0 1 1
26-54 0 0 0
26-55 0 0 0
26-56 0 0 0
26-57 0 0 0
27-0 0 0 0
27-1 0 0 0
27-2 0 0 0
27-3 0 0 0
27-4 0 0 0
27-5 0 0 0
27-6 0 0 0
27-7 0 0 0
27-8 0 0 0
27-9 0 0 0
27-10 1 0 1
27-11 1 0 1
27-12 5 3 8
27-13 11 8 19
27-14 38 21 59
27-15 79 39 118
27-16 148 73 221
27-17 256 128 384
27-18 444 271 715
27-19 689 431 1120
27-20 1161 744 1905
27-21 1657 1197 2854
27-22 2280 1686 3966
27-23 3204 2555 5759
27-24 3966 3334 7300
27-25 4818 4153 8971
27-26 5309 5201 10510
27-27 6013 5873 11886
27-28 6413 6755 13168
27-29 6379 7161 13540
27-30 6298 7364 13662
27-31 5923 7192 13115
27-32 5434 6821 12255
27-33 4838 6522 11360
27-34 4324 6017 10341
27-35 3477 5170 8647
27-36 2698 4156 6854
27-37 2297 3624 5921
27-38 1665 2872 4537
27-39 1228 2189 3417
27-40 990 1725 2715
27-41 709 1345 2054
27-42 513 893 1406
27-43 329 655 984
27-44 226 454 680
27-45 140 305 445
27-46 119 247 366
27-47 79 144 223
27-48 26 82 108
27-49 33 71 104
27-50 12 33 45
27-51 6 23 29
27-52 7 22 29
27-53 7 12 19
27-54 0 0 0
27-55 0 0 0
27-56 0 0 0
27-57 0 0 0
28-0 0 0 0
28-1 0 0 0
28-2 0 0 0
28-3 0 0 0
28-4 0 0 0
28-5 0 0 0
28-6 0 0 0
28-7 0 0 0
28-8 0 0 0
28-9 2 1 3
28-10 0 0 0
28-11 0 0 0
28-12 1 1 2
28-13 13 4 17
28-14 25 9 34
28-15 76 34 110
28-16 166 95 261
28-17 246 120 366
28-18 406 241 647
28-19 681 387 1068
28-20 1174 699 1873
28-21 1719 1193 2912
28-22 2424 1815 4239
28-23 3379 2468 5847
28-24 4143 3314 7457
28-25 5072 4407 9479
28-26 5917 5245 11162
28-27 6689 6510 13199
28-28 7097 7190 14287
28-29 7397 7792 15189
28-30 7481 8196 15677
28-31 7112 8238 15350
28-32 6483 7984 14467
28-33 6041 7812 13853
28-34 5307 7126 12433
28-35 4496 6335 10831
28-36 3631 5103 8734
28-37 2872 4298 7170
28-38 2232 3594 5826
28-39 1790 2834 4624
28-40 1304 2161 3465
28-41 881 1567 2448
28-42 701 1246 1947
28-43 436 859 1295
28-44 327 570 897
28-45 207 413 620
28-46 153 295 448
28-47 109 186 295
28-48 65 161 226
28-49 39 84 123
28-50 16 46 62
28-51 12 31 43
28-52 1 2 3
28-53 7 17 24
28-54 0 0 0
28-55 0 0 0
28-56 0 0 0
28-57 0 0 0
29-0 0 0 0
29-1 0 0 0
29-2 0 0 0
29-3 0 0 0
29-4 0 0 0
29-5 0 0 0
29-6 0 0 0
29-7 0 0 0
29-8 0 0 0
29-9 1 0 1
29-10 1 0 1
29-11 1 1 2
29-12 4 2 6
29-13 14 2 16
29-14 29 9 38
29-15 64 27 91
29-16 121 68 189
29-17 229 138 367
29-18 421 196 617
29-19 682 369 1051
29-20 1214 708 1922
29-21 1620 998 2618
29-22 2586 1709 4295
29-23 3217 2326 5543
29-24 4273 3303 7576
29-25 5254 4300 9554
29-26 6102 5284 11386
29-27 7093 6493 13586
29-28 7965 7522 15487
29-29 8090 8049 16139
29-30 8130 8582 16712
29-31 7632 8434 16066
29-32 7241 8518 15759
29-33 6920 8310 15230
29-34 6339 7849 14188
29-35 5380 6964 12344
29-36 4231 5883 10114
29-37 3612 5160 8772
29-38 2859 4215 7074
29-39 2051 3255 5306
29-40 1708 2793 4501
29-41 1206 2046 3252
29-42 895 1551 2446
29-43 604 1071 1675
29-44 454 906 1360
29-45 293 518 811
29-46 160 303 463
29-47 95 211 306
29-48 80 155 235
29-49 47 102 149
29-50 28 80 108
29-51 22 41 63
29-52 2 8 10
29-53 7 12 19
29-54 0 1 1
29-55 0 0 0
29-56 0 0 0
29-57 0 0 0
30-0 0 0 0
30-1 0 0 0
30-2 0 0 0
30-3 0 0 0
30-4 0 0 0
30-5 0 0 0
30-6 0 0 0
30-7 0 0 0
30-8 0 0 0
30-9 0 0 0
30-10 1 0 1
30-11 2 0 2
30-12 4 1 5
30-13 5 3 8
30-14 28 4 32
30-15 45 21 66
30-16 100 46 146
30-17 195 93 288
30-18 368 189 557
30-19 658 326 984
30-20 1097 651 1748
30-21 1709 968 2677
30-22 2419 1512 3931
30-23 3250 2269 5519
30-24 4324 3150 7474
30-25 5298 3983 9281
30-26 6450 5122 11572
30-27 7461 6260 13721
30-28 8155 7281 15436
30-29 8568 8193 16761
30-30 8800 8534 17334
30-31 8590 8946 17536
30-32 8421 9096 17517
30-33 7688 8898 16586
30-34 6908 8170 15078
30-35 5983 7696 13679
30-36 4901 6542 11443
30-37 4337 5745 10082
30-38 3326 4606 7932
30-39 2630 3965 6595
30-40 1972 2970 4942
30-41 1485 2346 3831
30-42 1118 1786 2904
30-43 688 1243 1931
30-44 586 923 1509
30-45 360 670 1030
30-46 251 452 703
30-47 150 346 496
30-48 93 192 285
30-49 63 161 224
30-50 25 93 118
30-51 34 66 100
30-52 2 20 22
30-53 15 26 41
30-54 5 9 14
30-55 1 1 2
30-56 0 3 3
30-57 0 0 0
31-0 0 0 0
31-1 0 0 0
31-2 0 0 0
31-3 0 0 0
31-4 0 0 0
31-5 0 0 0
31-6 0 0 0
31-7 0 0 0
31-8 0 0 0
31-9 0 0 0
31-10 0 0 0
31-11 1 0 1
31-12 4 0 4
31-13 8 2 10
31-14 20 7 27
31-15 50 20 70
31-16 75 34 109
31-17 166 83 249
31-18 375 169 544
31-19 557 309 866
31-20 1049 546 1595
31-21 1452 858 2310
31-22 2213 1318 3531
31-23 3028 1953 4981
31-24 4027 2873 6900
31-25 5104 3753 8857
31-26 6327 4684 11011
31-27 7318 6000 13318
31-28 8281 7212 15493
31-29 8976 7950 16926
31-30 8758 8492 17250
31-31 8885 8887 17772
31-32 8732 9320 18052
31-33 8497 9323 17820
31-34 7368 8523 15891
31-35 6511 7964 14475
31-36 5698 7292 12990
31-37 4728 6251 10979
31-38 3943 5293 9236
31-39 3282 4474 7756
31-40 2392 3555 5947
31-41 1862 2699 4561
31-42 1491 2366 3857
31-43 942 1520 2462
31-44 642 1155 1797
31-45 432 707 1139
31-46 219 432 651
31-47 210 417 627
31-48 129 259 388
31-49 84 154 238
31-50 33 64 97
31-51 42 77 119
31-52 23 57 80
31-53 25 52 77
31-54 8 32 40
31-55 0 1 1
31-56 0 4 4
31-57 0 0 0
32-0 0 0 0
32-1 0 0 0
32-2 0 0 0
32-3 0 0 0
32-4 0 0 0
32-5 0 0 0
32-6 0 0 0
32-7 0 0 0
32-8 0 0 0
32-9 0 0 0
32-10 0 0 0
32-11 0 1 1
32-12 8 0 8
32-13 4 6 10
32-14 8 6 14
32-15 51 14 65
32-16 89 33 122
32-17 173 70 243
32-18 339 141 480
32-19 535 279 814
32-20 843 435 1278
32-21 1239 686 1925
32-22 1900 1095 2995
32-23 2703 1702 4405
32-24 3855 2509 6364
32-25 4686 3288 7974
32-26 5971 4429 10400
32-27 6995 5278 12273
32-28 8199 6619 14818
32-29 8591 7417 16008
32-30 8927 8228 17155
32-31 9171 8743 17914
32-32 9229 9128 18357
32-33 8749 9214 17963
32-34 8320 8857 17177
32-35 7455 8285 15740
32-36 6538 7930 14468
32-37 5071 6357 11428
32-38 4392 5704 10096
32-39 3557 4844 8401
32-40 2942 4151 7093
32-41 2333 3249 5582
32-42 1554 2247 3801
32-43 1241 1866 3107
32-44 827 1372 2199
32-45 534 947 1481
32-46 366 671 1037
32-47 264 453 717
32-48 148 287 435
32-49 95 190 285
32-50 40 72 112
32-51 37 98 135
32-52 22 41 63
32-53 33 39 72
32-54 4 9 13
32-55 4 6 10
32-56 4 19 23
32-57 1 1 2
33-0 0 0 0
33-1 0 0 0
33-2 0 0 0
33-3 0 0 0
33-4 0 0 0
33-5 0 0 0
33-6 0 0 0
33-7 0 0 0
33-8 0 0 0
33-9 0 0 0
33-10 1 0 1
33-11 2 1 3
33-12 3 1 4
33-13 7 0 7
33-14 9 3 12
33-15 31 12 43
33-16 35 12 47
33-17 136 53 189
33-18 262 101 363
33-19 468 188 656
33-20 785 364 1149
33-21 1097 603 1700
33-22 1655 962 2617
33-23 2514 1598 4112
33-24 3350 2161 5511
33-25 4206 2706 6912
33-26 5339 3833 9172
33-27 6466 4687 11153
33-28 7843 6151 13994
33-29 8579 6989 15568
33-30 8853 7772 16625
33-31 9048 8326 17374
33-32 9418 8869 18287
33-33 9178 9096 18274
33-34 8426 8647 17073
33-35 7631 8264 15895
33-36 6868 7777 14645
33-37 5429 6504 11933
33-38 4629 5648 10277
33-39 3614 4645 8259
33-40 3143 4178 7321
33-41 2323 3174 5497
33-42 1743 2531 4274
33-43 1311 1939 3250
33-44 867 1325 2192
33-45 614 963 1577
33-46 385 564 949
33-47 310 472 782
33-48 151 283 434
33-49 73 168 241
33-50 46 83 129
33-51 38 73 111
33-52 14 25 39
33-53 14 26 40
33-54 11 31 42
33-55 0 1 1
33-56 4 4 8
33-57 0 2 2
34-0 0 0 0
34-1 0 0 0
34-2 0 0 0
34-3 0 0 0
34-4 0 0 0
34-5 0 0 0
34-6 0 0 0
34-7 0 0 0
34-8 0 0 0
34-9 2 0 2
34-10 0 0 0
34-11 0 0 0
34-12 0 0 0
34-13 1 1 2
34-14 8 3 11
34-15 14 2 16
34-16 26 10 36
34-17 106 32 138
34-18 225 89 314
34-19 347 146 493
34-20 561 280 841
34-21 1039 507 1546
34-22 1515 778 2293
34-23 2116 1237 3353
34-24 2782 1847 4629
34-25 3849 2457 6306
34-26 4918 3182 8100
34-27 5895 4331 10226
34-28 6757 5210 11967
34-29 7935 6242 14177
34-30 8302 6925 15227
34-31 8517 7501 16018
34-32 8875 8090 16965
34-33 8642 8320 16962
34-34 8209 8126 16335
34-35 7561 7909 15470
34-36 6739 7580 14319
34-37 5890 6634 12524
34-38 4722 5714 10436
34-39 3881 4695 8576
34-40 3207 3979 7186
34-41 2627 3487 6114
34-42 1887 2478 4365
34-43 1310 1831 3141
34-44 982 1441 2423
34-45 620 933 1553
34-46 402 652 1054
34-47 277 502 779
34-48 168 289 457
34-49 135 221 356
34-50 68 108 176
34-51 55 92 147
34-52 29 47 76
34-53 19 49 68
34-54 9 22 31
34-55 0 1 1
34-56 0 1 1
34-57 9 12 21
35-0 0 0 0
35-1 0 0 0
35-2 0 0 0
35-3 0 0 0
35-4 0 0 0
35-5 0 0 0
35-6 0 0 0
35-7 0 0 0
35-8 0 0 0
35-9 0 0 0
35-10 1 0 1
35-11 2 3 5
35-12 2 1 3
35-13 0 0 0
35-14 3 2 5
35-15 8 3 11
35-16 13 7 20
35-17 56 32 88
35-18 103 47 150
35-19 264 118 382
35-20 530 243 773
35-21 775 370 1145
35-22 1125 627 1752
35-23 1618 914 2532
35-24 2598 1542 4140
35-25 3327 2011 5338
35-26 4071 2671 6742
35-27 4878 3409 8287
35-28 5927 4286 10213
35-29 6775 5222 11997
35-30 7587 6070 13657
35-31 7787 6371 14158
35-32 8310 7373 15683
35-33 8042 7354 15396
35-34 7912 7630 15542
35-35 7428 7466 14894
35-36 6558 6842 13400
35-37 5640 6231 11871
35-38 4968 5599 10567
35-39 4055 4878 8933
35-40 3259 3969 7228
35-41 2566 3210 5776
35-42 1926 2489 4415
35-43 1465 2011 3476
35-44 1043 1482 2525
35-45 700 1068 1768
35-46 491 725 1216
35-47 336 508 844
35-48 199 368 567
35-49 117 188 305
35-50 56 111 167
35-51 81 93 174
35-52 36 56 92
35-53 30 51 81
35-54 9 15 24
35-55 1 10 11
35-56 0 0 0
35-57 1 2 3
36-0 0 0 0
36-1 0 0 0
36-2 0 0 0
36-3 0 0 0
36-4 0 0 0
36-5 0 0 0
36-6 0 0 0
36-7 0 0 0
36-8 0 0 0
36-9 1 0 1
36-10 1 0 1
36-11 0 0 0
36-12 0 0 0
36-13 3 0 3
36-14 3 2 5
36-15 15 2 17
36-16 31 13 44
36-17 47 20 67
36-18 86 24 110
36-19 186 80 266
36-20 382 148 530
36-21 639 283 922
36-22 1035 483 1518
36-23 1419 730 2149
36-24 1953 1011 2964
36-25 2803 1592 4395
36-26 3476 2242 5718
36-27 4349 2801 7150
36-28 5312 3681 8993
36-29 5786 4346 10132
36-30 6392 4882 11274
36-31 7112 5657 12769
36-32 7736 6477 14213
36-33 7601 6764 14365
36-34 7356 6830 14186
36-35 6688 6562 13250
36-36 6310 6231 12541
36-37 5620 5811 11431
36-38 4991 5439 10430
36-39 4163 4596 8759
36-40 3269 3627 6896
36-41 2460 3060 5520
36-42 1828 2308 4136
36-43 1313 1778 3091
36-44 1004 1278 2282
36-45 781 1082 1863
36-46 491 767 1258
36-47 299 475 774
36-48 171 289 460
36-49 119 207 326
36-50 41 86 127
36-51 59 100 159
36-52 38 64 102
36-53 39 70 109
36-54 9 20 29
36-55 4 3 7
36-56 0 0 0
36-57 4 12 16
37-0 0 0 0
37-1 0 0 0
37-2 0 0 0
37-3 0 0 0
37-4 0 0 0
37-5 0 0 0
37-6 0 0 0
37-7 0 0 0
37-8 0 0 0
37-9 0 0 0
37-10 0 0 0
37-11 0 1 1
37-12 4 0 4
37-13 0 1 1
37-14 6 0 6
37-15 10 3 13
37-16 10 7 17
37-17 29 11 40
37-18 67 21 88
37-19 163 54 217
37-20 281 131 412
37-21 440 209 649
37-22 854 421 1275
37-23 1159 631 1790
37-24 1720 897 2617
37-25 2236 1246 3482
37-26 3000 1754 4754
37-27 3658 2193 5851
37-28 4366 2884 7250
37-29 5320 3636 8956
37-30 5813 4266 10079
37-31 6304 4842 11146
37-32 6893 5605 12498
37-33 6701 5779 12480
37-34 6684 5798 12482
37-35 6485 5920 12405
37-36 5702 5488 11190
37-37 4956 5002 9958
37-38 4527 4811 9338
37-39 3933 4131 8064
37-40 3338 3670 7008
37-41 2429 2814 5243
37-42 1957 2311 4268
37-43 1337 1741 3078
37-44 1047 1357 2404
37-45 748 1033 1781
37-46 544 733 1277
37-47 452 570 1022
37-48 254 351 605
37-49 119 192 311
37-50 56 79 135
37-51 61 84 145
37-52 45 65 110
37-53 26 57 83
37-54 18 19 37
37-55 4 4 8
37-56 1 0 1
37-57 0 0 0
38-0 0 0 0
38-1 0 0 0
38-2 0 0 0
38-3 0 0 0
38-4 0 0 0
38-5 0 0 0
38-6 0 0 0
38-7 0 0 0
38-8 0 0 0
38-9 0 0 0
38-10 0 0 0
38-11 0 0 0
38-12 0 0 0
38-13 0 0 0
38-14 3 2 5
38-15 1 1 2
38-16 12 4 16
38-17 27 7 34
38-18 36 14 50
38-19 111 45 156
38-20 229 90 319
38-21 323 141 464
38-22 578 244 822
38-23 938 474 1412
38-24 1329 661 1990
38-25 1613 892 2505
38-26 2421 1398 3819
38-27 2835 1786 4621
38-28 3612 2174 5786
38-29 4323 2952 7275
38-30 4586 3279 7865
38-31 5061 3829 8890
38-32 5771 4511 10282
38-33 5977 4754 10731
38-34 5779 5022 10801
38-35 6031 5170 11201
38-36 5255 5018 10273
38-37 4611 4591 9202
38-38 4049 4047 8096
38-39 3319 3529 6848
38-40 2681 2931 5612
38-41 2111 2313 4424
38-42 1673 1988 3661
38-43 1248 1421 2669
38-44 976 1172 2148
38-45 750 1003 1753
38-46 532 702 1234
38-47 359 517 876
38-48 237 358 595
38-49 116 175 291
38-50 62 104 166
38-51 34 58 92
38-52 18 28 46
38-53 19 14 33
38-54 2 5 7
38-55 1 1 2
38-56 0 0 0
38-57 0 0 0
39-0 0 0 0
39-1 0 0 0
39-2 0 0 0
39-3 0 0 0
39-4 0 0 0
39-5 0 0 0
39-6 0 0 0
39-7 0 0 0
39-8 0 0 0
39-9 0 0 0
39-10 0 0 0
39-11 0 0 0
39-12 0 0 0
39-13 0 0 0
39-14 3 0 3
39-15 5 4 9
39-16 7 2 9
39-17 17 8 25
39-18 23 7 30
39-19 76 29 105
39-20 178 74 252
39-21 242 85 327
39-22 432 186 618
39-23 611 323 934
39-24 989 450 1439
39-25 1286 611 1897
39-26 1848 972 2820
39-27 2240 1344 3584
39-28 3048 1840 4888
39-29 3836 2356 6192
39-30 3708 2591 6299
39-31 4282 3179 7461
39-32 5176 3794 8970
39-33 5247 3952 9199
39-34 5024 4128 9152
39-35 5020 4230 9250
39-36 4935 4344 9279
39-37 4506 4038 8544
39-38 3754 3871 7625
39-39 2976 2891 5867
39-40 2290 2411 4701
39-41 2021 2144 4165
39-42 1429 1630 3059
39-43 988 1108 2096
39-44 791 856 1647
39-45 627 702 1329
39-46 392 489 881
39-47 236 297 533
39-48 160 196 356
39-49 82 123 205
39-50 63 105 168
39-51 53 73 126
39-52 23 26 49
39-53 30 44 74
39-54 0 0 0
39-55 0 0 0
39-56 0 0 0
39-57 0 0 0
40-0 0 0 0
40-1 0 0 0
40-2 0 0 0
40-3 0 0 0
40-4 0 0 0
40-5 0 0 0
40-6 0 0 0
40-7 0 0 0
40-8 0 0 0
40-9 0 0 0
40-10 0 0 0
40-11 0 0 0
40-12 0 0 0
40-13 0 0 0
40-14 0 0 0
40-15 3 0 3
40-16 1 0 1
40-17 8 1 9
40-18 13 7 20
40-19 53 19 72
40-20 129 52 181
40-21 195 76 271
40-22 241 111 352
40-23 538 221 759
40-24 737 316 1053
40-25 983 540 1523
40-26 1297 688 1985
40-27 1667 895 2562
40-28 2295 1324 3619
40-29 2957 1882 4839
40-30 3190 2043 5233
40-31 3727 2375 6102
40-32 3951 2757 6708
40-33 4167 3033 7200
40-34 3919 3139 7058
40-35 4026 3366 7392
40-36 3838 3304 7142
40-37 3617 3311 6928
40-38 3193 3009 6202
40-39 2516 2449 4965
40-40 2188 2221 4409
40-41 1741 1739 3480
40-42 1256 1317 2573
40-43 998 1053 2051
40-44 771 888 1659
40-45 460 539 999
40-46 395 544 939
40-47 208 288 496
40-48 143 202 345
40-49 111 149 260
40-50 59 78 137
40-51 27 29 56
40-52 27 37 64
40-53 16 13 29
40-54 0 0 0
40-55 1 0 1
40-56 0 0 0
40-57 0 0 0
41-0 0 0 0
41-1 0 0 0
41-2 0 0 0
41-3 0 0 0
41-4 0 0 0
41-5 0 0 0
41-6 0 0 0
41-7 0 0 0
41-8 0 0 0
41-9 0 0 0
41-10 0 0 0
41-11 0 0 0
41-12 0 0 0
41-13 0 0 0
41-14 0 0 0
41-15 0 0 0
41-16 1 0 1
41-17 3 2 5
41-18 6 2 8
41-19 34 9 43
41-20 62 24 86
41-21 116 53 169
41-22 183 74 257
41-23 343 149 492
41-24 583 287 870
41-25 853 392 1245
41-26 1167 604 1771
41-27 1378 777 2155
41-28 1803 1017 2820
41-29 1960 1205 3165
41-30 2285 1476 3761
41-31 2776 2012 4788
41-32 2955 2002 4957
41-33 3196 2262 5458
41-34 3366 2496 5862
41-35 3239 2576 5815
41-36 3151 2625 5776
41-37 3006 2650 5656
41-38 2759 2486 5245
41-39 2065 1947 4012
41-40 1734 1664 3398
41-41 1342 1337 2679
41-42 1268 1260 2528
41-43 828 914 1742
41-44 569 667 1236
41-45 364 382 746
41-46 312 362 674
41-47 178 229 407
41-48 116 136 252
41-49 122 159 281
41-50 35 72 107
41-51 40 49 89
41-52 36 53 89
41-53 17 30 47
41-54 0 0 0
41-55 0 0 0
41-56 0 0 0
41-57 0 0 0
42-0 0 0 0
42-1 0 0 0
42-2 0 0 0
42-3 0 0 0
42-4 0 0 0
42-5 0 0 0
42-6 0 0 0
42-7 0 0 0
42-8 0 0 0
42-9 0 0 0
42-10 0 0 0
42-11 0 0 0
42-12 0 0 0
42-13 0 0 0
42-14 0 0 0
42-15 0 0 0
42-16 0 0 0
42-17 3 0 3
42-18 6 1 7
42-19 6 4 10
42-20 36 12 48
42-21 76 26 102
42-22 178 71 249
42-23 296 116 412
42-24 403 194 597
42-25 514 252 766
42-26 677 343 1020
42-27 1041 605 1646
42-28 1252 680 1932
42-29 1548 899 2447
42-30 1736 1105 2841
42-31 2271 1442 3713
42-32 2475 1633 4108
42-33 2443 1796 4239
42-34 2485 1816 4301
42-35 2490 1884 4374
42-36 2449 2005 4454
42-37 2259 1866 4125
42-38 2215 1823 4038
42-39 1788 1565 3353
42-40 1482 1412 2894
42-41 1141 1086 2227
42-42 944 891 1835
42-43 662 693 1355
42-44 513 558 1071
42-45 316 360 676
42-46 240 309 549
42-47 155 183 338
42-48 101 143 244
42-49 97 104 201
42-50 27 28 55
42-51 43 47 90
42-52 16 34 50
42-53 17 20 37
42-54 0 0 0
42-55 2 1 3
42-56 0 0 0
42-57 1 3 4
43-0 0 0 0
43-1 0 0 0
43-2 0 0 0
43-3 0 0 0
43-4 0 0 0
43-5 0 0 0
43-6 0 0 0
43-7 0 0 0
43-8 0 0 0
43-9 0 0 0
43-10 0 0 0
43-11 0 0 0
43-12 0 0 0
43-13 0 0 0
43-14 0 0 0
43-15 0 0 0
43-16 1 0 1
43-17 0 0 0
43-18 4 1 5
43-19 8 1 9
43-20 12 4 16
43-21 44 19 63
43-22 82 30 112
43-23 136 47 183
43-24 229 85 314
43-25 283 150 433
43-26 519 249 768
43-27 736 394 1130
43-28 922 491 1413
43-29 1108 656 1764
43-30 1356 742 2098
43-31 1637 1016 2653
43-32 1670 1180 2850
43-33 1884 1314 3198
43-34 1990 1435 3425
43-35 2015 1462 3477
43-36 2051 1547 3598
43-37 1792 1389 3181
43-38 1627 1314 2941
43-39 1445 1226 2671
43-40 1247 1154 2401
43-41 790 749 1539
43-42 721 699 1420
43-43 611 639 1250
43-44 398 397 795
43-45 347 338 685
43-46 198 195 393
43-47 133 143 276
43-48 52 77 129
43-49 45 59 104
43-50 18 8 26
43-51 17 16 33
43-52 6 12 18
43-53 18 22 40
43-54 0 0 0
43-55 0 0 0
43-56 0 0 0
43-57 0 0 0
44-0 0 0 0
44-1 0 0 0
44-2 0 0 0
44-3 0 0 0
44-4 0 0 0
44-5 0 0 0
44-6 0 0 0
44-7 0 0 0
44-8 0 0 0
44-9 0 0 0
44-10 0 0 0
44-11 0 0 0
44-12 0 0 0
44-13 0 0 0
44-14 0 0 0
44-15 0 0 0
44-16 0 0 0
44-17 1 0 1
44-18 1 0 1
44-19 7 3 10
44-20 8 5 13
44-21 37 10 47
44-22 62 12 74
44-23 110 47 157
44-24 179 79 258
44-25 263 110 373
44-26 319 134 453
44-27 481 227 708
44-28 674 397 1071
44-29 851 461 1312
44-30 1041 565 1606
44-31 1190 694 1884
44-32 1246 820 2066
44-33 1390 947 2337
44-34 1508 1024 2532
44-35 1374 989 2363
44-36 1458 1169 2627
44-37 1141 934 2075
44-38 1208 948 2156
44-39 978 751 1729
44-40 922 790 1712
44-41 705 603 1308
44-42 544 535 1079
44-43 416 447 863
44-44 240 265 505
44-45 241 231 472
44-46 124 129 253
44-47 94 128 222
44-48 79 71 150
44-49 50 58 108
44-50 8 10 18
44-51 16 15 31
44-52 14 23 37
44-53 18 25 43
44-54 0 0 0
44-55 0 0 0
44-56 0 0 0
44-57 0 0 0
45-0 0 0 0
45-1 0 0 0
45-2 0 0 0
45-3 0 0 0
45-4 0 0 0
45-5 0 0 0
45-6 0 0 0
45-7 0 0 0
45-8 0 0 0
45-9 0 0 0
45-10 0 0 0
45-11 0 0 0
45-12 0 0 0
45-13 0 0 0
45-14 0 0 0
45-15 0 0 0
45-16 1 1 2
45-17 0 0 0
45-18 2 0 2
45-19 9 1 10
45-20 6 4 10
45-21 20 9 29
45-22 25 9 34
45-23 60 25 85
45-24 94 39 133
45-25 126 56 182
45-26 270 130 400
45-27 308 138 446
45-28 417 194 611
45-29 601 289 890
45-30 637 334 971
45-31 960 566 1526
45-32 853 486 1339
45-33 1011 617 1628
45-34 1027 686 1713
45-35 1076 738 1814
45-36 1079 737 1816
45-37 932 681 1613
45-38 765 658 1423
45-39 903 737 1640
45-40 748 667 1415
45-41 461 432 893
45-42 353 323 676
45-43 271 229 500
45-44 250 237 487
45-45 134 138 272
45-46 129 132 261
45-47 75 83 158
45-48 49 54 103
45-49 7 13 20
45-50 12 12 24
45-51 15 17 32
45-52 12 10 22
45-53 0 2 2
45-54 0 0 0
45-55 0 0 0
45-56 0 0 0
45-57 0 0 0
46-0 0 0 0
46-1 0 0 0
46-2 0 0 0
46-3 0 0 0
46-4 0 0 0
46-5 0 0 0
46-6 0 0 0
46-7 0 0 0
46-8 0 0 0
46-9 0 0 0
46-10 0 0 0
46-11 0 0 0
46-12 0 0 0
46-13 0 0 0
46-14 0 0 0
46-15 0 0 0
46-16 0 1 1
46-17 0 0 0
46-18 0 0 0
46-19 6 1 7
46-20 6 4 10
46-21 19 7 26
46-22 24 11 35
46-23 73 20 93
46-24 54 27 81
46-25 84 30 114
46-26 144 51 195
46-27 274 137 411
46-28 294 145 439
46-29 315 169 484
46-30 400 239 639
46-31 652 382 1034
46-32 729 364 1093
46-33 699 472 1171
46-34 826 501 1327
46-35 837 557 1394
46-36 831 561 1392
46-37 777 571 1348
46-38 743 575 1318
46-39 619 465 1084
46-40 513 404 917
46-41 321 282 603
46-42 271 262 533
46-43 246 220 466
46-44 171 195 366
46-45 107 98 205
46-46 117 109 226
46-47 72 64 136
46-48 30 39 69
46-49 11 14 25
46-50 7 10 17
46-51 5 2 7
46-52 4 3 7
46-53 2 0 2
46-54 0 0 0
46-55 0 0 0
46-56 0 0 0
46-57 0 0 0
47-0 0 0 0
47-1 0 0 0
47-2 0 0 0
47-3 0 0 0
47-4 0 0 0
47-5 0 0 0
47-6 0 0 0
47-7 0 0 0
47-8 0 0 0
47-9 0 0 0
47-10 0 0 0
47-11 0 0 0
47-12 0 0 0
47-13 0 0 0
47-14 0 0 0
47-15 0 0 0
47-16 0 0 0
47-17 0 0 0
47-18 1 0 1
47-19 1 0 1
47-20 8 1 9
47-21 9 4 13
47-22 13 6 19
47-23 45 16 61
47-24 89 30 119
47-25 55 33 88
47-26 119 49 168
47-27 181 76 257
47-28 177 93 270
47-29 250 122 372
47-30 368 167 535
47-31 438 261 699
47-32 448 269 717
47-33 518 283 801
47-34 508 310 818
47-35 670 393 1063
47-36 517 352 869
47-37 470 307 777
47-38 388 308 696
47-39 371 288 659
47-40 316 250 566
47-41 185 164 349
47-42 189 167 356
47-43 190 167 357
47-44 97 86 183
47-45 83 76 159
47-46 32 30 62
47-47 57 49 106
47-48 68 59 127
47-49 34 32 66
47-50 14 14 28
47-51 14 15 29
47-52 5 7 12
47-53 0 0 0
47-54 0 0 0
47-55 0 0 0
47-56 0 0 0
47-57 0 0 0
48-0 0 0 0
48-1 0 0 0
48-2 0 0 0
48-3 0 0 0
48-4 0 0 0
48-5 0 0 0
48-6 0 0 0
48-7 0 0 0
48-8 0 0 0
48-9 0 0 0
48-10 0 0 0
48-11 0 0 0
48-12 0 0 0
48-13 0 0 0
48-14 0 0 0
48-15 0 0 0
48-16 0 0 0
48-17 0 0 0
48-18 0 0 0
48-19 0 0 0
48-20 1 1 2
48-21 2 2 4
48-22 8 1 9
48-23 21 6 27
48-24 28 10 38
48-25 57 26 83
48-26 78 30 108
48-27 89 44 133
48-28 102 40 142
48-29 113 85 198
48-30 215 143 358
48-31 274 143 417
48-32 283 136 419
48-33 276 161 437
48-34 334 196 530
48-35 286 177 463
48-36 291 197 488
48-37 312 205 517
48-38 248 185 433
48-39 268 210 478
48-40 221 151 372
48-41 233 196 429
48-42 156 103 259
48-43 137 122 259
48-44 130 124 254
48-45 37 38 75
48-46 35 29 64
48-47 13 16 29
48-48 17 13 30
48-49 18 20 38
48-50 10 11 21
48-51 0 0 0
48-52 3 0 3
48-53 2 3 5
48-54 6 3 9
48-55 0 0 0
48-56 0 0 0
48-57 0 0 0
49-0 0 0 0
49-1 0 0 0
49-2 0 0 0
49-3 0 0 0
49-4 0 0 0
49-5 0 0 0
49-6 0 0 0
49-7 0 0 0
49-8 0 0 0
49-9 0 0 0
49-10 0 0 0
49-11 0 0 0
49-12 0 0 0
49-13 0 0 0
49-14 0 0 0
49-15 0 0 0
49-16 0 0 0
49-17 0 0 0
49-18 0 0 0
49-19 0 0 0
49-20 3 1 4
49-21 7 2 9
49-22 12 4 16
49-23 12 11 23
49-24 30 9 39
49-25 33 7 40
49-26 71 26 97
49-27 76 46 122
49-28 75 37 112
49-29 159 56 215
49-30 184 61 245
49-31 149 75 224
49-32 150 76 226
49-33 125 60 185
49-34 208 118 326
49-35 234 148 382
49-36 158 109 267
49-37 234 162 396
49-38 179 124 303
49-39 166 125 291
49-40 172 148 320
49-41 159 111 270
49-42 125 106 231
49-43 73 51 124
49-44 65 59 124
49-45 23 19 42
49-46 9 3 12
49-47 4 3 7
49-48 1 2 3
49-49 1 3 4
49-50 4 4 8
49-51 10 11 21
49-52 0 1 1
49-53 1 1 2
49-54 1 1 2
49-55 0 0 0
49-56 0 0 0
49-57 0 0 0
50-0 0 0 0
50-1 0 0 0
50-2 0 0 0
50-3 0 0 0
50-4 0 0 0
50-5 0 0 0
50-6 0 0 0
50-7 0 0 0
50-8 0 0 0
50-9 0 0 0
50-10 0 0 0
50-11 0 0 0
50-12 0 0 0
50-13 0 0 0
50-14 0 0 0
50-15 0 0 0
50-16 0 0 0
50-17 0 0 0
50-18 0 0 0
50-19 0 0 0
50-20 0 0 0
50-21 1 0 1
50-22 3 1 4
50-23 12 5 17
50-24 14 3 17
50-25 39 11 50
50-26 19 8 27
50-27 72 23 95
50-28 77 33 110
50-29 82 35 117
50-30 94 46 140
50-31 101 60 161
50-32 137 77 214
50-33 100 54 154
50-34 124 59 183
50-35 115 60 175
50-36 120 82 202
50-37 126 94 220
50-38 130 85 215
50-39 89 67 156
50-40 102 67 169
50-41 101 68 169
50-42 63 40 103
50-43 42 47 89
50-44 34 25 59
50-45 6 9 15
50-46 4 4 8
50-47 2 3 5
50-48 1 1 2
50-49 0 0 0
50-50 0 0 0
50-51 0 0 0
50-52 0 0 0
50-53 5 3 8
50-54 8 2 10
50-55 0 0 0
50-56 0 0 0
50-57 0 0 0
51-0 0 0 0
51-1 0 0 0
51-2 0 0 0
51-3 0 0 0
51-4 0 0 0
51-5 0 0 0
51-6 0 0 0
51-7 0 0 0
51-8 0 0 0
51-9 0 0 0
51-10 0 0 0
51-11 0 0 0
51-12 0 0 0
51-13 0 0 0
51-14 0 0 0
51-15 0 0 0
51-16 0 0 0
51-17 0 0 0
51-18 0 0 0
51-19 0 0 0
51-20 1 0 1
51-21 0 0 0
51-22 0 0 0
51-23 1 1 2
51-24 0 1 1
51-25 3 2 5
51-26 5 3 8
51-27 29 9 38
51-28 53 13 66
51-29 77 26 103
51-30 86 37 123
51-31 40 27 67
51-32 75 46 121
51-33 86 39 125
51-34 112 51 163
51-35 89 73 162
51-36 86 51 137
51-37 97 59 156
51-38 96 51 147
51-39 67 45 112
51-40 115 83 198
51-41 68 46 114
51-42 49 48 97
51-43 46 31 77
51-44 34 33 67
51-45 5 3 8
51-46 4 5 9
51-47 19 15 34
51-48 6 8 14
51-49 1 3 4
51-50 0 0 0
51-51 0 0 0
51-52 0 0 0
51-53 0 0 0
51-54 23 31 54
51-55 0 0 0
51-56 0 0 0
51-57 0 0 0
52-0 0 0 0
52-1 0 0 0
52-2 0 0 0
52-3 0 0 0
52-4 0 0 0
52-5 0 0 0
52-6 0 0 0
52-7 0 0 0
52-8 0 0 0
52-9 0 0 0
52-10 0 0 0
52-11 0 0 0
52-12 0 0 0
52-13 0 0 0
52-14 0 0 0
52-15 0 0 0
52-16 0 0 0
52-17 0 0 0
52-18 0 0 0
52-19 3 1 4
52-20 4 0 4
52-21 19 4 23
52-22 3 1 4
52-23 0 0 0
52-24 2 3 5
52-25 1 2 3
52-26 0 0 0
52-27 11 3 14
52-28 15 7 22
52-29 26 11 37
52-30 9 9 18
52-31 22 6 28
52-32 70 34 104
52-33 62 28 90
52-34 41 30 71
52-35 46 24 70
52-36 19 19 38
52-37 34 15 49
52-38 58 35 93
52-39 53 35 88
52-40 28 20 48
52-41 28 27 55
52-42 27 22 49
52-43 30 22 52
52-44 16 13 29
52-45 9 11 20
52-46 15 10 25
52-47 31 28 59
52-48 13 16 29
52-49 2 3 5
52-50 0 0 0
52-51 0 0 0
52-52 0 0 0
52-53 0 0 0
52-54 0 0 0
52-55 0 0 0
52-56 0 0 0
52-57 0 0 0
53-0 0 0 0
53-1 0 0 0
53-2 0 0 0
53-3 0 0 0
53-4 0 0 0
53-5 0 0 0
53-6 0 0 0
53-7 0 0 0
53-8 0 0 0
53-9 0 0 0
53-10 0 0 0
53-11 0 0 0
53-12 0 0 0
53-13 0 0 0
53-14 0 0 0
53-15 0 0 0
53-16 0 0 0
53-17 0 0 0
53-18 0 0 0
53-19 0 0 0
53-20 0 0 0
53-21 0 0 0
53-22 0 0 0
53-23 1 0 1
53-24 1 0 1
53-25 6 2 8
53-26 17 3 20
53-27 7 1 8
53-28 13 2 15
53-29 14 7 21
53-30 16 2 18
53-31 11 7 18
53-32 46 25 71
53-33 40 20 60
53-34 13 7 20
53-35 13 13 26
53-36 22 10 32
53-37 42 20 62
53-38 56 31 87
53-39 7 5 12
53-40 56 46 102
53-41 13 10 23
53-42 31 17 48
53-43 16 12 28
53-44 0 0 0
53-45 0 0 0
53-46 0 0 0
53-47 0 0 0
53-48 16 14 30
53-49 0 0 0
53-50 0 0 0
53-51 0 0 0
53-52 0 0 0
53-53 0 0 0
53-54 0 0 0
53-55 0 0 0
53-56 0 0 0
53-57 0 0 0
54-0 0 0 0
54-1 0 0 0
54-2 0 0 0
54-3 0 0 0
54-4 0 0 0
54-5 0 0 0
54-6 0 0 0
54-7 0 0 0
54-8 0 0 0
54-9 0 0 0
54-10 0 0 0
54-11 0 0 0
54-12 0 0 0
54-13 0 0 0
54-14 0 0 0
54-15 0 0 0
54-16 0 0 0
54-17 0 0 0
54-18 0 0 0
54-19 0 0 0
54-20 0 0 0
54-21 0 0 0
54-22 0 0 0
54-23 0 0 0
54-24 0 0 0
54-25 0 0 0
54-26 0 0 0
54-27 2 0 2
54-28 5 0 5
54-29 6 4 10
54-30 22 11 33
54-31 4 0 4
54-32 6 1 7
54-33 6 5 11
54-34 6 2 8
54-35 8 4 12
54-36 5 5 10
54-37 6 1 7
54-38 0 0 0
54-39 2 3 5
54-40 4 3 7
54-41 10 7 17
54-42 32 19 51
54-43 10 7 17
54-44 0 0 0
54-45 0 0 0
54-46 0 0 0
54-47 0 0 0
54-48 0 0 0
54-49 0 0 0
54-50 0 0 0
54-51 0 0 0
54-52 0 0 0
54-53 0 0 0
54-54 0 0 0
54-55 0 0 0
54-56 0 0 0
54-57 0 0 0
55-0 0 0 0
55-1 0 0 0
55-2 0 0 0
55-3 0 0 0
55-4 0 0 0
55-5 0 0 0
55-6 0 0 0
55-7 0 0 0
55-8 0 0 0
55-9 0 0 0
55-10 0 0 0
55-11 0 0 0
55-12 0 0 0
55-13 0 0 0
55-14 0 0 0
55-15 0 0 0
55-16 0 0 0
55-17 0 0 0
55-18 0 0 0
55-19 0 0 0
55-20 0 0 0
55-21 0 0 0
55-22 0 0 0
55-23 0 0 0
55-24 0 0 0
55-25 0 0 0
55-26 0 0 0
55-27 0 0 0
55-28 0 0 0
55-29 0 0 0
55-30 0 0 0
55-31 0 0 0
55-32 4 1 5
55-33 0 0 0
55-34 1 1 2
55-35 2 0 2
55-36 4 6 10
55-37 0 0 0
55-38 0 0 0
55-39 1 1 2
55-40 0 0 0
55-41 16 5 21
55-42 12 5 17
55-43 0 0 0
55-44 0 0 0
55-45 0 0 0
55-46 0 0 0
55-47 0 0 0
55-48 0 0 0
55-49 0 0 0
55-50 0 0 0
55-51 0 0 0
55-52 0 0 0
55-53 0 0 0
55-54 0 0 0
55-55 0 0 0
55-56 0 0 0
55-57 0 0 0
56-0 0 0 0
56-1 0 0 0
56-2 0 0 0
56-3 0 0 0
56-4 0 0 0
56-5 0 0 0
56-6 0 0 0
56-7 0 0 0
56-8 0 0 0
56-9 0 0 0
56-10 0 0 0
56-11 0 0 0
56-12 0 0 0
56-13 0 0 0
56-14 0 0 0
56-15 0 0 0
56-16 0 0 0
56-17 0 0 0
56-18 0 0 0
56-19 0 0 0
56-20 0 0 0
56-21 0 0 0
56-22 0 0 0
56-23 0 0 0
56-24 0 0 0
56-25 0 0 0
56-26 0 0 0
56-27 0 0 0
56-28 0 0 0
56-29 0 0 0
56-30 0 0 0
56-31 0 1 1
56-32 0 1 1
56-33 0 0 0
56-34 0 0 0
56-35 2 1 3
56-36 5 3 8
56-37 7 4 11
56-38 2 1 3
56-39 1 1 2
56-40 0 0 0
56-41 0 0 0
56-42 0 0 0
56-43 0 0 0
56-44 0 0 0
56-45 0 0 0
56-46 0 0 0
56-47 0 0 0
56-48 0 0 0
56-49 0 0 0
56-50 0 0 0
56-51 0 0 0
56-52 0 0 0
56-53 0 0 0
56-54 0 0 0
56-55 0 0 0
56-56 0 0 0
56-57 0 0 0
