0-0 0 0 0
0-1 0 185816 185816
0-2 0 27430 27430
0-3 0 29929 29929
0-4 0 37011 37011
0-5 0 42951 42951
0-6 0 15496 15496
0-7 0 3790 3790
0-8 0 748 748
0-9 0 94 94
0-10 0 13 13
1-0 183729 0 183729
1-1 3023 3929 6952
1-2 396 1161 1557
1-3 625 1974 2599
1-4 947 4689 5636
1-5 2468 17572 20040
1-6 2399 22515 24914
1-7 1238 14591 15829
1-8 283 4171 4454
1-9 26 596 622
1-10 3 55 58
2-0 13368 0 13368
2-1 900 385 1285
2-2 1669 1652 3321
2-3 2732 4075 6807
2-4 4185 9007 13192
2-5 9988 30879 40867
2-6 11028 41445 52473
2-7 6732 29806 36538
2-8 1780 9302 11082
2-9 210 1409 1619
2-10 9 87 96
3-0 901 0 901
3-1 1980 636 2616
3-2 4172 2618 6790
3-3 6406 6215 12621
3-4 9124 11971 21095
3-5 19306 35516 54822
3-6 22523 47394 69917
3-7 15423 36142 51565
3-8 4290 11651 15941
3-9 602 1801 2403
3-10 34 127 161
4-0 2160 0 2160
4-1 4178 941 5119
4-2 8468 4126 12594
4-3 11460 8703 20163
4-4 13656 13512 27168
4-5 24551 32214 56765
4-6 28593 40385 68978
4-7 20613 30817 51430
4-8 5772 10255 16027
4-9 797 1600 2397
4-10 51 114 165
5-0 29809 0 29809
5-1 12575 1669 14244
5-2 24135 7331 31466
5-3 28983 15297 44280
5-4 27808 21071 48879
5-5 34120 33237 67357
5-6 32079 30937 63016
5-7 23015 22792 45807
5-8 6607 7686 14293
5-9 850 1129 1979
5-10 67 103 170
6-0 86446 0 86446
6-1 11267 1024 12291
6-2 21694 5347 27041
6-3 27228 11822 39050
6-4 23510 15259 38769
6-5 20571 18616 39187
6-6 10658 9272 19930
6-7 6598 4778 11376
6-8 1931 1749 3680
6-9 259 212 471
6-10 27 21 48
7-0 92632 0 92632
7-1 4852 368 5220
7-2 10290 2135 12425
7-3 12641 5083 17724
7-4 11140 6911 18051
7-5 8527 7975 16502
7-6 2341 2564 4905
7-7 500 338 838
7-8 105 66 171
7-9 14 10 24
7-10 0 1 1
8-0 34214 0 34214
8-1 1194 80 1274
8-2 2409 466 2875
8-3 3090 1050 4140
8-4 2688 1438 4126
8-5 2150 1736 3886
8-6 472 552 1024
8-7 28 31 59
8-8 4 3 7
8-9 1 1 2
8-10 0 0 0
9-0 5331 0 5331
9-1 121 6 127
9-2 332 46 378
9-3 395 100 495
9-4 298 154 452
9-5 228 162 390
9-6 56 48 104
9-7 2 2 4
9-8 0 0 0
9-9 0 0 0
9-10 0 0 0
10-0 489 0 489
10-1 7 0 7
10-2 26 6 32
10-3 20 7 27
10-4 19 11 30
10-5 30 14 44
10-6 2 2 4
10-7 0 0 0
10-8 0 0 0
10-9 0 0 0
10-10 0 0 0
