0-0 0 0 0 0
0-1 0 565321 0 565321
0-2 0 249901 0 249901
0-3 0 52717 0 52717
0-4 0 6636 0 6636
0-5 0 608 0 608
0-6 0 34 0 34
1-0 565945 0 565945 0
1-1 174024 174189 174024 174189
1-2 36415 102247 36415 102247
1-3 4384 21997 4384 21997
1-4 416 2832 416 2832
1-5 36 303 36 303
1-6 2 21 2 21
2-0 248777 0 248777 0
2-1 102044 36266 102044 36266
2-2 22584 22547 22584 22547
2-3 2841 4983 2841 4983
2-4 218 546 218 546
2-5 20 49 20 49
2-6 0 0 0 0
3-0 53025 0 53025 0
3-1 22550 4564 22550 4564
3-2 4931 2829 4931 2829
3-3 556 575 556 575
3-4 57 77 57 77
3-5 1 5 1 5
3-6 0 0 0 0
4-0 6621 0 6621 0
4-1 2880 383 2880 383
4-2 602 258 602 258
4-3 76 49 76 49
4-4 10 7 10 7
4-5 0 0 0 0
4-6 0 0 0 0
5-0 615 0 615 0
5-1 249 25 249 25
5-2 69 20 69 20
5-3 4 3 4 3
5-4 0 0 0 0
5-5 0 0 0 0
5-6 0 0 0 0
