0-0 0 0 0
0-1 0 727687 727687
0-2 0 344237 344237
0-3 0 73686 73686
0-4 0 9333 9333
0-5 0 768 768
0-6 0 57 57
1-0 726813 0 726813
1-1 43594 43837 87431
1-2 9075 25620 34695
1-3 1153 5495 6648
1-4 103 735 838
1-5 10 62 72
1-6 1 5 6
2-0 345609 0 345609
2-1 25802 9211 35013
2-2 5648 5664 11312
2-3 675 1205 1880
2-4 64 171 235
2-5 5 13 18
2-6 0 0 0
3-0 73350 0 73350
3-1 5557 1097 6654
3-2 1214 732 1946
3-3 191 172 363
3-4 12 23 35
3-5 0 1 1
3-6 0 0 0
4-0 9250 0 9250
4-1 678 87 765
4-2 133 57 190
4-3 30 23 53
4-4 7 5 12
4-5 0 0 0
4-6 0 0 0
5-0 888 0 888
5-1 59 7 66
5-2 17 3 20
5-3 1 0 1
5-4 0 0 0
5-5 0 0 0
5-6 0 0 0
6-0 47 0 47
6-1 8 1 9
6-2 0 0 0
6-3 0 0 0
6-4 0 0 0
6-5 0 0 0
6-6 0 0 0
